#
# There is insufficient memory for the Java Runtime Environment to continue.
# Native memory allocation (malloc) failed to allocate 1093616 bytes for Chunk::new
# Possible reasons:
#   The system is out of physical RAM or swap space
#   The process is running with CompressedOops enabled, and the Java Heap may be blocking the growth of the native heap
# Possible solutions:
#   Reduce memory load on the system
#   Increase physical memory or swap space
#   Check if swap backing store is full
#   Decrease Java heap size (-Xmx/-Xms)
#   Decrease number of Java threads
#
#  --add-opens=java.prefs/java.util.prefs=ALL-UNNAMED --add-opens=java.base/java.nio.charset=ALL-UNNAMED --add-opens=java.base/java.net=ALL-UNNAMED --add-opens=java.base/java.util.concurrent.atomic=ALL-UNNAMED -Xmx2048m -Dfile.encoding=UTF-8 -Duser.country=IN -Duser.language=en -Duser.variant org.gradle.launcher.daemon.bootstrap.GradleDaemon 7.4

Host: AMD A6-7310 APU with AMD Radeon R4 Graphics    , 4 cores, 6G,  Windows 10 , 64 bit Build 19041 (10.0.19041.1889)
Time: Sun Oct  9 10:27:09 2022 India Standard Time elapsed time: 28.405180 seconds (0d 0h 0m 28s)

---------------  T H R E A D  ---------------

Current thread (0x000002c5b180b800):  JavaThread "C2 CompilerThread0" daemon [_thread_in_native, id=11624, stack(0x000000e215400000,0x000000e215500000)]


Current CompileTask:
C2:  28405 3767       4       java.lang.ClassLoader::defineClass (43 bytes)

Stack: [0x000000e215400000,0x000000e215500000]
Native frames: (J=compiled Java code, j=interpreted, Vv=VM code, C=native code)
V  [jvm.dll+0x6100fa]
V  [jvm.dll+0x747090]
V  [jvm.dll+0x7486ad]
V  [jvm.dll+0x748d83]
V  [jvm.dll+0x24ab48]
V  [jvm.dll+0xc04dc]
V  [jvm.dll+0xc0a0c]
V  [jvm.dll+0x35eb5b]
V  [jvm.dll+0x32b833]
V  [jvm.dll+0x32ad2a]
V  [jvm.dll+0x2032b2]
V  [jvm.dll+0x202437]
V  [jvm.dll+0x188e01]
V  [jvm.dll+0x21106b]
V  [jvm.dll+0x20f8c1]
V  [jvm.dll+0x70de0f]
V  [jvm.dll+0x706a75]
V  [jvm.dll+0x60ed66]
C  [ucrtbase.dll+0x21bb2]
C  [KERNEL32.DLL+0x17034]
C  [ntdll.dll+0x526a1]


---------------  P R O C E S S  ---------------

Threads class SMR info:
_java_thread_list=0x000002c5b748cfa0, length=34, elements={
0x000002c595c5e800, 0x000002c5b17e7800, 0x000002c5b17eb000, 0x000002c5b1806000,
0x000002c5b1809000, 0x000002c5b1809800, 0x000002c5b180b800, 0x000002c5b180d800,
0x000002c5b1816800, 0x000002c5b22bc800, 0x000002c5b4cbd000, 0x000002c5b39df000,
0x000002c5b4306000, 0x000002c5b2535000, 0x000002c5b3a24800, 0x000002c5b42f3800,
0x000002c5b5401800, 0x000002c5b50ee000, 0x000002c5b3b57000, 0x000002c5b31d9000,
0x000002c5b498f000, 0x000002c5b498d800, 0x000002c5b498a000, 0x000002c5b4990000,
0x000002c5b498e000, 0x000002c5b4990800, 0x000002c5b498b000, 0x000002c5b498b800,
0x000002c5b498c800, 0x000002c5b5b6c800, 0x000002c5b5b6d800, 0x000002c5b5b68800,
0x000002c5b5b6b800, 0x000002c5b5b67800
}

Java Threads: ( => current thread )
  0x000002c595c5e800 JavaThread "main" [_thread_blocked, id=9848, stack(0x000000e214800000,0x000000e214900000)]
  0x000002c5b17e7800 JavaThread "Reference Handler" daemon [_thread_blocked, id=3052, stack(0x000000e214f00000,0x000000e215000000)]
  0x000002c5b17eb000 JavaThread "Finalizer" daemon [_thread_blocked, id=11796, stack(0x000000e215000000,0x000000e215100000)]
  0x000002c5b1806000 JavaThread "Signal Dispatcher" daemon [_thread_blocked, id=8836, stack(0x000000e215100000,0x000000e215200000)]
  0x000002c5b1809000 JavaThread "Attach Listener" daemon [_thread_blocked, id=6512, stack(0x000000e215200000,0x000000e215300000)]
  0x000002c5b1809800 JavaThread "Service Thread" daemon [_thread_blocked, id=7792, stack(0x000000e215300000,0x000000e215400000)]
=>0x000002c5b180b800 JavaThread "C2 CompilerThread0" daemon [_thread_in_native, id=11624, stack(0x000000e215400000,0x000000e215500000)]
  0x000002c5b180d800 JavaThread "C1 CompilerThread0" daemon [_thread_blocked, id=12088, stack(0x000000e215500000,0x000000e215600000)]
  0x000002c5b1816800 JavaThread "Sweeper thread" daemon [_thread_blocked, id=1736, stack(0x000000e215600000,0x000000e215700000)]
  0x000002c5b22bc800 JavaThread "Common-Cleaner" daemon [_thread_blocked, id=11828, stack(0x000000e215700000,0x000000e215800000)]
  0x000002c5b4cbd000 JavaThread "Daemon health stats" [_thread_blocked, id=11428, stack(0x000000e215b00000,0x000000e215c00000)]
  0x000002c5b39df000 JavaThread "Incoming local TCP Connector on port 54554" [_thread_in_native, id=11792, stack(0x000000e215a00000,0x000000e215b00000)]
  0x000002c5b4306000 JavaThread "Daemon periodic checks" [_thread_blocked, id=8800, stack(0x000000e215c00000,0x000000e215d00000)]
  0x000002c5b2535000 JavaThread "Daemon" [_thread_blocked, id=2696, stack(0x000000e215d00000,0x000000e215e00000)]
  0x000002c5b3a24800 JavaThread "Handler for socket connection from /127.0.0.1:54554 to /127.0.0.1:54555" [_thread_in_native, id=10632, stack(0x000000e215e00000,0x000000e215f00000)]
  0x000002c5b42f3800 JavaThread "Cancel handler" [_thread_blocked, id=9852, stack(0x000000e215f00000,0x000000e216000000)]
  0x000002c5b5401800 JavaThread "Daemon worker" [_thread_in_vm, id=12092, stack(0x000000e216000000,0x000000e216100000)]
  0x000002c5b50ee000 JavaThread "Asynchronous log dispatcher for DefaultDaemonConnection: socket connection from /127.0.0.1:54554 to /127.0.0.1:54555" [_thread_blocked, id=956, stack(0x000000e216100000,0x000000e216200000)]
  0x000002c5b3b57000 JavaThread "Stdin handler" [_thread_blocked, id=11756, stack(0x000000e216200000,0x000000e216300000)]
  0x000002c5b31d9000 JavaThread "Daemon client event forwarder" [_thread_in_Java, id=7296, stack(0x000000e216500000,0x000000e216600000)]
  0x000002c5b498f000 JavaThread "Cache worker for journal cache (C:\Users\acer\.gradle\caches\journal-1)" [_thread_blocked, id=1016, stack(0x000000e216600000,0x000000e216700000)]
  0x000002c5b498d800 JavaThread "File lock request listener" [_thread_in_native, id=1404, stack(0x000000e216700000,0x000000e216800000)]
  0x000002c5b498a000 JavaThread "Cache worker for file hash cache (C:\Users\acer\.gradle\caches\7.4\fileHashes)" [_thread_blocked, id=9744, stack(0x000000e216800000,0x000000e216900000)]
  0x000002c5b4990000 JavaThread "File watcher server" daemon [_thread_in_native, id=8784, stack(0x000000e216900000,0x000000e216a00000)]
  0x000002c5b498e000 JavaThread "File watcher consumer" daemon [_thread_blocked, id=7912, stack(0x000000e216a00000,0x000000e216b00000)]
  0x000002c5b4990800 JavaThread "Cache worker for checksums cache (C:\Users\acer\AndroidStudioProjects\MemeApp\.gradle\7.4\checksums)" [_thread_blocked, id=7616, stack(0x000000e216b00000,0x000000e216c00000)]
  0x000002c5b498b000 JavaThread "Cache worker for cache directory md-rule (C:\Users\acer\.gradle\caches\7.4\md-rule)" [_thread_blocked, id=8088, stack(0x000000e216c00000,0x000000e216d00000)]
  0x000002c5b498b800 JavaThread "Cache worker for file hash cache (C:\Users\acer\AndroidStudioProjects\MemeApp\.gradle\7.4\fileHashes)" [_thread_blocked, id=9036, stack(0x000000e216e00000,0x000000e216f00000)]
  0x000002c5b498c800 JavaThread "Cache worker for cache directory md-supplier (C:\Users\acer\.gradle\caches\7.4\md-supplier)" [_thread_blocked, id=5656, stack(0x000000e216f00000,0x000000e217000000)]
  0x000002c5b5b6c800 JavaThread "Cache worker for execution history cache (C:\Users\acer\.gradle\caches\7.4\executionHistory)" [_thread_blocked, id=6792, stack(0x000000e217000000,0x000000e217100000)]
  0x000002c5b5b6d800 JavaThread "jar transforms" [_thread_blocked, id=4200, stack(0x000000e217100000,0x000000e217200000)]
  0x000002c5b5b68800 JavaThread "Cache worker for file content cache (C:\Users\acer\.gradle\caches\7.4\fileContent)" [_thread_blocked, id=8624, stack(0x000000e217200000,0x000000e217300000)]
  0x000002c5b5b6b800 JavaThread "jar transforms Thread 2" [_thread_blocked, id=10224, stack(0x000000e217300000,0x000000e217400000)]
  0x000002c5b5b67800 JavaThread "Cache worker for dependencies-accessors (C:\Users\acer\AndroidStudioProjects\MemeApp\.gradle\7.4\dependencies-accessors)" [_thread_blocked, id=4632, stack(0x000000e216d00000,0x000000e216e00000)]

Other Threads:
  0x000002c5b17e2800 VMThread "VM Thread" [stack: 0x000000e214e00000,0x000000e214f00000] [id=9488]
  0x000002c5b22e9000 WatcherThread [stack: 0x000000e215800000,0x000000e215900000] [id=2492]
  0x000002c595c77000 GCTaskThread "GC Thread#0" [stack: 0x000000e214900000,0x000000e214a00000] [id=12120]
  0x000002c5b25b7000 GCTaskThread "GC Thread#1" [stack: 0x000000e215900000,0x000000e215a00000] [id=10548]
  0x000002c5b2532800 GCTaskThread "GC Thread#2" [stack: 0x000000e216300000,0x000000e216400000] [id=1476]
  0x000002c5b35b4800 GCTaskThread "GC Thread#3" [stack: 0x000000e216400000,0x000000e216500000] [id=10900]
  0x000002c595ca9800 ConcurrentGCThread "G1 Main Marker" [stack: 0x000000e214a00000,0x000000e214b00000] [id=9236]
  0x000002c595caa800 ConcurrentGCThread "G1 Conc#0" [stack: 0x000000e214b00000,0x000000e214c00000] [id=11916]
  0x000002c595d23800 ConcurrentGCThread "G1 Refine#0" [stack: 0x000000e214c00000,0x000000e214d00000] [id=10160]
  0x000002c595d24800 ConcurrentGCThread "G1 Young RemSet Sampling" [stack: 0x000000e214d00000,0x000000e214e00000] [id=9804]

Threads with active compile tasks:
C2 CompilerThread0  28441 3767       4       java.lang.ClassLoader::defineClass (43 bytes)

VM state:not at safepoint (normal execution)

VM Mutex/Monitor currently owned by a thread: None

OutOfMemory and StackOverflow Exception counts:
OutOfMemoryError java_heap_errors=1
LinkageErrors=66

Heap address: 0x0000000080000000, size: 2048 MB, Compressed Oops mode: 32-bit
Narrow klass base: 0x0000000000000000, Narrow klass shift: 3
Compressed class space size: 1073741824 Address: 0x0000000100000000

Heap:
 garbage-first heap   total 114688K, used 60267K [0x0000000080000000, 0x0000000100000000)
  region size 1024K, 41 young (41984K), 8 survivors (8192K)
 Metaspace       used 42538K, capacity 43542K, committed 43644K, reserved 1091584K
  class space    used 5420K, capacity 5784K, committed 5836K, reserved 1048576K
Heap Regions: E=young(eden), S=young(survivor), O=old, HS=humongous(starts), HC=humongous(continues), CS=collection set, F=free, A=archive, TAMS=top-at-mark-start (previous, next)
|   0|0x0000000080000000, 0x0000000080100000, 0x0000000080100000|100%|HS|  |TAMS 0x0000000080100000, 0x0000000080000000| Complete 
|   1|0x0000000080100000, 0x0000000080200000, 0x0000000080200000|100%|HC|  |TAMS 0x0000000080200000, 0x0000000080100000| Complete 
|   2|0x0000000080200000, 0x0000000080300000, 0x0000000080300000|100%|HC|  |TAMS 0x0000000080300000, 0x0000000080200000| Complete 
|   3|0x0000000080300000, 0x0000000080400000, 0x0000000080400000|100%| O|  |TAMS 0x0000000080400000, 0x0000000080300000| Untracked 
|   4|0x0000000080400000, 0x0000000080500000, 0x0000000080500000|100%| O|  |TAMS 0x0000000080500000, 0x0000000080400000| Untracked 
|   5|0x0000000080500000, 0x0000000080600000, 0x0000000080600000|100%| O|  |TAMS 0x0000000080600000, 0x0000000080500000| Untracked 
|   6|0x0000000080600000, 0x0000000080700000, 0x0000000080700000|100%| O|  |TAMS 0x0000000080700000, 0x0000000080600000| Untracked 
|   7|0x0000000080700000, 0x0000000080800000, 0x0000000080800000|100%| O|  |TAMS 0x0000000080800000, 0x0000000080700000| Untracked 
|   8|0x0000000080800000, 0x0000000080900000, 0x0000000080900000|100%| O|  |TAMS 0x0000000080900000, 0x0000000080800000| Untracked 
|   9|0x0000000080900000, 0x0000000080a00000, 0x0000000080a00000|100%| O|  |TAMS 0x0000000080a00000, 0x0000000080900000| Untracked 
|  10|0x0000000080a00000, 0x0000000080b00000, 0x0000000080b00000|100%| O|  |TAMS 0x0000000080b00000, 0x0000000080a00000| Untracked 
|  11|0x0000000080b00000, 0x0000000080c00000, 0x0000000080c00000|100%| O|  |TAMS 0x0000000080c00000, 0x0000000080b00000| Untracked 
|  12|0x0000000080c00000, 0x0000000080d00000, 0x0000000080d00000|100%| O|  |TAMS 0x0000000080d00000, 0x0000000080c00000| Untracked 
|  13|0x0000000080d00000, 0x0000000080e00000, 0x0000000080e00000|100%| O|  |TAMS 0x0000000080e00000, 0x0000000080d00000| Untracked 
|  14|0x0000000080e00000, 0x0000000080f00000, 0x0000000080f00000|100%| O|  |TAMS 0x0000000080f00000, 0x0000000080e00000| Untracked 
|  15|0x0000000080f00000, 0x0000000081000000, 0x0000000081000000|100%| O|  |TAMS 0x0000000080f81000, 0x0000000080f00000| Untracked 
|  16|0x0000000081000000, 0x0000000081000000, 0x0000000081100000|  0%| F|  |TAMS 0x0000000081000000, 0x0000000081000000| Untracked 
|  17|0x0000000081100000, 0x0000000081100000, 0x0000000081200000|  0%| F|  |TAMS 0x0000000081100000, 0x0000000081100000| Untracked 
|  18|0x0000000081200000, 0x0000000081200000, 0x0000000081300000|  0%| F|  |TAMS 0x0000000081200000, 0x0000000081200000| Untracked 
|  19|0x0000000081300000, 0x0000000081400000, 0x0000000081400000|100%| O|  |TAMS 0x0000000081300000, 0x0000000081300000| Untracked 
|  20|0x0000000081400000, 0x0000000081500000, 0x0000000081500000|100%| O|  |TAMS 0x0000000081400000, 0x0000000081400000| Untracked 
|  21|0x0000000081500000, 0x00000000815dae00, 0x0000000081600000| 85%| O|  |TAMS 0x0000000081500000, 0x0000000081500000| Untracked 
|  22|0x0000000081600000, 0x0000000081600000, 0x0000000081700000|  0%| F|  |TAMS 0x0000000081600000, 0x0000000081600000| Untracked 
|  23|0x0000000081700000, 0x0000000081700000, 0x0000000081800000|  0%| F|  |TAMS 0x0000000081700000, 0x0000000081700000| Untracked 
|  24|0x0000000081800000, 0x0000000081800000, 0x0000000081900000|  0%| F|  |TAMS 0x0000000081800000, 0x0000000081800000| Untracked 
|  25|0x0000000081900000, 0x0000000081900000, 0x0000000081a00000|  0%| F|  |TAMS 0x0000000081900000, 0x0000000081900000| Untracked 
|  26|0x0000000081a00000, 0x0000000081a00000, 0x0000000081b00000|  0%| F|  |TAMS 0x0000000081a00000, 0x0000000081a00000| Untracked 
|  27|0x0000000081b00000, 0x0000000081b00000, 0x0000000081c00000|  0%| F|  |TAMS 0x0000000081b00000, 0x0000000081b00000| Untracked 
|  28|0x0000000081c00000, 0x0000000081c00000, 0x0000000081d00000|  0%| F|  |TAMS 0x0000000081c00000, 0x0000000081c00000| Untracked 
|  29|0x0000000081d00000, 0x0000000081d00000, 0x0000000081e00000|  0%| F|  |TAMS 0x0000000081d00000, 0x0000000081d00000| Untracked 
|  30|0x0000000081e00000, 0x0000000081e00000, 0x0000000081f00000|  0%| F|  |TAMS 0x0000000081e00000, 0x0000000081e00000| Untracked 
|  31|0x0000000081f00000, 0x0000000081f00000, 0x0000000082000000|  0%| F|  |TAMS 0x0000000081f00000, 0x0000000081f00000| Untracked 
|  32|0x0000000082000000, 0x0000000082000000, 0x0000000082100000|  0%| F|  |TAMS 0x0000000082000000, 0x0000000082000000| Untracked 
|  33|0x0000000082100000, 0x0000000082100000, 0x0000000082200000|  0%| F|  |TAMS 0x0000000082100000, 0x0000000082100000| Untracked 
|  34|0x0000000082200000, 0x0000000082200000, 0x0000000082300000|  0%| F|  |TAMS 0x0000000082200000, 0x0000000082200000| Untracked 
|  35|0x0000000082300000, 0x0000000082300000, 0x0000000082400000|  0%| F|  |TAMS 0x0000000082300000, 0x0000000082300000| Untracked 
|  36|0x0000000082400000, 0x0000000082400000, 0x0000000082500000|  0%| F|  |TAMS 0x0000000082400000, 0x0000000082400000| Untracked 
|  37|0x0000000082500000, 0x0000000082500000, 0x0000000082600000|  0%| F|  |TAMS 0x0000000082500000, 0x0000000082500000| Untracked 
|  38|0x0000000082600000, 0x0000000082600000, 0x0000000082700000|  0%| F|  |TAMS 0x0000000082600000, 0x0000000082600000| Untracked 
|  39|0x0000000082700000, 0x0000000082700000, 0x0000000082800000|  0%| F|  |TAMS 0x0000000082700000, 0x0000000082700000| Untracked 
|  40|0x0000000082800000, 0x0000000082800000, 0x0000000082900000|  0%| F|  |TAMS 0x0000000082800000, 0x0000000082800000| Untracked 
|  41|0x0000000082900000, 0x0000000082900000, 0x0000000082a00000|  0%| F|  |TAMS 0x0000000082900000, 0x0000000082900000| Untracked 
|  42|0x0000000082a00000, 0x0000000082a00000, 0x0000000082b00000|  0%| F|  |TAMS 0x0000000082a00000, 0x0000000082a00000| Untracked 
|  43|0x0000000082b00000, 0x0000000082c00000, 0x0000000082c00000|100%| S|CS|TAMS 0x0000000082b00000, 0x0000000082b00000| Complete 
|  44|0x0000000082c00000, 0x0000000082d00000, 0x0000000082d00000|100%| S|CS|TAMS 0x0000000082c00000, 0x0000000082c00000| Complete 
|  45|0x0000000082d00000, 0x0000000082e00000, 0x0000000082e00000|100%| S|CS|TAMS 0x0000000082d00000, 0x0000000082d00000| Complete 
|  46|0x0000000082e00000, 0x0000000082f00000, 0x0000000082f00000|100%| S|CS|TAMS 0x0000000082e00000, 0x0000000082e00000| Complete 
|  47|0x0000000082f00000, 0x0000000083000000, 0x0000000083000000|100%| S|CS|TAMS 0x0000000082f00000, 0x0000000082f00000| Complete 
|  48|0x0000000083000000, 0x0000000083100000, 0x0000000083100000|100%| S|CS|TAMS 0x0000000083000000, 0x0000000083000000| Complete 
|  49|0x0000000083100000, 0x0000000083200000, 0x0000000083200000|100%| S|CS|TAMS 0x0000000083100000, 0x0000000083100000| Complete 
|  50|0x0000000083200000, 0x0000000083300000, 0x0000000083300000|100%| S|CS|TAMS 0x0000000083200000, 0x0000000083200000| Complete 
|  51|0x0000000083300000, 0x0000000083300000, 0x0000000083400000|  0%| F|  |TAMS 0x0000000083300000, 0x0000000083300000| Untracked 
|  52|0x0000000083400000, 0x0000000083400000, 0x0000000083500000|  0%| F|  |TAMS 0x0000000083400000, 0x0000000083400000| Untracked 
|  53|0x0000000083500000, 0x0000000083500000, 0x0000000083600000|  0%| F|  |TAMS 0x0000000083500000, 0x0000000083500000| Untracked 
|  54|0x0000000083600000, 0x0000000083600000, 0x0000000083700000|  0%| F|  |TAMS 0x0000000083600000, 0x0000000083600000| Untracked 
|  55|0x0000000083700000, 0x0000000083700000, 0x0000000083800000|  0%| F|  |TAMS 0x0000000083700000, 0x0000000083700000| Untracked 
|  56|0x0000000083800000, 0x0000000083800000, 0x0000000083900000|  0%| F|  |TAMS 0x0000000083800000, 0x0000000083800000| Untracked 
|  57|0x0000000083900000, 0x0000000083900000, 0x0000000083a00000|  0%| F|  |TAMS 0x0000000083900000, 0x0000000083900000| Untracked 
|  58|0x0000000083a00000, 0x0000000083a00000, 0x0000000083b00000|  0%| F|  |TAMS 0x0000000083a00000, 0x0000000083a00000| Untracked 
|  59|0x0000000083b00000, 0x0000000083b00000, 0x0000000083c00000|  0%| F|  |TAMS 0x0000000083b00000, 0x0000000083b00000| Untracked 
|  60|0x0000000083c00000, 0x0000000083c00000, 0x0000000083d00000|  0%| F|  |TAMS 0x0000000083c00000, 0x0000000083c00000| Untracked 
|  61|0x0000000083d00000, 0x0000000083d00000, 0x0000000083e00000|  0%| F|  |TAMS 0x0000000083d00000, 0x0000000083d00000| Untracked 
|  62|0x0000000083e00000, 0x0000000083e00000, 0x0000000083f00000|  0%| F|  |TAMS 0x0000000083e00000, 0x0000000083e00000| Untracked 
|  63|0x0000000083f00000, 0x0000000083f00000, 0x0000000084000000|  0%| F|  |TAMS 0x0000000083f00000, 0x0000000083f00000| Untracked 
|  64|0x0000000084000000, 0x0000000084000000, 0x0000000084100000|  0%| F|  |TAMS 0x0000000084000000, 0x0000000084000000| Untracked 
|  65|0x0000000084100000, 0x0000000084100000, 0x0000000084200000|  0%| F|  |TAMS 0x0000000084100000, 0x0000000084100000| Untracked 
|  66|0x0000000084200000, 0x0000000084200000, 0x0000000084300000|  0%| F|  |TAMS 0x0000000084200000, 0x0000000084200000| Untracked 
|  67|0x0000000084300000, 0x0000000084300000, 0x0000000084400000|  0%| F|  |TAMS 0x0000000084300000, 0x0000000084300000| Untracked 
|  68|0x0000000084400000, 0x0000000084400000, 0x0000000084500000|  0%| F|  |TAMS 0x0000000084400000, 0x0000000084400000| Untracked 
|  69|0x0000000084500000, 0x0000000084500000, 0x0000000084600000|  0%| F|  |TAMS 0x0000000084500000, 0x0000000084500000| Untracked 
|  70|0x0000000084600000, 0x0000000084600000, 0x0000000084700000|  0%| F|  |TAMS 0x0000000084600000, 0x0000000084600000| Untracked 
|  71|0x0000000084700000, 0x0000000084700000, 0x0000000084800000|  0%| F|  |TAMS 0x0000000084700000, 0x0000000084700000| Untracked 
|  72|0x0000000084800000, 0x0000000084800000, 0x0000000084900000|  0%| F|  |TAMS 0x0000000084800000, 0x0000000084800000| Untracked 
|  73|0x0000000084900000, 0x0000000084900000, 0x0000000084a00000|  0%| F|  |TAMS 0x0000000084900000, 0x0000000084900000| Untracked 
|  74|0x0000000084a00000, 0x0000000084a00000, 0x0000000084b00000|  0%| F|  |TAMS 0x0000000084a00000, 0x0000000084a00000| Untracked 
|  75|0x0000000084b00000, 0x0000000084b00000, 0x0000000084c00000|  0%| F|  |TAMS 0x0000000084b00000, 0x0000000084b00000| Untracked 
|  76|0x0000000084c00000, 0x0000000084c00000, 0x0000000084d00000|  0%| F|  |TAMS 0x0000000084c00000, 0x0000000084c00000| Untracked 
|  77|0x0000000084d00000, 0x0000000084d00000, 0x0000000084e00000|  0%| F|  |TAMS 0x0000000084d00000, 0x0000000084d00000| Untracked 
|  78|0x0000000084e00000, 0x0000000084e00000, 0x0000000084f00000|  0%| F|  |TAMS 0x0000000084e00000, 0x0000000084e00000| Untracked 
|  79|0x0000000084f00000, 0x0000000084f42520, 0x0000000085000000| 25%| E|  |TAMS 0x0000000084f00000, 0x0000000084f00000| Complete 
|  80|0x0000000085000000, 0x0000000085100000, 0x0000000085100000|100%| E|CS|TAMS 0x0000000085000000, 0x0000000085000000| Complete 
|  81|0x0000000085100000, 0x0000000085200000, 0x0000000085200000|100%| E|CS|TAMS 0x0000000085100000, 0x0000000085100000| Complete 
|  82|0x0000000085200000, 0x0000000085300000, 0x0000000085300000|100%| E|CS|TAMS 0x0000000085200000, 0x0000000085200000| Complete 
|  83|0x0000000085300000, 0x0000000085400000, 0x0000000085400000|100%| E|CS|TAMS 0x0000000085300000, 0x0000000085300000| Complete 
|  84|0x0000000085400000, 0x0000000085500000, 0x0000000085500000|100%| E|CS|TAMS 0x0000000085400000, 0x0000000085400000| Complete 
|  85|0x0000000085500000, 0x0000000085600000, 0x0000000085600000|100%| E|CS|TAMS 0x0000000085500000, 0x0000000085500000| Complete 
|  86|0x0000000085600000, 0x0000000085700000, 0x0000000085700000|100%| E|CS|TAMS 0x0000000085600000, 0x0000000085600000| Complete 
|  87|0x0000000085700000, 0x0000000085800000, 0x0000000085800000|100%| E|CS|TAMS 0x0000000085700000, 0x0000000085700000| Complete 
|  88|0x0000000085800000, 0x0000000085900000, 0x0000000085900000|100%| E|CS|TAMS 0x0000000085800000, 0x0000000085800000| Complete 
|  89|0x0000000085900000, 0x0000000085a00000, 0x0000000085a00000|100%| E|CS|TAMS 0x0000000085900000, 0x0000000085900000| Complete 
|  90|0x0000000085a00000, 0x0000000085b00000, 0x0000000085b00000|100%| E|CS|TAMS 0x0000000085a00000, 0x0000000085a00000| Complete 
|  91|0x0000000085b00000, 0x0000000085c00000, 0x0000000085c00000|100%| E|CS|TAMS 0x0000000085b00000, 0x0000000085b00000| Complete 
|  92|0x0000000085c00000, 0x0000000085d00000, 0x0000000085d00000|100%| E|CS|TAMS 0x0000000085c00000, 0x0000000085c00000| Complete 
|  93|0x0000000085d00000, 0x0000000085e00000, 0x0000000085e00000|100%| E|CS|TAMS 0x0000000085d00000, 0x0000000085d00000| Complete 
|  94|0x0000000085e00000, 0x0000000085f00000, 0x0000000085f00000|100%| E|CS|TAMS 0x0000000085e00000, 0x0000000085e00000| Complete 
|  95|0x0000000085f00000, 0x0000000086000000, 0x0000000086000000|100%| E|CS|TAMS 0x0000000085f00000, 0x0000000085f00000| Complete 
|  96|0x0000000086000000, 0x0000000086100000, 0x0000000086100000|100%| E|CS|TAMS 0x0000000086000000, 0x0000000086000000| Complete 
|  97|0x0000000086100000, 0x0000000086200000, 0x0000000086200000|100%| E|CS|TAMS 0x0000000086100000, 0x0000000086100000| Complete 
|  98|0x0000000086200000, 0x0000000086300000, 0x0000000086300000|100%| E|CS|TAMS 0x0000000086200000, 0x0000000086200000| Complete 
|  99|0x0000000086300000, 0x0000000086400000, 0x0000000086400000|100%| E|CS|TAMS 0x0000000086300000, 0x0000000086300000| Complete 
| 100|0x0000000086400000, 0x0000000086500000, 0x0000000086500000|100%| E|CS|TAMS 0x0000000086400000, 0x0000000086400000| Complete 
| 101|0x0000000086500000, 0x0000000086600000, 0x0000000086600000|100%| E|CS|TAMS 0x0000000086500000, 0x0000000086500000| Complete 
| 102|0x0000000086600000, 0x0000000086700000, 0x0000000086700000|100%| E|CS|TAMS 0x0000000086600000, 0x0000000086600000| Complete 
| 103|0x0000000086700000, 0x0000000086800000, 0x0000000086800000|100%| E|CS|TAMS 0x0000000086700000, 0x0000000086700000| Complete 
| 104|0x0000000086800000, 0x0000000086900000, 0x0000000086900000|100%| E|CS|TAMS 0x0000000086800000, 0x0000000086800000| Complete 
| 105|0x0000000086900000, 0x0000000086a00000, 0x0000000086a00000|100%| E|CS|TAMS 0x0000000086900000, 0x0000000086900000| Complete 
| 106|0x0000000086a00000, 0x0000000086b00000, 0x0000000086b00000|100%| E|CS|TAMS 0x0000000086a00000, 0x0000000086a00000| Complete 
| 107|0x0000000086b00000, 0x0000000086c00000, 0x0000000086c00000|100%| E|CS|TAMS 0x0000000086b00000, 0x0000000086b00000| Complete 
| 108|0x0000000086c00000, 0x0000000086d00000, 0x0000000086d00000|100%| E|CS|TAMS 0x0000000086c00000, 0x0000000086c00000| Complete 
| 109|0x0000000086d00000, 0x0000000086e00000, 0x0000000086e00000|100%| E|CS|TAMS 0x0000000086d00000, 0x0000000086d00000| Complete 
| 110|0x0000000086e00000, 0x0000000086f00000, 0x0000000086f00000|100%| E|CS|TAMS 0x0000000086e00000, 0x0000000086e00000| Complete 
| 111|0x0000000086f00000, 0x0000000087000000, 0x0000000087000000|100%| E|CS|TAMS 0x0000000086f00000, 0x0000000086f00000| Complete 

Card table byte_map: [0x000002c5aa9c0000,0x000002c5aadc0000] _byte_map_base: 0x000002c5aa5c0000

Marking Bits (Prev, Next): (CMBitMap*) 0x000002c595ca0a58, (CMBitMap*) 0x000002c595ca0a90
 Prev Bits: [0x000002c5ab1c0000, 0x000002c5ad1c0000)
 Next Bits: [0x000002c5ad1c0000, 0x000002c5af1c0000)

Polling page: 0x000002c595d40000

Metaspace:

Usage:
  Non-class:     36.96 MB capacity,    36.28 MB ( 98%) used,   583.68 KB (  2%) free+waste,   103.13 KB ( <1%) overhead. 
      Class:      5.65 MB capacity,     5.30 MB ( 94%) used,   313.59 KB (  5%) free+waste,    49.13 KB ( <1%) overhead. 
       Both:     42.61 MB capacity,    41.58 MB ( 98%) used,   897.27 KB (  2%) free+waste,   152.25 KB ( <1%) overhead. 

Virtual space:
  Non-class space:       42.00 MB reserved,      37.17 MB ( 89%) committed 
      Class space:        1.00 GB reserved,       5.70 MB ( <1%) committed 
             Both:        1.04 GB reserved,      42.87 MB (  4%) committed 

Chunk freelists:
   Non-Class:  30.00 KB
       Class:  4.00 KB
        Both:  34.00 KB

MaxMetaspaceSize: 17179869184.00 GB
CompressedClassSpaceSize: 1.00 GB
Initial GC threshold: 20.80 MB
Current GC threshold: 58.95 MB
CDS: off

CodeHeap 'non-profiled nmethods': size=120064Kb used=2243Kb max_used=2243Kb free=117820Kb
 bounds [0x000002c5a2a60000, 0x000002c5a2cd0000, 0x000002c5a9fa0000]
CodeHeap 'profiled nmethods': size=120000Kb used=8197Kb max_used=8197Kb free=111802Kb
 bounds [0x000002c59b530000, 0x000002c59bd40000, 0x000002c5a2a60000]
CodeHeap 'non-nmethods': size=5696Kb used=2272Kb max_used=2318Kb free=3423Kb
 bounds [0x000002c59afa0000, 0x000002c59b210000, 0x000002c59b530000]
 total_blobs=4552 nmethods=3788 adapters=677
 compilation: enabled
              stopped_count=0, restarted_count=0
 full_count=0

Compilation events (20 events):
Event: 28.266 Thread 0x000002c5b180d800 nmethod 3775 0x000002c59bd26a90 code [0x000002c59bd26c60, 0x000002c59bd26f88]
Event: 28.296 Thread 0x000002c5b180d800 3778       3       java.util.HashMap::getNode (148 bytes)
Event: 28.297 Thread 0x000002c5b180d800 nmethod 3778 0x000002c59bd27110 code [0x000002c59bd27340, 0x000002c59bd27ca8]
Event: 28.297 Thread 0x000002c5b180d800 3779       3       java.util.HashMap::put (13 bytes)
Event: 28.297 Thread 0x000002c5b180d800 nmethod 3779 0x000002c59bd27f10 code [0x000002c59bd280e0, 0x000002c59bd283d8]
Event: 28.298 Thread 0x000002c5b180d800 3780       2       org.gradle.internal.reflect.PropertyAccessorType::takesSingleParameter (14 bytes)
Event: 28.299 Thread 0x000002c5b180d800 nmethod 3780 0x000002c59bd28510 code [0x000002c59bd286c0, 0x000002c59bd287b8]
Event: 28.299 Thread 0x000002c5b180d800 3782       3       org.gradle.internal.reflect.PropertyAccessorType::of (95 bytes)
Event: 28.303 Thread 0x000002c5b180d800 nmethod 3782 0x000002c59bd28890 code [0x000002c59bd28bc0, 0x000002c59bd2a0d8]
Event: 28.303 Thread 0x000002c5b180d800 3781       2       org.gradle.internal.reflect.PropertyAccessorType::isStatic (8 bytes)
Event: 28.303 Thread 0x000002c5b180d800 nmethod 3781 0x000002c59bd2a710 code [0x000002c59bd2a8c0, 0x000002c59bd2a9b8]
Event: 28.303 Thread 0x000002c5b180d800 3784       3       org.gradle.internal.reflect.PropertyAccessorType::isGetGetterName (23 bytes)
Event: 28.304 Thread 0x000002c5b180d800 nmethod 3784 0x000002c59bd2aa90 code [0x000002c59bd2ac60, 0x000002c59bd2af88]
Event: 28.304 Thread 0x000002c5b180d800 3783       3       org.gradle.internal.reflect.PropertyAccessorType::isIsGetterName (23 bytes)
Event: 28.304 Thread 0x000002c5b180d800 nmethod 3783 0x000002c59bd2b110 code [0x000002c59bd2b2e0, 0x000002c59bd2b608]
Event: 28.338 Thread 0x000002c5b180d800 3785       3       java.lang.ThreadLocal::set (30 bytes)
Event: 28.339 Thread 0x000002c5b180d800 nmethod 3785 0x000002c59bd2b790 code [0x000002c59bd2b980, 0x000002c59bd2bcc8]
Event: 28.366 Thread 0x000002c5b180d800 3786       1       org.gradle.internal.operations.BuildOperationDescriptor::getParentId (5 bytes)
Event: 28.367 Thread 0x000002c5b180d800 nmethod 3786 0x000002c5a2c8f910 code [0x000002c5a2c8fac0, 0x000002c5a2c8fb78]
Event: 28.398 Thread 0x000002c5b180d800 3788       3       java.lang.invoke.MethodHandles$Lookup::restrictProtectedReceiver (51 bytes)

GC Heap History (18 events):
Event: 1.790 GC heap before
{Heap before GC invocations=0 (full 0):
 garbage-first heap   total 114688K, used 17408K [0x0000000080000000, 0x0000000100000000)
  region size 1024K, 14 young (14336K), 0 survivors (0K)
 Metaspace       used 6744K, capacity 6929K, committed 7168K, reserved 1056768K
  class space    used 572K, capacity 650K, committed 768K, reserved 1048576K
}
Event: 1.819 GC heap after
{Heap after GC invocations=1 (full 0):
 garbage-first heap   total 114688K, used 4245K [0x0000000080000000, 0x0000000100000000)
  region size 1024K, 2 young (2048K), 2 survivors (2048K)
 Metaspace       used 6744K, capacity 6929K, committed 7168K, reserved 1056768K
  class space    used 572K, capacity 650K, committed 768K, reserved 1048576K
}
Event: 2.797 GC heap before
{Heap before GC invocations=1 (full 0):
 garbage-first heap   total 114688K, used 19605K [0x0000000080000000, 0x0000000100000000)
  region size 1024K, 14 young (14336K), 2 survivors (2048K)
 Metaspace       used 10279K, capacity 10499K, committed 10624K, reserved 1058816K
  class space    used 1054K, capacity 1141K, committed 1152K, reserved 1048576K
}
Event: 2.808 GC heap after
{Heap after GC invocations=2 (full 0):
 garbage-first heap   total 114688K, used 9488K [0x0000000080000000, 0x0000000100000000)
  region size 1024K, 2 young (2048K), 2 survivors (2048K)
 Metaspace       used 10279K, capacity 10499K, committed 10624K, reserved 1058816K
  class space    used 1054K, capacity 1141K, committed 1152K, reserved 1048576K
}
Event: 4.035 GC heap before
{Heap before GC invocations=2 (full 0):
 garbage-first heap   total 114688K, used 35088K [0x0000000080000000, 0x0000000100000000)
  region size 1024K, 28 young (28672K), 2 survivors (2048K)
 Metaspace       used 11262K, capacity 11454K, committed 11520K, reserved 1058816K
  class space    used 1155K, capacity 1246K, committed 1280K, reserved 1048576K
}
Event: 4.042 GC heap after
{Heap after GC invocations=3 (full 0):
 garbage-first heap   total 114688K, used 10189K [0x0000000080000000, 0x0000000100000000)
  region size 1024K, 3 young (3072K), 3 survivors (3072K)
 Metaspace       used 11262K, capacity 11454K, committed 11520K, reserved 1058816K
  class space    used 1155K, capacity 1246K, committed 1280K, reserved 1048576K
}
Event: 10.182 GC heap before
{Heap before GC invocations=3 (full 0):
 garbage-first heap   total 114688K, used 51149K [0x0000000080000000, 0x0000000100000000)
  region size 1024K, 42 young (43008K), 3 survivors (3072K)
 Metaspace       used 17028K, capacity 17433K, committed 17792K, reserved 1064960K
  class space    used 1932K, capacity 2069K, committed 2176K, reserved 1048576K
}
Event: 10.200 GC heap after
{Heap after GC invocations=4 (full 0):
 garbage-first heap   total 114688K, used 15646K [0x0000000080000000, 0x0000000100000000)
  region size 1024K, 6 young (6144K), 6 survivors (6144K)
 Metaspace       used 17028K, capacity 17433K, committed 17792K, reserved 1064960K
  class space    used 1932K, capacity 2069K, committed 2176K, reserved 1048576K
}
Event: 11.604 GC heap before
{Heap before GC invocations=4 (full 0):
 garbage-first heap   total 114688K, used 51486K [0x0000000080000000, 0x0000000100000000)
  region size 1024K, 42 young (43008K), 6 survivors (6144K)
 Metaspace       used 20803K, capacity 21195K, committed 21296K, reserved 1069056K
  class space    used 2527K, capacity 2686K, committed 2688K, reserved 1048576K
}
Event: 11.622 GC heap after
{Heap after GC invocations=5 (full 0):
 garbage-first heap   total 114688K, used 17315K [0x0000000080000000, 0x0000000100000000)
  region size 1024K, 2 young (2048K), 2 survivors (2048K)
 Metaspace       used 20803K, capacity 21195K, committed 21296K, reserved 1069056K
  class space    used 2527K, capacity 2686K, committed 2688K, reserved 1048576K
}
Event: 14.868 GC heap before
{Heap before GC invocations=6 (full 0):
 garbage-first heap   total 114688K, used 63395K [0x0000000080000000, 0x0000000100000000)
  region size 1024K, 47 young (48128K), 2 survivors (2048K)
 Metaspace       used 25466K, capacity 26062K, committed 26236K, reserved 1073152K
  class space    used 3266K, capacity 3484K, committed 3532K, reserved 1048576K
}
Event: 14.879 GC heap after
{Heap after GC invocations=7 (full 0):
 garbage-first heap   total 114688K, used 19029K [0x0000000080000000, 0x0000000100000000)
  region size 1024K, 4 young (4096K), 4 survivors (4096K)
 Metaspace       used 25466K, capacity 26062K, committed 26236K, reserved 1073152K
  class space    used 3266K, capacity 3484K, committed 3532K, reserved 1048576K
}
Event: 17.235 GC heap before
{Heap before GC invocations=7 (full 0):
 garbage-first heap   total 114688K, used 71253K [0x0000000080000000, 0x0000000100000000)
  region size 1024K, 55 young (56320K), 4 survivors (4096K)
 Metaspace       used 30253K, capacity 30929K, committed 31100K, reserved 1077248K
  class space    used 3997K, capacity 4283K, committed 4300K, reserved 1048576K
}
Event: 17.247 GC heap after
{Heap after GC invocations=8 (full 0):
 garbage-first heap   total 114688K, used 20489K [0x0000000080000000, 0x0000000100000000)
  region size 1024K, 5 young (5120K), 5 survivors (5120K)
 Metaspace       used 30253K, capacity 30929K, committed 31100K, reserved 1077248K
  class space    used 3997K, capacity 4283K, committed 4300K, reserved 1048576K
}
Event: 19.595 GC heap before
{Heap before GC invocations=8 (full 0):
 garbage-first heap   total 114688K, used 37897K [0x0000000080000000, 0x0000000100000000)
  region size 1024K, 23 young (23552K), 5 survivors (5120K)
 Metaspace       used 35136K, capacity 35894K, committed 35964K, reserved 1081344K
  class space    used 4498K, capacity 4789K, committed 4812K, reserved 1048576K
}
Event: 19.611 GC heap after
{Heap after GC invocations=9 (full 0):
 garbage-first heap   total 114688K, used 22800K [0x0000000080000000, 0x0000000100000000)
  region size 1024K, 7 young (7168K), 7 survivors (7168K)
 Metaspace       used 35136K, capacity 35894K, committed 35964K, reserved 1081344K
  class space    used 4498K, capacity 4789K, committed 4812K, reserved 1048576K
}
Event: 25.426 GC heap before
{Heap before GC invocations=10 (full 0):
 garbage-first heap   total 114688K, used 81168K [0x0000000080000000, 0x0000000100000000)
  region size 1024K, 61 young (62464K), 7 survivors (7168K)
 Metaspace       used 39592K, capacity 40520K, committed 40700K, reserved 1085440K
  class space    used 4989K, capacity 5324K, committed 5452K, reserved 1048576K
}
Event: 25.458 GC heap after
{Heap after GC invocations=11 (full 0):
 garbage-first heap   total 114688K, used 27499K [0x0000000080000000, 0x0000000100000000)
  region size 1024K, 8 young (8192K), 8 survivors (8192K)
 Metaspace       used 39592K, capacity 40520K, committed 40700K, reserved 1085440K
  class space    used 4989K, capacity 5324K, committed 5452K, reserved 1048576K
}

Deoptimization events (20 events):
Event: 28.244 Thread 0x000002c5b5401800 Uncommon trap: trap_request=0xffffff4d fr.pc=0x000002c5a2b4a700 relative=0x0000000000000240
Event: 28.244 Thread 0x000002c5b5401800 Uncommon trap: reason=unstable_if action=reinterpret pc=0x000002c5a2b4a700 method=java.util.HashMap.hash(Ljava/lang/Object;)I @ 1 c2
Event: 28.244 Thread 0x000002c5b5401800 DEOPT PACKING pc=0x000002c5a2b4a700 sp=0x000000e2160f8920
Event: 28.244 Thread 0x000002c5b5401800 DEOPT UNPACKING pc=0x000002c59afea1af sp=0x000000e2160f8858 mode 2
Event: 28.245 Thread 0x000002c5b5401800 Uncommon trap: trap_request=0xffffff4d fr.pc=0x000002c5a2b46104 relative=0x00000000000001c4
Event: 28.245 Thread 0x000002c5b5401800 Uncommon trap: reason=unstable_if action=reinterpret pc=0x000002c5a2b46104 method=java.util.HashMap.getNode(ILjava/lang/Object;)Ljava/util/HashMap$Node; @ 53 c2
Event: 28.245 Thread 0x000002c5b5401800 DEOPT PACKING pc=0x000002c5a2b46104 sp=0x000000e2160f88a0
Event: 28.245 Thread 0x000002c5b5401800 DEOPT UNPACKING pc=0x000002c59afea1af sp=0x000000e2160f8828 mode 2
Event: 28.245 Thread 0x000002c5b5401800 Uncommon trap: trap_request=0xffffff4d fr.pc=0x000002c5a2a89e94 relative=0x00000000000000d4
Event: 28.245 Thread 0x000002c5b5401800 Uncommon trap: reason=unstable_if action=reinterpret pc=0x000002c5a2a89e94 method=java.util.HashMap.hash(Ljava/lang/Object;)I @ 1 c2
Event: 28.245 Thread 0x000002c5b5401800 DEOPT PACKING pc=0x000002c5a2a89e94 sp=0x000000e2160f8920
Event: 28.245 Thread 0x000002c5b5401800 DEOPT UNPACKING pc=0x000002c59afea1af sp=0x000000e2160f8860 mode 2
Event: 28.245 Thread 0x000002c5b5401800 Uncommon trap: trap_request=0xffffff4d fr.pc=0x000002c5a2bef5b4 relative=0x00000000000006b4
Event: 28.245 Thread 0x000002c5b5401800 Uncommon trap: reason=unstable_if action=reinterpret pc=0x000002c5a2bef5b4 method=java.util.HashMap.putVal(ILjava/lang/Object;Ljava/lang/Object;ZZ)Ljava/lang/Object; @ 85 c2
Event: 28.245 Thread 0x000002c5b5401800 DEOPT PACKING pc=0x000002c5a2bef5b4 sp=0x000000e2160f8850
Event: 28.245 Thread 0x000002c5b5401800 DEOPT UNPACKING pc=0x000002c59afea1af sp=0x000000e2160f8808 mode 2
Event: 28.258 Thread 0x000002c5b5401800 Uncommon trap: trap_request=0xffffff4d fr.pc=0x000002c5a2c5faf8 relative=0x0000000000000318
Event: 28.258 Thread 0x000002c5b5401800 Uncommon trap: reason=unstable_if action=reinterpret pc=0x000002c5a2c5faf8 method=org.gradle.internal.reflect.PropertyAccessorType.isGetGetterName(Ljava/lang/String;)Z @ 14 c2
Event: 28.258 Thread 0x000002c5b5401800 DEOPT PACKING pc=0x000002c5a2c5faf8 sp=0x000000e2160f9370
Event: 28.258 Thread 0x000002c5b5401800 DEOPT UNPACKING pc=0x000002c59afea1af sp=0x000000e2160f92c8 mode 2

Classes redefined (0 events):
No events

Internal exceptions (20 events):
Event: 26.390 Thread 0x000002c5b5401800 Exception <a 'java/lang/ClassNotFoundException'{0x0000000086ae0658}: java/lang/EnumCustomizer> (0x0000000086ae0658) thrown at [./src/hotspot/share/classfile/systemDictionary.cpp, line 231]
Event: 26.395 Thread 0x000002c5b5401800 Exception <a 'java/lang/ClassNotFoundException'{0x000000008690fa50}: org/gradle/api/initialization/resolve/RepositoriesModeCustomizer> (0x000000008690fa50) thrown at [./src/hotspot/share/classfile/systemDictionary.cpp, line 231]
Event: 26.454 Thread 0x000002c5b5401800 Exception <a 'java/lang/ClassNotFoundException'{0x000000008699bea8}: org/gradle/api/internal/provider/DefaultPropertyBeanInfo> (0x000000008699bea8) thrown at [./src/hotspot/share/classfile/systemDictionary.cpp, line 231]
Event: 26.486 Thread 0x000002c5b5401800 Exception <a 'java/lang/ClassNotFoundException'{0x00000000869c25c0}: org/gradle/api/internal/provider/AbstractPropertyBeanInfo> (0x00000000869c25c0) thrown at [./src/hotspot/share/classfile/systemDictionary.cpp, line 231]
Event: 26.489 Thread 0x000002c5b5401800 Exception <a 'java/lang/ClassNotFoundException'{0x00000000869eb9c8}: org/gradle/api/internal/provider/AbstractMinimalProviderBeanInfo> (0x00000000869eb9c8) thrown at [./src/hotspot/share/classfile/systemDictionary.cpp, line 231]
Event: 26.495 Thread 0x000002c5b5401800 Exception <a 'java/lang/ClassNotFoundException'{0x00000000868152f8}: org/gradle/api/internal/provider/AbstractMinimalProviderCustomizer> (0x00000000868152f8) thrown at [./src/hotspot/share/classfile/systemDictionary.cpp, line 231]
Event: 26.513 Thread 0x000002c5b5401800 Exception <a 'java/lang/ClassNotFoundException'{0x0000000086876898}: org/gradle/api/internal/provider/AbstractPropertyCustomizer> (0x0000000086876898) thrown at [./src/hotspot/share/classfile/systemDictionary.cpp, line 231]
Event: 26.518 Thread 0x000002c5b5401800 Exception <a 'java/lang/ClassNotFoundException'{0x00000000868a98e8}: org/gradle/api/internal/provider/DefaultPropertyCustomizer> (0x00000000868a98e8) thrown at [./src/hotspot/share/classfile/systemDictionary.cpp, line 231]
Event: 26.808 Thread 0x000002c5b5401800 Exception <a 'java/lang/ClassNotFoundException'{0x00000000866a10f8}: org/gradle/initialization/DefaultProjectDescriptorBeanInfo> (0x00000000866a10f8) thrown at [./src/hotspot/share/classfile/systemDictionary.cpp, line 231]
Event: 26.812 Thread 0x000002c5b5401800 Exception <a 'java/lang/ClassNotFoundException'{0x00000000866c7638}: org/gradle/initialization/DefaultProjectDescriptorCustomizer> (0x00000000866c7638) thrown at [./src/hotspot/share/classfile/systemDictionary.cpp, line 231]
Event: 26.833 Thread 0x000002c5b5401800 Implicit null exception at 0x000002c5a2bc78ec to 0x000002c5a2bc7994
Event: 27.729 Thread 0x000002c5b31d9000 Exception <a 'java/lang/NoSuchMethodError'{0x0000000085a05858}: <clinit>> (0x0000000085a05858) thrown at [./src/hotspot/share/prims/jni.cpp, line 1366]
Event: 27.733 Thread 0x000002c5b31d9000 Exception <a 'java/lang/NoSuchMethodError'{0x0000000085a06f48}: <clinit>> (0x0000000085a06f48) thrown at [./src/hotspot/share/prims/jni.cpp, line 1366]
Event: 27.737 Thread 0x000002c5b31d9000 Exception <a 'java/lang/NoSuchMethodError'{0x0000000085a16578}: <clinit>> (0x0000000085a16578) thrown at [./src/hotspot/share/prims/jni.cpp, line 1366]
Event: 27.738 Thread 0x000002c5b31d9000 Exception <a 'java/lang/NoSuchMethodError'{0x0000000085a18900}: <clinit>> (0x0000000085a18900) thrown at [./src/hotspot/share/prims/jni.cpp, line 1366]
Event: 27.744 Thread 0x000002c5b31d9000 Exception <a 'java/lang/NoSuchMethodError'{0x0000000085a28818}: <clinit>> (0x0000000085a28818) thrown at [./src/hotspot/share/prims/jni.cpp, line 1366]
Event: 28.244 Thread 0x000002c5b5401800 Implicit null exception at 0x000002c5a2b4a4f4 to 0x000002c5a2b4a6f4
Event: 28.245 Thread 0x000002c5b5401800 Implicit null exception at 0x000002c5a2a89df8 to 0x000002c5a2a89e8a
Event: 28.350 Thread 0x000002c5b5401800 Exception <a 'java/lang/OutOfMemoryError'{0x00000000851e4d18}: (class: org/objectweb/asm/ClassReader, method: readCode signature: (Lorg/objectweb/asm/MethodVisitor;Lorg/objectweb/asm/Context;I)V) > (0x00000000851e4d18) thrown at [./src/hotspot/share/classfile/verifier.cpp, line 321]
Event: 28.380 Thread 0x000002c5b5401800 Exception <a 'java/lang/NoSuchMethodError'{0x0000000085052e70}: 'long java.lang.invoke.DirectMethodHandle$Holder.invokeVirtual(java.lang.Object, java.lang.Object)'> (0x0000000085052e70) thrown at [./src/hotspot/share/interpreter/linkResolver.cpp, line 773]

Events (20 events):
Event: 28.362 loading class org/gradle/tooling/internal/protocol/events/InternalProjectConfigurationResult$InternalPluginApplicationResult
Event: 28.362 loading class org/gradle/tooling/internal/protocol/events/InternalProjectConfigurationResult$InternalPluginApplicationResult done
Event: 28.363 loading class org/gradle/configuration/project/LifecycleProjectEvaluator$NotifyAfterEvaluate
Event: 28.363 loading class org/gradle/configuration/project/LifecycleProjectEvaluator$NotifyAfterEvaluate done
Event: 28.365 loading class org/gradle/configuration/project/LifecycleProjectEvaluator$NotifyProjectAfterEvaluatedDetails
Event: 28.365 loading class org/gradle/configuration/project/LifecycleProjectEvaluator$NotifyProjectAfterEvaluatedDetails done
Event: 28.365 loading class org/gradle/configuration/project/NotifyProjectAfterEvaluatedBuildOperationType$Details
Event: 28.365 loading class org/gradle/configuration/project/NotifyProjectAfterEvaluatedBuildOperationType$Details done
Event: 28.367 loading class org/gradle/configuration/project/LifecycleProjectEvaluator$NotifyAfterEvaluate$1
Event: 28.367 loading class org/gradle/configuration/project/LifecycleProjectEvaluator$NotifyAfterEvaluate$1 done
Event: 28.369 loading class org/gradle/configuration/project/NotifyProjectAfterEvaluatedBuildOperationType
Event: 28.369 loading class org/gradle/configuration/project/NotifyProjectAfterEvaluatedBuildOperationType done
Event: 28.372 loading class org/gradle/configuration/project/NotifyProjectAfterEvaluatedBuildOperationType$Result
Event: 28.372 loading class org/gradle/configuration/project/NotifyProjectAfterEvaluatedBuildOperationType$Result done
Event: 28.373 loading class org/gradle/configuration/project/NotifyProjectAfterEvaluatedBuildOperationType$1
Event: 28.373 loading class org/gradle/configuration/project/NotifyProjectAfterEvaluatedBuildOperationType$1 done
Event: 28.374 loading class org/gradle/internal/resources/DefaultResourceLockCoordinationService$ReleaseLocks
Event: 28.374 loading class org/gradle/internal/resources/DefaultResourceLockCoordinationService$ReleaseLocks done
Event: 28.399 loading class org/gradle/tooling/internal/provider/runner/ProjectConfigurationTracker$PluginApplicationResult
Event: 28.399 loading class org/gradle/tooling/internal/provider/runner/ProjectConfigurationTracker$PluginApplicationResult done


Dynamic libraries:
0x00007ff6213a0000 - 0x00007ff6213aa000 	C:\Program Files\Android\Android Studio1\jre\bin\java.exe
0x00007ff8dcdd0000 - 0x00007ff8dcfc8000 	C:\WINDOWS\SYSTEM32\ntdll.dll
0x00007ff8dbfa0000 - 0x00007ff8dc05d000 	C:\WINDOWS\System32\KERNEL32.DLL
0x00007ff8dab30000 - 0x00007ff8dadfe000 	C:\WINDOWS\System32\KERNELBASE.dll
0x00007ff8da6a0000 - 0x00007ff8da7a0000 	C:\WINDOWS\System32\ucrtbase.dll
0x00007ff8d1ba0000 - 0x00007ff8d1bb7000 	C:\Program Files\Android\Android Studio1\jre\bin\VCRUNTIME140.dll
0x00007ff8d40e0000 - 0x00007ff8d40f9000 	C:\Program Files\Android\Android Studio1\jre\bin\jli.dll
0x00007ff8dc0c0000 - 0x00007ff8dc260000 	C:\WINDOWS\System32\USER32.dll
0x00007ff8dae00000 - 0x00007ff8dae22000 	C:\WINDOWS\System32\win32u.dll
0x00007ff8dbf60000 - 0x00007ff8dbf8a000 	C:\WINDOWS\System32\GDI32.dll
0x00007ff8c7e00000 - 0x00007ff8c809a000 	C:\WINDOWS\WinSxS\amd64_microsoft.windows.common-controls_6595b64144ccf1df_6.0.19041.1110_none_60b5254171f9507e\COMCTL32.dll
0x00007ff8dcc70000 - 0x00007ff8dcd0e000 	C:\WINDOWS\System32\msvcrt.dll
0x00007ff8da980000 - 0x00007ff8daa8b000 	C:\WINDOWS\System32\gdi32full.dll
0x00007ff8da7a0000 - 0x00007ff8da83d000 	C:\WINDOWS\System32\msvcp_win.dll
0x00007ff8db000000 - 0x00007ff8db030000 	C:\WINDOWS\System32\IMM32.DLL
0x00007ff8af990000 - 0x00007ff8afa2d000 	C:\Program Files\Android\Android Studio1\jre\bin\msvcp140.dll
0x00007ff8b03f0000 - 0x00007ff8b0ef2000 	C:\Program Files\Android\Android Studio1\jre\bin\server\jvm.dll
0x00007ff8db270000 - 0x00007ff8db31e000 	C:\WINDOWS\System32\ADVAPI32.dll
0x00007ff8dc480000 - 0x00007ff8dc51c000 	C:\WINDOWS\System32\sechost.dll
0x00007ff8dbe20000 - 0x00007ff8dbf45000 	C:\WINDOWS\System32\RPCRT4.dll
0x00007ff8dbf90000 - 0x00007ff8dbf98000 	C:\WINDOWS\System32\PSAPI.DLL
0x00007ff8d7d30000 - 0x00007ff8d7d39000 	C:\WINDOWS\SYSTEM32\WSOCK32.dll
0x00007ff8d13e0000 - 0x00007ff8d1407000 	C:\WINDOWS\SYSTEM32\WINMM.dll
0x00007ff8db820000 - 0x00007ff8db88b000 	C:\WINDOWS\System32\WS2_32.dll
0x00007ff8d13d0000 - 0x00007ff8d13da000 	C:\WINDOWS\SYSTEM32\VERSION.dll
0x00007ff8d83a0000 - 0x00007ff8d83b2000 	C:\WINDOWS\SYSTEM32\kernel.appcore.dll
0x00007ff8d1690000 - 0x00007ff8d16a1000 	C:\Program Files\Android\Android Studio1\jre\bin\verify.dll
0x00007ff8cbd70000 - 0x00007ff8cbf54000 	C:\WINDOWS\SYSTEM32\DBGHELP.DLL
0x00007ff8cbd30000 - 0x00007ff8cbd5c000 	C:\WINDOWS\SYSTEM32\dbgcore.DLL
0x00007ff8da840000 - 0x00007ff8da8c2000 	C:\WINDOWS\System32\bcryptPrimitives.dll
0x00007ff8d1660000 - 0x00007ff8d1689000 	C:\Program Files\Android\Android Studio1\jre\bin\java.dll
0x00007ff8d1650000 - 0x00007ff8d165b000 	C:\Program Files\Android\Android Studio1\jre\bin\jimage.dll
0x00007ff8c69b0000 - 0x00007ff8c69c8000 	C:\Program Files\Android\Android Studio1\jre\bin\zip.dll
0x00007ff8dc520000 - 0x00007ff8dcc63000 	C:\WINDOWS\System32\SHELL32.dll
0x00007ff8d85a0000 - 0x00007ff8d8d35000 	C:\WINDOWS\SYSTEM32\windows.storage.dll
0x00007ff8db320000 - 0x00007ff8db674000 	C:\WINDOWS\System32\combase.dll
0x00007ff8d9da0000 - 0x00007ff8d9dd0000 	C:\WINDOWS\SYSTEM32\Wldp.dll
0x00007ff8db030000 - 0x00007ff8db0dd000 	C:\WINDOWS\System32\SHCORE.dll
0x00007ff8db0e0000 - 0x00007ff8db135000 	C:\WINDOWS\System32\shlwapi.dll
0x00007ff8da430000 - 0x00007ff8da44f000 	C:\WINDOWS\SYSTEM32\profapi.dll
0x00007ff8c3cb0000 - 0x00007ff8c3cca000 	C:\Program Files\Android\Android Studio1\jre\bin\net.dll
0x00007ff8cea70000 - 0x00007ff8ceb7a000 	C:\WINDOWS\SYSTEM32\WINHTTP.dll
0x00007ff8d9b80000 - 0x00007ff8d9bea000 	C:\WINDOWS\system32\mswsock.dll
0x00007ff8c3c90000 - 0x00007ff8c3ca4000 	C:\Program Files\Android\Android Studio1\jre\bin\nio.dll
0x00007ff8d1b20000 - 0x00007ff8d1b47000 	C:\Users\acer\.gradle\native\e1d6ef7f7dcc3fd88c89a11ec53ec762bb8ba0a96d01ffa2cd45eb1d1d8dd5c5\windows-amd64\native-platform.dll
0x00007ff8b4620000 - 0x00007ff8b4764000 	C:\Users\acer\.gradle\native\0d407fdbe67a94daf76414ababcb853783967236a71b16ec16e742cd7a986fd3\windows-amd64\native-platform-file-events.dll
0x00007ff8c3380000 - 0x00007ff8c338a000 	C:\Program Files\Android\Android Studio1\jre\bin\management.dll
0x00007ff8c3190000 - 0x00007ff8c319d000 	C:\Program Files\Android\Android Studio1\jre\bin\management_ext.dll
0x00007ff8d9de0000 - 0x00007ff8d9df8000 	C:\WINDOWS\SYSTEM32\CRYPTSP.dll
0x00007ff8d9520000 - 0x00007ff8d9554000 	C:\WINDOWS\system32\rsaenh.dll
0x00007ff8dab00000 - 0x00007ff8dab27000 	C:\WINDOWS\System32\bcrypt.dll
0x00007ff8da3f0000 - 0x00007ff8da41e000 	C:\WINDOWS\SYSTEM32\USERENV.dll
0x00007ff8d9d10000 - 0x00007ff8d9d1c000 	C:\WINDOWS\SYSTEM32\CRYPTBASE.dll
0x00007ff8d9890000 - 0x00007ff8d98cb000 	C:\WINDOWS\SYSTEM32\IPHLPAPI.DLL
0x00007ff8dbf50000 - 0x00007ff8dbf58000 	C:\WINDOWS\System32\NSI.dll
0x00007ff8d0c10000 - 0x00007ff8d0c27000 	C:\WINDOWS\SYSTEM32\dhcpcsvc6.DLL
0x00007ff8ceb80000 - 0x00007ff8ceb9d000 	C:\WINDOWS\SYSTEM32\dhcpcsvc.DLL
0x00007ff8d98d0000 - 0x00007ff8d999a000 	C:\WINDOWS\SYSTEM32\DNSAPI.dll

dbghelp: loaded successfully - version: 4.0.5 - missing functions: none
symbol engine: initialized successfully - sym options: 0x614 - pdb path: .;C:\Program Files\Android\Android Studio1\jre\bin;C:\WINDOWS\SYSTEM32;C:\WINDOWS\WinSxS\amd64_microsoft.windows.common-controls_6595b64144ccf1df_6.0.19041.1110_none_60b5254171f9507e;C:\Program Files\Android\Android Studio1\jre\bin\server;C:\Users\acer\.gradle\native\e1d6ef7f7dcc3fd88c89a11ec53ec762bb8ba0a96d01ffa2cd45eb1d1d8dd5c5\windows-amd64;C:\Users\acer\.gradle\native\0d407fdbe67a94daf76414ababcb853783967236a71b16ec16e742cd7a986fd3\windows-amd64

VM Arguments:
jvm_args: --add-opens=java.base/java.util=ALL-UNNAMED --add-opens=java.base/java.lang=ALL-UNNAMED --add-opens=java.base/java.lang.invoke=ALL-UNNAMED --add-opens=java.base/java.util=ALL-UNNAMED --add-opens=java.prefs/java.util.prefs=ALL-UNNAMED --add-opens=java.prefs/java.util.prefs=ALL-UNNAMED --add-opens=java.base/java.nio.charset=ALL-UNNAMED --add-opens=java.base/java.net=ALL-UNNAMED --add-opens=java.base/java.util.concurrent.atomic=ALL-UNNAMED -Xmx2048m -Dfile.encoding=UTF-8 -Duser.country=IN -Duser.language=en -Duser.variant 
java_command: org.gradle.launcher.daemon.bootstrap.GradleDaemon 7.4
java_class_path (initial): C:\Users\acer\.gradle\wrapper\dists\gradle-7.4-bin\c0gwcg53nkjbqw7r0h0umtfvt\gradle-7.4\lib\gradle-launcher-7.4.jar
Launcher Type: SUN_STANDARD

[Global flags]
     intx CICompilerCount                          = 3                                         {product} {ergonomic}
     uint ConcGCThreads                            = 1                                         {product} {ergonomic}
     uint G1ConcRefinementThreads                  = 4                                         {product} {ergonomic}
   size_t G1HeapRegionSize                         = 1048576                                   {product} {ergonomic}
    uintx GCDrainStackTargetSize                   = 64                                        {product} {ergonomic}
   size_t InitialHeapSize                          = 117440512                                 {product} {ergonomic}
   size_t MarkStackSize                            = 4194304                                   {product} {ergonomic}
   size_t MaxHeapSize                              = 2147483648                                {product} {command line}
   size_t MaxNewSize                               = 1287651328                                {product} {ergonomic}
   size_t MinHeapDeltaBytes                        = 1048576                                   {product} {ergonomic}
    uintx NonNMethodCodeHeapSize                   = 5830732                                {pd product} {ergonomic}
    uintx NonProfiledCodeHeapSize                  = 122913754                              {pd product} {ergonomic}
    uintx ProfiledCodeHeapSize                     = 122913754                              {pd product} {ergonomic}
    uintx ReservedCodeCacheSize                    = 251658240                              {pd product} {ergonomic}
     bool SegmentedCodeCache                       = true                                      {product} {ergonomic}
     bool UseCompressedClassPointers               = true                                 {lp64_product} {ergonomic}
     bool UseCompressedOops                        = true                                 {lp64_product} {ergonomic}
     bool UseG1GC                                  = true                                      {product} {ergonomic}
     bool UseLargePagesIndividualAllocation        = false                                  {pd product} {ergonomic}

Logging:
Log output configuration:
 #0: stdout all=warning uptime,level,tags
 #1: stderr all=off uptime,level,tags

Environment Variables:
PATH=C:\Program Files\Common Files\Oracle\Java\javapath;C:\WINDOWS\system32;C:\WINDOWS;C:\WINDOWS\System32\Wbem;C:\WINDOWS\System32\WindowsPowerShell\v1.0\;C:\WINDOWS\System32\OpenSSH\;C:\Program Files\nodejs\;C:\Program Files\nodejs;C:\Users\acer\AppData\Local\Microsoft\WindowsApps;C:\Program Files\JetBrains\PyCharm Community Edition 2021.2.2\bin;;C:\Users\acer\AppData\Local\Programs\Microsoft VS Code\bin;C:\Users\acer\AppData\Roaming\npm;C:\Program Files\nodejs;;C:\Program Files\JetBrains\IntelliJ IDEA Community Edition 2022.2.1\bin;
USERNAME=shergill
OS=Windows_NT
PROCESSOR_IDENTIFIER=AMD64 Family 22 Model 48 Stepping 1, AuthenticAMD



---------------  S Y S T E M  ---------------

OS: Windows 10 , 64 bit Build 19041 (10.0.19041.1889)
OS uptime: 1 days 0:25 hours
Hyper-V role detected

CPU:total 4 (initial active 4) (4 cores per cpu, 1 threads per core) family 22 model 48 stepping 1 microcode 0x0, cmov, cx8, fxsr, mmx, sse, sse2, sse3, ssse3, sse4.1, sse4.2, popcnt, avx, aes, clmul, mmxext, 3dnowpref, lzcnt, sse4a, tsc, tscinvbit, tscinv, bmi1

Memory: 4k page, system-wide physical 7094M (482M free)
TotalPageFile size 8476M (AvailPageFile size 0M)
current process WorkingSet (physical memory assigned to process): 242M, peak: 242M
current process commit charge ("private bytes"): 290M, peak: 293M

vm_info: OpenJDK 64-Bit Server VM (11.0.13+0-b1751.21-8125866) for windows-amd64 JRE (11.0.13+0-b1751.21-8125866), built on Feb  2 2022 03:00:22 by "builder" with MS VC++ 14.0 (VS2015)

END.
