#
# There is insufficient memory for the Java Runtime Environment to continue.
# Native memory allocation (mmap) failed to map 169869312 bytes for Failed to commit area from 0x0000000091d00000 to 0x000000009bf00000 of length 169869312.
# Possible reasons:
#   The system is out of physical RAM or swap space
#   The process is running with CompressedOops enabled, and the Java Heap may be blocking the growth of the native heap
# Possible solutions:
#   Reduce memory load on the system
#   Increase physical memory or swap space
#   Check if swap backing store is full
#   Decrease Java heap size (-Xmx/-Xms)
#   Decrease number of Java threads
#   Decrease Java thread stack sizes (-Xss)
#   Set larger code cache with -XX:ReservedCodeCacheSize=
#   JVM is running with Unscaled Compressed Oops mode in which the Java heap is
#     placed in the first 4GB address space. The Java Heap base address is the
#     maximum limit for the native heap growth. Please use -XX:HeapBaseMinAddress
#     to set the Java Heap base and to place the Java Heap above 4GB virtual address.
# This output file may be truncated or incomplete.
#
#  Out of Memory Error (./src/hotspot/os/windows/os_windows.cpp:3619), pid=3156, tid=8936
#
# JRE version: OpenJDK Runtime Environment (11.0.13) (build 11.0.13+0-b1751.21-8125866)
# Java VM: OpenJDK 64-Bit Server VM (11.0.13+0-b1751.21-8125866, mixed mode, tiered, compressed oops, g1 gc, windows-amd64)
# No core dump will be written. Minidumps are not enabled by default on client versions of Windows
#

---------------  S U M M A R Y ------------

Command Line: --add-opens=java.base/java.util=ALL-UNNAMED --add-opens=java.base/java.lang=ALL-UNNAMED --add-opens=java.base/java.lang.invoke=ALL-UNNAMED --add-opens=java.base/java.util=ALL-UNNAMED --add-opens=java.prefs/java.util.prefs=ALL-UNNAMED --add-opens=java.prefs/java.util.prefs=ALL-UNNAMED --add-opens=java.base/java.nio.charset=ALL-UNNAMED --add-opens=java.base/java.net=ALL-UNNAMED --add-opens=java.base/java.util.concurrent.atomic=ALL-UNNAMED -Xmx2048m -Dfile.encoding=UTF-8 -Duser.country=IN -Duser.language=en -Duser.variant org.gradle.launcher.daemon.bootstrap.GradleDaemon 7.4

Host: AMD A6-7310 APU with AMD Radeon R4 Graphics    , 4 cores, 6G,  Windows 10 , 64 bit Build 19041 (10.0.19041.1889)
Time: Mon Oct 10 22:55:55 2022 India Standard Time elapsed time: 323.523149 seconds (0d 0h 5m 23s)

---------------  T H R E A D  ---------------

Current thread (0x0000029d9a3e1800):  VMThread "VM Thread" [stack: 0x000000f456500000,0x000000f456600000] [id=8936]

Stack: [0x000000f456500000,0x000000f456600000]
[error occurred during error reporting (printing stack bounds), id 0xc0000005, EXCEPTION_ACCESS_VIOLATION (0xc0000005) at pc=0x0000029d83b6112d]

Native frames: (J=compiled Java code, j=interpreted, Vv=VM code, C=native code)
V  [jvm.dll+0x6100fa]
V  [jvm.dll+0x747090]
V  [jvm.dll+0x7486ad]
V  [jvm.dll+0x748ce5]
V  [jvm.dll+0x748c9b]
V  [jvm.dll+0x60f224]
V  [jvm.dll+0x60f9b8]
C  [ntdll.dll+0xa235f]
C  [ntdll.dll+0x514a4]
C  [ntdll.dll+0xa0e8e]
C  0x0000029d83b6112d

VM_Operation (0x000000f45a1f9550): G1CollectForAllocation, mode: safepoint, requested by thread 0x0000029d9c078000


---------------  P R O C E S S  ---------------

Threads class SMR info:
_java_thread_list=0x0000029da8cd0480, length=95, elements={
0x0000029d8001c000, 0x0000029d9a3e7000, 0x0000029d9a3f1800, 0x0000029d9a403000,
0x0000029d9a404800, 0x0000029d9a408000, 0x0000029d9a40e000, 0x0000029d9a411800,
0x0000029d9a417800, 0x0000029d9aedf000, 0x0000029d9c183000, 0x0000029d9b0fe000,
0x0000029d9d023800, 0x0000029d9db4a800, 0x0000029d9db4c000, 0x0000029d9db47000,
0x0000029d9db48000, 0x0000029d9db49000, 0x0000029d9db49800, 0x0000029d9db4b800,
0x0000029d9db46800, 0x0000029d9db4d000, 0x0000029d9e02a000, 0x0000029d9e026800,
0x0000029d9c516800, 0x0000029d9c517800, 0x0000029d9c06c800, 0x0000029d9c50c000,
0x0000029d9c50b800, 0x0000029d9c50d000, 0x0000029d9c50a800, 0x0000029d9e026000,
0x0000029d9e02c800, 0x0000029d9e027800, 0x0000029d9e02b000, 0x0000029d9e025000,
0x0000029d9e028800, 0x0000029d9e029000, 0x0000029d9e031800, 0x0000029d9e02b800,
0x0000029d9e02e000, 0x0000029d9e02d800, 0x0000029d9e02f800, 0x0000029d9e02f000,
0x0000029d9e032000, 0x0000029d9e030800, 0x0000029d9e033000, 0x0000029d9c06d800,
0x0000029d9c06c000, 0x0000029d9c06e000, 0x0000029d9c06f000, 0x0000029d9c069800,
0x0000029d9c070000, 0x0000029d9c06b000, 0x0000029d9c06a000, 0x0000029d9c076800,
0x0000029d9c073000, 0x0000029d9c074000, 0x0000029d9c075000, 0x0000029d9c075800,
0x0000029d9c070800, 0x0000029d9c077000, 0x0000029d9c071800, 0x0000029d9c078000,
0x0000029d9c072800, 0x0000029d9e1da800, 0x0000029d9e1dd800, 0x0000029d9e1db800,
0x0000029d9e1d9000, 0x0000029d9e1de800, 0x0000029d9e1df800, 0x0000029d9e1d9800,
0x0000029d9e1e6000, 0x0000029d9e1e1000, 0x0000029d9e1e2000, 0x0000029d9e1e2800,
0x0000029d9e1e3800, 0x0000029d9e1e4800, 0x0000029d9e1e5000, 0x0000029d9e1e0000,
0x0000029d9e1e6800, 0x0000029d9e1e7800, 0x0000029d9c512000, 0x0000029d9c50e000,
0x0000029d9c50f800, 0x0000029d9c50e800, 0x0000029d9c510000, 0x0000029d9c512800,
0x0000029d9c514800, 0x0000029d9c513800, 0x0000029d9c515000, 0x0000029d9c516000,
0x0000029d9c511000, 0x0000029d9c518800, 0x0000029d9e154800
}

Java Threads: ( => current thread )
  0x0000029d8001c000 JavaThread "main" [_thread_blocked, id=9664, stack(0x000000f455f00000,0x000000f456000000)]
  0x0000029d9a3e7000 JavaThread "Reference Handler" daemon [_thread_blocked, id=3236, stack(0x000000f456600000,0x000000f456700000)]
  0x0000029d9a3f1800 JavaThread "Finalizer" daemon [_thread_blocked, id=8240, stack(0x000000f456700000,0x000000f456800000)]
  0x0000029d9a403000 JavaThread "Signal Dispatcher" daemon [_thread_blocked, id=2824, stack(0x000000f456800000,0x000000f456900000)]
  0x0000029d9a404800 JavaThread "Attach Listener" daemon [_thread_blocked, id=1556, stack(0x000000f456900000,0x000000f456a00000)]
  0x0000029d9a408000 JavaThread "Service Thread" daemon [_thread_blocked, id=9396, stack(0x000000f456a00000,0x000000f456b00000)]
  0x0000029d9a40e000 JavaThread "C2 CompilerThread0" daemon [_thread_blocked, id=260, stack(0x000000f456b00000,0x000000f456c00000)]
  0x0000029d9a411800 JavaThread "C1 CompilerThread0" daemon [_thread_blocked, id=8256, stack(0x000000f456c00000,0x000000f456d00000)]
  0x0000029d9a417800 JavaThread "Sweeper thread" daemon [_thread_blocked, id=9756, stack(0x000000f456d00000,0x000000f456e00000)]
  0x0000029d9aedf000 JavaThread "Common-Cleaner" daemon [_thread_blocked, id=7000, stack(0x000000f456e00000,0x000000f456f00000)]
  0x0000029d9c183000 JavaThread "Daemon health stats" [_thread_blocked, id=5292, stack(0x000000f457200000,0x000000f457300000)]
  0x0000029d9b0fe000 JavaThread "Incoming local TCP Connector on port 57999" [_thread_in_native, id=3044, stack(0x000000f457000000,0x000000f457100000)]
  0x0000029d9d023800 JavaThread "Daemon periodic checks" [_thread_blocked, id=8432, stack(0x000000f457300000,0x000000f457400000)]
  0x0000029d9db4a800 JavaThread "Cache worker for journal cache (C:\Users\acer\.gradle\caches\journal-1)" [_thread_blocked, id=8124, stack(0x000000f457d00000,0x000000f457e00000)]
  0x0000029d9db4c000 JavaThread "File lock request listener" [_thread_in_native, id=5968, stack(0x000000f457e00000,0x000000f457f00000)]
  0x0000029d9db47000 JavaThread "Cache worker for file hash cache (C:\Users\acer\.gradle\caches\7.4\fileHashes)" [_thread_blocked, id=9576, stack(0x000000f457f00000,0x000000f458000000)]
  0x0000029d9db48000 JavaThread "File watcher server" daemon [_thread_blocked, id=1392, stack(0x000000f458100000,0x000000f458200000)]
  0x0000029d9db49000 JavaThread "File watcher consumer" daemon [_thread_blocked, id=4708, stack(0x000000f458200000,0x000000f458300000)]
  0x0000029d9db49800 JavaThread "jar transforms" [_thread_blocked, id=10120, stack(0x000000f458000000,0x000000f458100000)]
  0x0000029d9db4b800 JavaThread "jar transforms Thread 2" [_thread_blocked, id=5176, stack(0x000000f458300000,0x000000f458400000)]
  0x0000029d9db46800 JavaThread "jar transforms Thread 3" [_thread_blocked, id=6932, stack(0x000000f458400000,0x000000f458500000)]
  0x0000029d9db4d000 JavaThread "jar transforms Thread 4" [_thread_blocked, id=1884, stack(0x000000f458500000,0x000000f458600000)]
  0x0000029d9e02a000 JavaThread "Cache worker for execution history cache (C:\Users\acer\.gradle\caches\7.4\executionHistory)" [_thread_blocked, id=6920, stack(0x000000f458a00000,0x000000f458b00000)]
  0x0000029d9e026800 JavaThread "Cache worker for file content cache (C:\Users\acer\.gradle\caches\7.4\fileContent)" [_thread_blocked, id=4476, stack(0x000000f458c00000,0x000000f458d00000)]
  0x0000029d9c516800 JavaThread "Memory manager" [_thread_blocked, id=5488, stack(0x000000f45b700000,0x000000f45b800000)]
  0x0000029d9c517800 JavaThread "pool-3-thread-1" [_thread_blocked, id=8700, stack(0x000000f45b800000,0x000000f45b900000)]
  0x0000029d9c06c800 JavaThread "pool-6-thread-1" [_thread_blocked, id=9732, stack(0x000000f45b400000,0x000000f45b500000)]
  0x0000029d9c50c000 JavaThread "pool-9-thread-1" [_thread_blocked, id=2568, stack(0x000000f45b900000,0x000000f45ba00000)]
  0x0000029d9c50b800 JavaThread "Daemon Thread 4" [_thread_blocked, id=9316, stack(0x000000f455c00000,0x000000f455d00000)]
  0x0000029d9c50d000 JavaThread "Daemon Thread 5" [_thread_blocked, id=4928, stack(0x000000f455d00000,0x000000f455e00000)]
  0x0000029d9c50a800 JavaThread "Daemon worker Thread 3" [_thread_blocked, id=8552, stack(0x000000f457500000,0x000000f457600000)]
  0x0000029d9e026000 JavaThread "pool-12-thread-1" [_thread_blocked, id=6480, stack(0x000000f45ba00000,0x000000f45bb00000)]
  0x0000029d9e02c800 JavaThread "included builds" [_thread_blocked, id=9468, stack(0x000000f45bd00000,0x000000f45be00000)]
  0x0000029d9e027800 JavaThread "Handler for socket connection from /127.0.0.1:57999 to /127.0.0.1:58171" [_thread_in_native, id=8692, stack(0x000000f455e00000,0x000000f455f00000)]
  0x0000029d9e02b000 JavaThread "Cancel handler" [_thread_blocked, id=7488, stack(0x000000f457400000,0x000000f457500000)]
  0x0000029d9e025000 JavaThread "Asynchronous log dispatcher for DefaultDaemonConnection: socket connection from /127.0.0.1:57999 to /127.0.0.1:58171" [_thread_blocked, id=3780, stack(0x000000f457800000,0x000000f457900000)]
  0x0000029d9e028800 JavaThread "Stdin handler" [_thread_blocked, id=7920, stack(0x000000f457900000,0x000000f457a00000)]
  0x0000029d9e029000 JavaThread "Daemon client event forwarder" [_thread_blocked, id=1308, stack(0x000000f457a00000,0x000000f457b00000)]
  0x0000029d9e031800 JavaThread "Cache worker for checksums cache (C:\Users\acer\AndroidStudioProjects\MemeApp\.gradle\7.4\checksums)" [_thread_blocked, id=892, stack(0x000000f457b00000,0x000000f457c00000)]
  0x0000029d9e02b800 JavaThread "Cache worker for cache directory md-rule (C:\Users\acer\.gradle\caches\7.4\md-rule)" [_thread_blocked, id=1440, stack(0x000000f457c00000,0x000000f457d00000)]
  0x0000029d9e02e000 JavaThread "Cache worker for file hash cache (C:\Users\acer\AndroidStudioProjects\MemeApp\.gradle\7.4\fileHashes)" [_thread_blocked, id=3364, stack(0x000000f458600000,0x000000f458700000)]
  0x0000029d9e02d800 JavaThread "Cache worker for cache directory md-supplier (C:\Users\acer\.gradle\caches\7.4\md-supplier)" [_thread_blocked, id=7212, stack(0x000000f458800000,0x000000f458900000)]
  0x0000029d9e02f800 JavaThread "Cache worker for dependencies-accessors (C:\Users\acer\AndroidStudioProjects\MemeApp\.gradle\7.4\dependencies-accessors)" [_thread_blocked, id=5924, stack(0x000000f458900000,0x000000f458a00000)]
  0x0000029d9e02f000 JavaThread "Cache worker for Build Output Cleanup Cache (C:\Users\acer\AndroidStudioProjects\MemeApp\.gradle\buildOutputCleanup)" [_thread_blocked, id=1348, stack(0x000000f458b00000,0x000000f458c00000)]
  0x0000029d9e032000 JavaThread "Unconstrained build operations" [_thread_blocked, id=7436, stack(0x000000f458e00000,0x000000f458f00000)]
  0x0000029d9e030800 JavaThread "Unconstrained build operations Thread 2" [_thread_blocked, id=4668, stack(0x000000f458f00000,0x000000f459000000)]
  0x0000029d9e033000 JavaThread "Unconstrained build operations Thread 3" [_thread_blocked, id=8708, stack(0x000000f459000000,0x000000f459100000)]
  0x0000029d9c06d800 JavaThread "Unconstrained build operations Thread 4" [_thread_blocked, id=8756, stack(0x000000f459100000,0x000000f459200000)]
  0x0000029d9c06c000 JavaThread "Unconstrained build operations Thread 5" [_thread_blocked, id=9404, stack(0x000000f459200000,0x000000f459300000)]
  0x0000029d9c06e000 JavaThread "Unconstrained build operations Thread 6" [_thread_blocked, id=8172, stack(0x000000f459300000,0x000000f459400000)]
  0x0000029d9c06f000 JavaThread "Unconstrained build operations Thread 7" [_thread_blocked, id=5672, stack(0x000000f459400000,0x000000f459500000)]
  0x0000029d9c069800 JavaThread "Unconstrained build operations Thread 8" [_thread_blocked, id=4756, stack(0x000000f459500000,0x000000f459600000)]
  0x0000029d9c070000 JavaThread "Unconstrained build operations Thread 9" [_thread_blocked, id=4356, stack(0x000000f459600000,0x000000f459700000)]
  0x0000029d9c06b000 JavaThread "Unconstrained build operations Thread 10" [_thread_blocked, id=5364, stack(0x000000f459700000,0x000000f459800000)]
  0x0000029d9c06a000 JavaThread "Unconstrained build operations Thread 11" [_thread_blocked, id=2792, stack(0x000000f459800000,0x000000f459900000)]
  0x0000029d9c076800 JavaThread "Unconstrained build operations Thread 12" [_thread_blocked, id=3632, stack(0x000000f459900000,0x000000f459a00000)]
  0x0000029d9c073000 JavaThread "Unconstrained build operations Thread 13" [_thread_blocked, id=3636, stack(0x000000f459a00000,0x000000f459b00000)]
  0x0000029d9c074000 JavaThread "Unconstrained build operations Thread 14" [_thread_blocked, id=9924, stack(0x000000f459b00000,0x000000f459c00000)]
  0x0000029d9c075000 JavaThread "Unconstrained build operations Thread 15" [_thread_blocked, id=6156, stack(0x000000f459c00000,0x000000f459d00000)]
  0x0000029d9c075800 JavaThread "Unconstrained build operations Thread 16" [_thread_blocked, id=1292, stack(0x000000f459d00000,0x000000f459e00000)]
  0x0000029d9c070800 JavaThread "Unconstrained build operations Thread 17" [_thread_blocked, id=3416, stack(0x000000f459e00000,0x000000f459f00000)]
  0x0000029d9c077000 JavaThread "Unconstrained build operations Thread 18" [_thread_blocked, id=8340, stack(0x000000f459f00000,0x000000f45a000000)]
  0x0000029d9c071800 JavaThread "Unconstrained build operations Thread 19" [_thread_blocked, id=10212, stack(0x000000f45a000000,0x000000f45a100000)]
  0x0000029d9c078000 JavaThread "Unconstrained build operations Thread 20" [_thread_blocked, id=8484, stack(0x000000f45a100000,0x000000f45a200000)]
  0x0000029d9c072800 JavaThread "Unconstrained build operations Thread 21" [_thread_blocked, id=9052, stack(0x000000f45a200000,0x000000f45a300000)]
  0x0000029d9e1da800 JavaThread "Unconstrained build operations Thread 22" [_thread_blocked, id=5584, stack(0x000000f45a300000,0x000000f45a400000)]
  0x0000029d9e1dd800 JavaThread "Unconstrained build operations Thread 23" [_thread_blocked, id=2840, stack(0x000000f45a400000,0x000000f45a500000)]
  0x0000029d9e1db800 JavaThread "Unconstrained build operations Thread 24" [_thread_blocked, id=5556, stack(0x000000f45a500000,0x000000f45a600000)]
  0x0000029d9e1d9000 JavaThread "Unconstrained build operations Thread 25" [_thread_blocked, id=7616, stack(0x000000f45a600000,0x000000f45a700000)]
  0x0000029d9e1de800 JavaThread "Unconstrained build operations Thread 26" [_thread_blocked, id=9556, stack(0x000000f45a700000,0x000000f45a800000)]
  0x0000029d9e1df800 JavaThread "Unconstrained build operations Thread 27" [_thread_blocked, id=8272, stack(0x000000f45a800000,0x000000f45a900000)]
  0x0000029d9e1d9800 JavaThread "Unconstrained build operations Thread 28" [_thread_blocked, id=7040, stack(0x000000f45a900000,0x000000f45aa00000)]
  0x0000029d9e1e6000 JavaThread "Unconstrained build operations Thread 29" [_thread_blocked, id=596, stack(0x000000f45aa00000,0x000000f45ab00000)]
  0x0000029d9e1e1000 JavaThread "Unconstrained build operations Thread 30" [_thread_blocked, id=10016, stack(0x000000f45ab00000,0x000000f45ac00000)]
  0x0000029d9e1e2000 JavaThread "Unconstrained build operations Thread 31" [_thread_blocked, id=1744, stack(0x000000f45ac00000,0x000000f45ad00000)]
  0x0000029d9e1e2800 JavaThread "Unconstrained build operations Thread 32" [_thread_blocked, id=7764, stack(0x000000f45ad00000,0x000000f45ae00000)]
  0x0000029d9e1e3800 JavaThread "Unconstrained build operations Thread 33" [_thread_blocked, id=3608, stack(0x000000f45ae00000,0x000000f45af00000)]
  0x0000029d9e1e4800 JavaThread "Unconstrained build operations Thread 34" [_thread_blocked, id=8568, stack(0x000000f45af00000,0x000000f45b000000)]
  0x0000029d9e1e5000 JavaThread "Unconstrained build operations Thread 35" [_thread_blocked, id=8208, stack(0x000000f45b000000,0x000000f45b100000)]
  0x0000029d9e1e0000 JavaThread "Unconstrained build operations Thread 36" [_thread_blocked, id=9248, stack(0x000000f45b100000,0x000000f45b200000)]
  0x0000029d9e1e6800 JavaThread "Unconstrained build operations Thread 37" [_thread_blocked, id=9484, stack(0x000000f45b200000,0x000000f45b300000)]
  0x0000029d9e1e7800 JavaThread "Unconstrained build operations Thread 38" [_thread_blocked, id=2348, stack(0x000000f45b300000,0x000000f45b400000)]
  0x0000029d9c512000 JavaThread "Unconstrained build operations Thread 39" [_thread_blocked, id=6116, stack(0x000000f45b500000,0x000000f45b600000)]
  0x0000029d9c50e000 JavaThread "Unconstrained build operations Thread 40" [_thread_blocked, id=8932, stack(0x000000f45b600000,0x000000f45b700000)]
  0x0000029d9c50f800 JavaThread "build event listener" [_thread_blocked, id=7432, stack(0x000000f45be00000,0x000000f45bf00000)]
  0x0000029d9c50e800 JavaThread "pool-15-thread-1" [_thread_blocked, id=10100, stack(0x000000f45bf00000,0x000000f45c000000)]
  0x0000029d9c510000 JavaThread "build event listener" [_thread_blocked, id=1500, stack(0x000000f45c000000,0x000000f45c100000)]
  0x0000029d9c512800 JavaThread "included builds" [_thread_blocked, id=8560, stack(0x000000f45c100000,0x000000f45c200000)]
  0x0000029d9c514800 JavaThread "Execution worker for ':'" [_thread_blocked, id=812, stack(0x000000f45c200000,0x000000f45c300000)]
  0x0000029d9c513800 JavaThread "Execution worker for ':' Thread 2" [_thread_blocked, id=3732, stack(0x000000f45c300000,0x000000f45c400000)]
  0x0000029d9c515000 JavaThread "Execution worker for ':' Thread 3" [_thread_blocked, id=3252, stack(0x000000f45c400000,0x000000f45c500000)]
  0x0000029d9c516000 JavaThread "Cache worker for execution history cache (C:\Users\acer\AndroidStudioProjects\MemeApp\.gradle\7.4\executionHistory)" [_thread_blocked, id=9604, stack(0x000000f45c500000,0x000000f45c600000)]
  0x0000029d9c511000 JavaThread "WorkerExecutor Queue" [_thread_blocked, id=3764, stack(0x000000f45c600000,0x000000f45c700000)]
  0x0000029d9c518800 JavaThread "WorkerExecutor Queue Thread 2" [_thread_blocked, id=6744, stack(0x000000f458d00000,0x000000f458e00000)]
  0x0000029d9e154800 JavaThread "C2 CompilerThread1" daemon [_thread_blocked, id=8196, stack(0x000000f45c700000,0x000000f45c800000)]

Other Threads:
=>0x0000029d9a3e1800 VMThread "VM Thread" [stack: 0x000000f456500000,0x000000f456600000] [id=8936]
  0x0000029d9aefa800 WatcherThread [stack: 0x000000f456f00000,0x000000f457000000] [id=8296]
  0x0000029d80034800 GCTaskThread "GC Thread#0" [stack: 0x000000f456000000,0x000000f456100000] [id=7792]
  0x0000029d9b463800 GCTaskThread "GC Thread#1" [stack: 0x000000f457100000,0x000000f457200000] [id=4896]
  0x0000029d9c6e4800 GCTaskThread "GC Thread#2" [stack: 0x000000f457600000,0x000000f457700000] [id=8608]
  0x0000029d9d604800 GCTaskThread "GC Thread#3" [stack: 0x000000f457700000,0x000000f457800000] [id=3456]
  0x0000029d80068000 ConcurrentGCThread "G1 Main Marker" [stack: 0x000000f456100000,0x000000f456200000] [id=9580]
  0x0000029d80069000 ConcurrentGCThread "G1 Conc#0" [stack: 0x000000f456200000,0x000000f456300000] [id=9704]
  0x0000029d800e2000 ConcurrentGCThread "G1 Refine#0" [stack: 0x000000f456300000,0x000000f456400000] [id=1788]
  0x0000029d800e3000 ConcurrentGCThread "G1 Young RemSet Sampling" [stack: 0x000000f456400000,0x000000f456500000] [id=9020]

Threads with active compile tasks:
C2 CompilerThread0 323553 19992       4       com.android.tools.r8.graph.y2::a (14 bytes)
C1 CompilerThread0 323554 20024       3       com.android.tools.r8.internal.X9::a (871 bytes)
C2 CompilerThread1 323554 19998 %     4       com.android.tools.r8.internal.Pa::a @ 80 (6176 bytes)

VM state:at safepoint (normal execution)

VM Mutex/Monitor currently owned by a thread:  ([mutex/lock_event])
[0x0000029d800196e0] Threads_lock - owner thread: 0x0000029d9a3e1800
[0x0000029d80019d10] Heap_lock - owner thread: 0x0000029d9c078000

Heap address: 0x0000000080000000, size: 2048 MB, Compressed Oops mode: 32-bit
Narrow klass base: 0x0000000000000000, Narrow klass shift: 3
Compressed class space size: 1073741824 Address: 0x0000000100000000

Heap:
 garbage-first heap   total 457728K, used 220112K [0x0000000080000000, 0x0000000100000000)
  region size 1024K, 4 young (4096K), 4 survivors (4096K)
 Metaspace       used 137077K, capacity 140963K, committed 141104K, reserved 1171456K
  class space    used 16928K, capacity 18299K, committed 18304K, reserved 1048576K
Heap Regions: E=young(eden), S=young(survivor), O=old, HS=humongous(starts), HC=humongous(continues), CS=collection set, F=free, A=archive, TAMS=top-at-mark-start (previous, next)
|   0|0x0000000080000000, 0x0000000080100000, 0x0000000080100000|100%|HS|  |TAMS 0x0000000080100000, 0x0000000080000000| Complete 
|   1|0x0000000080100000, 0x0000000080200000, 0x0000000080200000|100%|HC|  |TAMS 0x0000000080200000, 0x0000000080100000| Complete 
|   2|0x0000000080200000, 0x0000000080300000, 0x0000000080300000|100%|HC|  |TAMS 0x0000000080300000, 0x0000000080200000| Complete 
|   3|0x0000000080300000, 0x0000000080400000, 0x0000000080400000|100%| O|  |TAMS 0x0000000080400000, 0x0000000080300000| Untracked 
|   4|0x0000000080400000, 0x0000000080500000, 0x0000000080500000|100%| O|  |TAMS 0x0000000080500000, 0x0000000080400000| Untracked 
|   5|0x0000000080500000, 0x0000000080600000, 0x0000000080600000|100%| O|  |TAMS 0x0000000080600000, 0x0000000080500000| Untracked 
|   6|0x0000000080600000, 0x0000000080700000, 0x0000000080700000|100%| O|  |TAMS 0x0000000080700000, 0x0000000080600000| Untracked 
|   7|0x0000000080700000, 0x0000000080800000, 0x0000000080800000|100%| O|  |TAMS 0x0000000080800000, 0x0000000080700000| Untracked 
|   8|0x0000000080800000, 0x0000000080900000, 0x0000000080900000|100%| O|  |TAMS 0x0000000080900000, 0x0000000080800000| Untracked 
|   9|0x0000000080900000, 0x0000000080a00000, 0x0000000080a00000|100%| O|  |TAMS 0x0000000080a00000, 0x0000000080900000| Untracked 
|  10|0x0000000080a00000, 0x0000000080b00000, 0x0000000080b00000|100%| O|  |TAMS 0x0000000080b00000, 0x0000000080a00000| Untracked 
|  11|0x0000000080b00000, 0x0000000080c00000, 0x0000000080c00000|100%| O|  |TAMS 0x0000000080c00000, 0x0000000080b00000| Untracked 
|  12|0x0000000080c00000, 0x0000000080d00000, 0x0000000080d00000|100%| O|  |TAMS 0x0000000080d00000, 0x0000000080c00000| Untracked 
|  13|0x0000000080d00000, 0x0000000080e00000, 0x0000000080e00000|100%| O|  |TAMS 0x0000000080e00000, 0x0000000080d00000| Untracked 
|  14|0x0000000080e00000, 0x0000000080f00000, 0x0000000080f00000|100%| O|  |TAMS 0x0000000080f00000, 0x0000000080e00000| Untracked 
|  15|0x0000000080f00000, 0x0000000081000000, 0x0000000081000000|100%| O|  |TAMS 0x0000000081000000, 0x0000000080f00000| Untracked 
|  16|0x0000000081000000, 0x0000000081100000, 0x0000000081100000|100%|HS|  |TAMS 0x0000000081100000, 0x0000000081000000| Complete 
|  17|0x0000000081100000, 0x0000000081200000, 0x0000000081200000|100%|HC|  |TAMS 0x0000000081200000, 0x0000000081100000| Complete 
|  18|0x0000000081200000, 0x0000000081300000, 0x0000000081300000|100%|HS|  |TAMS 0x0000000081300000, 0x0000000081200000| Complete 
|  19|0x0000000081300000, 0x0000000081400000, 0x0000000081400000|100%|HC|  |TAMS 0x0000000081400000, 0x0000000081300000| Complete 
|  20|0x0000000081400000, 0x0000000081500000, 0x0000000081500000|100%|HC|  |TAMS 0x0000000081500000, 0x0000000081400000| Complete 
|  21|0x0000000081500000, 0x0000000081600000, 0x0000000081600000|100%|HS|  |TAMS 0x0000000081600000, 0x0000000081500000| Complete 
|  22|0x0000000081600000, 0x0000000081700000, 0x0000000081700000|100%|HC|  |TAMS 0x0000000081700000, 0x0000000081600000| Complete 
|  23|0x0000000081700000, 0x0000000081800000, 0x0000000081800000|100%|HC|  |TAMS 0x0000000081800000, 0x0000000081700000| Complete 
|  24|0x0000000081800000, 0x0000000081900000, 0x0000000081900000|100%|HS|  |TAMS 0x0000000081900000, 0x0000000081800000| Complete 
|  25|0x0000000081900000, 0x0000000081a00000, 0x0000000081a00000|100%|HC|  |TAMS 0x0000000081a00000, 0x0000000081900000| Complete 
|  26|0x0000000081a00000, 0x0000000081b00000, 0x0000000081b00000|100%|HC|  |TAMS 0x0000000081b00000, 0x0000000081a00000| Complete 
|  27|0x0000000081b00000, 0x0000000081c00000, 0x0000000081c00000|100%|HC|  |TAMS 0x0000000081c00000, 0x0000000081b00000| Complete 
|  28|0x0000000081c00000, 0x0000000081d00000, 0x0000000081d00000|100%|HS|  |TAMS 0x0000000081d00000, 0x0000000081c00000| Complete 
|  29|0x0000000081d00000, 0x0000000081e00000, 0x0000000081e00000|100%|HC|  |TAMS 0x0000000081e00000, 0x0000000081d00000| Complete 
|  30|0x0000000081e00000, 0x0000000081f00000, 0x0000000081f00000|100%|HC|  |TAMS 0x0000000081f00000, 0x0000000081e00000| Complete 
|  31|0x0000000081f00000, 0x0000000082000000, 0x0000000082000000|100%|HC|  |TAMS 0x0000000082000000, 0x0000000081f00000| Complete 
|  32|0x0000000082000000, 0x0000000082100000, 0x0000000082100000|100%|HC|  |TAMS 0x0000000082100000, 0x0000000082000000| Complete 
|  33|0x0000000082100000, 0x0000000082200000, 0x0000000082200000|100%|HS|  |TAMS 0x0000000082200000, 0x0000000082100000| Complete 
|  34|0x0000000082200000, 0x0000000082300000, 0x0000000082300000|100%| O|  |TAMS 0x0000000082300000, 0x0000000082200000| Untracked 
|  35|0x0000000082300000, 0x0000000082400000, 0x0000000082400000|100%| O|  |TAMS 0x0000000082400000, 0x0000000082300000| Untracked 
|  36|0x0000000082400000, 0x0000000082500000, 0x0000000082500000|100%| O|  |TAMS 0x0000000082500000, 0x0000000082400000| Untracked 
|  37|0x0000000082500000, 0x0000000082600000, 0x0000000082600000|100%| O|  |TAMS 0x0000000082600000, 0x0000000082500000| Untracked 
|  38|0x0000000082600000, 0x0000000082700000, 0x0000000082700000|100%| O|  |TAMS 0x0000000082700000, 0x0000000082600000| Untracked 
|  39|0x0000000082700000, 0x0000000082800000, 0x0000000082800000|100%| O|  |TAMS 0x0000000082800000, 0x0000000082700000| Untracked 
|  40|0x0000000082800000, 0x0000000082900000, 0x0000000082900000|100%| O|  |TAMS 0x0000000082900000, 0x0000000082800000| Untracked 
|  41|0x0000000082900000, 0x0000000082a00000, 0x0000000082a00000|100%| O|  |TAMS 0x0000000082a00000, 0x0000000082900000| Untracked 
|  42|0x0000000082a00000, 0x0000000082b00000, 0x0000000082b00000|100%| O|  |TAMS 0x0000000082b00000, 0x0000000082a00000| Untracked 
|  43|0x0000000082b00000, 0x0000000082c00000, 0x0000000082c00000|100%|HS|  |TAMS 0x0000000082c00000, 0x0000000082b00000| Complete 
|  44|0x0000000082c00000, 0x0000000082d00000, 0x0000000082d00000|100%|HC|  |TAMS 0x0000000082d00000, 0x0000000082c00000| Complete 
|  45|0x0000000082d00000, 0x0000000082e00000, 0x0000000082e00000|100%|HC|  |TAMS 0x0000000082e00000, 0x0000000082d00000| Complete 
|  46|0x0000000082e00000, 0x0000000082f00000, 0x0000000082f00000|100%| O|  |TAMS 0x0000000082f00000, 0x0000000082e00000| Untracked 
|  47|0x0000000082f00000, 0x0000000083000000, 0x0000000083000000|100%|HS|  |TAMS 0x0000000083000000, 0x0000000082f00000| Complete 
|  48|0x0000000083000000, 0x0000000083100000, 0x0000000083100000|100%|HC|  |TAMS 0x0000000083100000, 0x0000000083000000| Complete 
|  49|0x0000000083100000, 0x0000000083200000, 0x0000000083200000|100%|HS|  |TAMS 0x0000000083200000, 0x0000000083100000| Complete 
|  50|0x0000000083200000, 0x0000000083300000, 0x0000000083300000|100%|HC|  |TAMS 0x0000000083300000, 0x0000000083200000| Complete 
|  51|0x0000000083300000, 0x0000000083400000, 0x0000000083400000|100%|HC|  |TAMS 0x0000000083400000, 0x0000000083300000| Complete 
|  52|0x0000000083400000, 0x0000000083500000, 0x0000000083500000|100%|HC|  |TAMS 0x0000000083500000, 0x0000000083400000| Complete 
|  53|0x0000000083500000, 0x0000000083600000, 0x0000000083600000|100%|HS|  |TAMS 0x0000000083600000, 0x0000000083500000| Complete 
|  54|0x0000000083600000, 0x0000000083700000, 0x0000000083700000|100%|HC|  |TAMS 0x0000000083700000, 0x0000000083600000| Complete 
|  55|0x0000000083700000, 0x0000000083800000, 0x0000000083800000|100%|HC|  |TAMS 0x0000000083800000, 0x0000000083700000| Complete 
|  56|0x0000000083800000, 0x0000000083900000, 0x0000000083900000|100%| O|  |TAMS 0x0000000083900000, 0x0000000083800000| Untracked 
|  57|0x0000000083900000, 0x0000000083a00000, 0x0000000083a00000|100%| O|  |TAMS 0x0000000083a00000, 0x0000000083900000| Untracked 
|  58|0x0000000083a00000, 0x0000000083b00000, 0x0000000083b00000|100%| O|  |TAMS 0x0000000083b00000, 0x0000000083a00000| Untracked 
|  59|0x0000000083b00000, 0x0000000083c00000, 0x0000000083c00000|100%| O|  |TAMS 0x0000000083c00000, 0x0000000083b00000| Untracked 
|  60|0x0000000083c00000, 0x0000000083d00000, 0x0000000083d00000|100%| O|  |TAMS 0x0000000083d00000, 0x0000000083c00000| Untracked 
|  61|0x0000000083d00000, 0x0000000083e00000, 0x0000000083e00000|100%| O|  |TAMS 0x0000000083e00000, 0x0000000083d00000| Untracked 
|  62|0x0000000083e00000, 0x0000000083f00000, 0x0000000083f00000|100%| O|  |TAMS 0x0000000083f00000, 0x0000000083e00000| Untracked 
|  63|0x0000000083f00000, 0x0000000084000000, 0x0000000084000000|100%| O|  |TAMS 0x0000000084000000, 0x0000000083f00000| Untracked 
|  64|0x0000000084000000, 0x0000000084100000, 0x0000000084100000|100%| O|  |TAMS 0x0000000084100000, 0x0000000084000000| Untracked 
|  65|0x0000000084100000, 0x0000000084200000, 0x0000000084200000|100%| O|  |TAMS 0x0000000084200000, 0x0000000084100000| Untracked 
|  66|0x0000000084200000, 0x0000000084300000, 0x0000000084300000|100%|HS|  |TAMS 0x0000000084300000, 0x0000000084200000| Complete 
|  67|0x0000000084300000, 0x0000000084400000, 0x0000000084400000|100%|HC|  |TAMS 0x0000000084400000, 0x0000000084300000| Complete 
|  68|0x0000000084400000, 0x0000000084500000, 0x0000000084500000|100%|HC|  |TAMS 0x0000000084500000, 0x0000000084400000| Complete 
|  69|0x0000000084500000, 0x0000000084600000, 0x0000000084600000|100%|HC|  |TAMS 0x0000000084600000, 0x0000000084500000| Complete 
|  70|0x0000000084600000, 0x0000000084700000, 0x0000000084700000|100%|HC|  |TAMS 0x0000000084700000, 0x0000000084600000| Complete 
|  71|0x0000000084700000, 0x0000000084800000, 0x0000000084800000|100%| O|  |TAMS 0x0000000084800000, 0x0000000084700000| Untracked 
|  72|0x0000000084800000, 0x0000000084900000, 0x0000000084900000|100%| O|  |TAMS 0x0000000084900000, 0x0000000084800000| Untracked 
|  73|0x0000000084900000, 0x0000000084a00000, 0x0000000084a00000|100%| O|  |TAMS 0x0000000084a00000, 0x0000000084900000| Untracked 
|  74|0x0000000084a00000, 0x0000000084b00000, 0x0000000084b00000|100%| O|  |TAMS 0x0000000084b00000, 0x0000000084a00000| Untracked 
|  75|0x0000000084b00000, 0x0000000084c00000, 0x0000000084c00000|100%| O|  |TAMS 0x0000000084c00000, 0x0000000084b00000| Untracked 
|  76|0x0000000084c00000, 0x0000000084d00000, 0x0000000084d00000|100%| O|  |TAMS 0x0000000084d00000, 0x0000000084c00000| Untracked 
|  77|0x0000000084d00000, 0x0000000084e00000, 0x0000000084e00000|100%| O|  |TAMS 0x0000000084e00000, 0x0000000084d00000| Untracked 
|  78|0x0000000084e00000, 0x0000000084f00000, 0x0000000084f00000|100%| O|  |TAMS 0x0000000084f00000, 0x0000000084e00000| Untracked 
|  79|0x0000000084f00000, 0x0000000085000000, 0x0000000085000000|100%|HS|  |TAMS 0x0000000085000000, 0x0000000084f00000| Complete 
|  80|0x0000000085000000, 0x0000000085100000, 0x0000000085100000|100%|HS|  |TAMS 0x0000000085100000, 0x0000000085000000| Complete 
|  81|0x0000000085100000, 0x0000000085200000, 0x0000000085200000|100%|HS|  |TAMS 0x0000000085200000, 0x0000000085100000| Complete 
|  82|0x0000000085200000, 0x0000000085300000, 0x0000000085300000|100%|HS|  |TAMS 0x0000000085300000, 0x0000000085200000| Complete 
|  83|0x0000000085300000, 0x0000000085400000, 0x0000000085400000|100%|HC|  |TAMS 0x0000000085400000, 0x0000000085300000| Complete 
|  84|0x0000000085400000, 0x0000000085500000, 0x0000000085500000|100%|HC|  |TAMS 0x0000000085500000, 0x0000000085400000| Complete 
|  85|0x0000000085500000, 0x0000000085600000, 0x0000000085600000|100%| O|  |TAMS 0x0000000085600000, 0x0000000085500000| Untracked 
|  86|0x0000000085600000, 0x0000000085700000, 0x0000000085700000|100%|HS|  |TAMS 0x0000000085700000, 0x0000000085600000| Complete 
|  87|0x0000000085700000, 0x0000000085800000, 0x0000000085800000|100%|HC|  |TAMS 0x0000000085800000, 0x0000000085700000| Complete 
|  88|0x0000000085800000, 0x0000000085900000, 0x0000000085900000|100%| O|  |TAMS 0x0000000085900000, 0x0000000085800000| Untracked 
|  89|0x0000000085900000, 0x0000000085a00000, 0x0000000085a00000|100%| O|  |TAMS 0x0000000085a00000, 0x0000000085900000| Untracked 
|  90|0x0000000085a00000, 0x0000000085b00000, 0x0000000085b00000|100%| O|  |TAMS 0x0000000085b00000, 0x0000000085a00000| Untracked 
|  91|0x0000000085b00000, 0x0000000085c00000, 0x0000000085c00000|100%| O|  |TAMS 0x0000000085c00000, 0x0000000085b00000| Untracked 
|  92|0x0000000085c00000, 0x0000000085d00000, 0x0000000085d00000|100%| O|  |TAMS 0x0000000085d00000, 0x0000000085c00000| Untracked 
|  93|0x0000000085d00000, 0x0000000085e00000, 0x0000000085e00000|100%| O|  |TAMS 0x0000000085e00000, 0x0000000085d00000| Untracked 
|  94|0x0000000085e00000, 0x0000000085f00000, 0x0000000085f00000|100%| O|  |TAMS 0x0000000085f00000, 0x0000000085e00000| Untracked 
|  95|0x0000000085f00000, 0x0000000086000000, 0x0000000086000000|100%| O|  |TAMS 0x0000000086000000, 0x0000000085f00000| Untracked 
|  96|0x0000000086000000, 0x0000000086100000, 0x0000000086100000|100%| O|  |TAMS 0x0000000086100000, 0x0000000086000000| Untracked 
|  97|0x0000000086100000, 0x0000000086200000, 0x0000000086200000|100%| O|  |TAMS 0x0000000086200000, 0x0000000086100000| Untracked 
|  98|0x0000000086200000, 0x0000000086300000, 0x0000000086300000|100%| O|  |TAMS 0x0000000086300000, 0x0000000086200000| Untracked 
|  99|0x0000000086300000, 0x0000000086400000, 0x0000000086400000|100%| O|  |TAMS 0x0000000086400000, 0x0000000086300000| Untracked 
| 100|0x0000000086400000, 0x0000000086500000, 0x0000000086500000|100%| O|  |TAMS 0x0000000086500000, 0x0000000086400000| Untracked 
| 101|0x0000000086500000, 0x0000000086600000, 0x0000000086600000|100%| O|  |TAMS 0x0000000086600000, 0x0000000086500000| Untracked 
| 102|0x0000000086600000, 0x0000000086700000, 0x0000000086700000|100%| O|  |TAMS 0x0000000086700000, 0x0000000086600000| Untracked 
| 103|0x0000000086700000, 0x0000000086800000, 0x0000000086800000|100%| O|  |TAMS 0x0000000086800000, 0x0000000086700000| Untracked 
| 104|0x0000000086800000, 0x0000000086900000, 0x0000000086900000|100%| O|  |TAMS 0x0000000086900000, 0x0000000086800000| Untracked 
| 105|0x0000000086900000, 0x0000000086a00000, 0x0000000086a00000|100%| O|  |TAMS 0x0000000086a00000, 0x0000000086900000| Untracked 
| 106|0x0000000086a00000, 0x0000000086b00000, 0x0000000086b00000|100%| O|  |TAMS 0x0000000086b00000, 0x0000000086a00000| Untracked 
| 107|0x0000000086b00000, 0x0000000086c00000, 0x0000000086c00000|100%| O|  |TAMS 0x0000000086c00000, 0x0000000086b00000| Untracked 
| 108|0x0000000086c00000, 0x0000000086d00000, 0x0000000086d00000|100%| O|  |TAMS 0x0000000086d00000, 0x0000000086c00000| Untracked 
| 109|0x0000000086d00000, 0x0000000086e00000, 0x0000000086e00000|100%| O|  |TAMS 0x0000000086e00000, 0x0000000086d00000| Untracked 
| 110|0x0000000086e00000, 0x0000000086f00000, 0x0000000086f00000|100%| O|  |TAMS 0x0000000086f00000, 0x0000000086e00000| Untracked 
| 111|0x0000000086f00000, 0x0000000087000000, 0x0000000087000000|100%| O|  |TAMS 0x0000000087000000, 0x0000000086f00000| Untracked 
| 112|0x0000000087000000, 0x0000000087100000, 0x0000000087100000|100%| O|  |TAMS 0x0000000087100000, 0x0000000087000000| Untracked 
| 113|0x0000000087100000, 0x0000000087200000, 0x0000000087200000|100%| O|  |TAMS 0x0000000087200000, 0x0000000087100000| Untracked 
| 114|0x0000000087200000, 0x0000000087300000, 0x0000000087300000|100%| O|  |TAMS 0x0000000087300000, 0x0000000087200000| Untracked 
| 115|0x0000000087300000, 0x0000000087400000, 0x0000000087400000|100%| O|  |TAMS 0x0000000087400000, 0x0000000087300000| Untracked 
| 116|0x0000000087400000, 0x0000000087500000, 0x0000000087500000|100%| O|  |TAMS 0x0000000087500000, 0x0000000087400000| Untracked 
| 117|0x0000000087500000, 0x0000000087600000, 0x0000000087600000|100%| O|  |TAMS 0x0000000087600000, 0x0000000087500000| Untracked 
| 118|0x0000000087600000, 0x0000000087700000, 0x0000000087700000|100%|HS|  |TAMS 0x0000000087700000, 0x0000000087600000| Complete 
| 119|0x0000000087700000, 0x0000000087800000, 0x0000000087800000|100%|HC|  |TAMS 0x0000000087800000, 0x0000000087700000| Complete 
| 120|0x0000000087800000, 0x0000000087900000, 0x0000000087900000|100%|HS|  |TAMS 0x0000000087900000, 0x0000000087800000| Complete 
| 121|0x0000000087900000, 0x0000000087a00000, 0x0000000087a00000|100%|HC|  |TAMS 0x0000000087a00000, 0x0000000087900000| Complete 
| 122|0x0000000087a00000, 0x0000000087b00000, 0x0000000087b00000|100%|HC|  |TAMS 0x0000000087b00000, 0x0000000087a00000| Complete 
| 123|0x0000000087b00000, 0x0000000087c00000, 0x0000000087c00000|100%|HS|  |TAMS 0x0000000087c00000, 0x0000000087b00000| Complete 
| 124|0x0000000087c00000, 0x0000000087d00000, 0x0000000087d00000|100%|HC|  |TAMS 0x0000000087d00000, 0x0000000087c00000| Complete 
| 125|0x0000000087d00000, 0x0000000087e00000, 0x0000000087e00000|100%|HC|  |TAMS 0x0000000087e00000, 0x0000000087d00000| Complete 
| 126|0x0000000087e00000, 0x0000000087f00000, 0x0000000087f00000|100%|HS|  |TAMS 0x0000000087f00000, 0x0000000087e00000| Complete 
| 127|0x0000000087f00000, 0x0000000088000000, 0x0000000088000000|100%|HC|  |TAMS 0x0000000088000000, 0x0000000087f00000| Complete 
| 128|0x0000000088000000, 0x0000000088100000, 0x0000000088100000|100%|HC|  |TAMS 0x0000000088100000, 0x0000000088000000| Complete 
| 129|0x0000000088100000, 0x0000000088200000, 0x0000000088200000|100%|HC|  |TAMS 0x0000000088200000, 0x0000000088100000| Complete 
| 130|0x0000000088200000, 0x0000000088300000, 0x0000000088300000|100%|HS|  |TAMS 0x0000000088300000, 0x0000000088200000| Complete 
| 131|0x0000000088300000, 0x0000000088400000, 0x0000000088400000|100%|HC|  |TAMS 0x0000000088400000, 0x0000000088300000| Complete 
| 132|0x0000000088400000, 0x0000000088500000, 0x0000000088500000|100%|HC|  |TAMS 0x0000000088500000, 0x0000000088400000| Complete 
| 133|0x0000000088500000, 0x0000000088600000, 0x0000000088600000|100%|HC|  |TAMS 0x0000000088600000, 0x0000000088500000| Complete 
| 134|0x0000000088600000, 0x0000000088700000, 0x0000000088700000|100%|HC|  |TAMS 0x0000000088700000, 0x0000000088600000| Complete 
| 135|0x0000000088700000, 0x0000000088800000, 0x0000000088800000|100%|HS|  |TAMS 0x0000000088800000, 0x0000000088700000| Complete 
| 136|0x0000000088800000, 0x0000000088900000, 0x0000000088900000|100%| O|  |TAMS 0x0000000088900000, 0x0000000088800000| Untracked 
| 137|0x0000000088900000, 0x0000000088a00000, 0x0000000088a00000|100%| O|  |TAMS 0x0000000088a00000, 0x0000000088900000| Untracked 
| 138|0x0000000088a00000, 0x0000000088b00000, 0x0000000088b00000|100%| O|  |TAMS 0x0000000088b00000, 0x0000000088a00000| Untracked 
| 139|0x0000000088b00000, 0x0000000088c00000, 0x0000000088c00000|100%| O|  |TAMS 0x0000000088c00000, 0x0000000088b00000| Untracked 
| 140|0x0000000088c00000, 0x0000000088d00000, 0x0000000088d00000|100%| O|  |TAMS 0x0000000088d00000, 0x0000000088c00000| Untracked 
| 141|0x0000000088d00000, 0x0000000088e00000, 0x0000000088e00000|100%| O|  |TAMS 0x0000000088e00000, 0x0000000088d00000| Untracked 
| 142|0x0000000088e00000, 0x0000000088f00000, 0x0000000088f00000|100%| O|  |TAMS 0x0000000088f00000, 0x0000000088e00000| Untracked 
| 143|0x0000000088f00000, 0x0000000089000000, 0x0000000089000000|100%| O|  |TAMS 0x0000000089000000, 0x0000000088f00000| Untracked 
| 144|0x0000000089000000, 0x0000000089100000, 0x0000000089100000|100%| O|  |TAMS 0x0000000089100000, 0x0000000089000000| Untracked 
| 145|0x0000000089100000, 0x0000000089200000, 0x0000000089200000|100%| O|  |TAMS 0x0000000089200000, 0x0000000089100000| Untracked 
| 146|0x0000000089200000, 0x0000000089300000, 0x0000000089300000|100%| O|  |TAMS 0x0000000089300000, 0x0000000089200000| Untracked 
| 147|0x0000000089300000, 0x0000000089400000, 0x0000000089400000|100%| O|  |TAMS 0x0000000089400000, 0x0000000089300000| Untracked 
| 148|0x0000000089400000, 0x0000000089500000, 0x0000000089500000|100%| O|  |TAMS 0x0000000089500000, 0x0000000089400000| Untracked 
| 149|0x0000000089500000, 0x0000000089600000, 0x0000000089600000|100%| O|  |TAMS 0x0000000089600000, 0x0000000089500000| Untracked 
| 150|0x0000000089600000, 0x0000000089700000, 0x0000000089700000|100%| O|  |TAMS 0x0000000089700000, 0x0000000089600000| Untracked 
| 151|0x0000000089700000, 0x0000000089800000, 0x0000000089800000|100%| O|  |TAMS 0x0000000089800000, 0x0000000089700000| Untracked 
| 152|0x0000000089800000, 0x0000000089900000, 0x0000000089900000|100%| O|  |TAMS 0x0000000089900000, 0x0000000089800000| Untracked 
| 153|0x0000000089900000, 0x0000000089a00000, 0x0000000089a00000|100%| O|  |TAMS 0x0000000089a00000, 0x0000000089900000| Untracked 
| 154|0x0000000089a00000, 0x0000000089b00000, 0x0000000089b00000|100%| O|  |TAMS 0x0000000089b00000, 0x0000000089a00000| Untracked 
| 155|0x0000000089b00000, 0x0000000089c00000, 0x0000000089c00000|100%| O|  |TAMS 0x0000000089c00000, 0x0000000089b00000| Untracked 
| 156|0x0000000089c00000, 0x0000000089d00000, 0x0000000089d00000|100%| O|  |TAMS 0x0000000089d00000, 0x0000000089c00000| Untracked 
| 157|0x0000000089d00000, 0x0000000089e00000, 0x0000000089e00000|100%| O|  |TAMS 0x0000000089e00000, 0x0000000089d00000| Untracked 
| 158|0x0000000089e00000, 0x0000000089f00000, 0x0000000089f00000|100%| O|  |TAMS 0x0000000089f00000, 0x0000000089e00000| Untracked 
| 159|0x0000000089f00000, 0x000000008a000000, 0x000000008a000000|100%| O|  |TAMS 0x000000008a000000, 0x0000000089f00000| Untracked 
| 160|0x000000008a000000, 0x000000008a100000, 0x000000008a100000|100%| O|  |TAMS 0x000000008a100000, 0x000000008a000000| Untracked 
| 161|0x000000008a100000, 0x000000008a200000, 0x000000008a200000|100%| O|  |TAMS 0x000000008a200000, 0x000000008a100000| Untracked 
| 162|0x000000008a200000, 0x000000008a300000, 0x000000008a300000|100%| O|  |TAMS 0x000000008a300000, 0x000000008a200000| Untracked 
| 163|0x000000008a300000, 0x000000008a400000, 0x000000008a400000|100%| O|  |TAMS 0x000000008a400000, 0x000000008a300000| Untracked 
| 164|0x000000008a400000, 0x000000008a500000, 0x000000008a500000|100%| O|  |TAMS 0x000000008a500000, 0x000000008a400000| Untracked 
| 165|0x000000008a500000, 0x000000008a600000, 0x000000008a600000|100%| O|  |TAMS 0x000000008a600000, 0x000000008a500000| Untracked 
| 166|0x000000008a600000, 0x000000008a700000, 0x000000008a700000|100%| O|  |TAMS 0x000000008a700000, 0x000000008a600000| Untracked 
| 167|0x000000008a700000, 0x000000008a800000, 0x000000008a800000|100%| O|  |TAMS 0x000000008a800000, 0x000000008a700000| Untracked 
| 168|0x000000008a800000, 0x000000008a900000, 0x000000008a900000|100%| O|  |TAMS 0x000000008a900000, 0x000000008a800000| Untracked 
| 169|0x000000008a900000, 0x000000008aa00000, 0x000000008aa00000|100%| O|  |TAMS 0x000000008aa00000, 0x000000008a900000| Untracked 
| 170|0x000000008aa00000, 0x000000008ab00000, 0x000000008ab00000|100%| O|  |TAMS 0x000000008ab00000, 0x000000008aa00000| Untracked 
| 171|0x000000008ab00000, 0x000000008ac00000, 0x000000008ac00000|100%| O|  |TAMS 0x000000008ac00000, 0x000000008ab00000| Untracked 
| 172|0x000000008ac00000, 0x000000008ad00000, 0x000000008ad00000|100%| O|  |TAMS 0x000000008ad00000, 0x000000008ac00000| Untracked 
| 173|0x000000008ad00000, 0x000000008ae00000, 0x000000008ae00000|100%| O|  |TAMS 0x000000008ae00000, 0x000000008ad00000| Untracked 
| 174|0x000000008ae00000, 0x000000008af00000, 0x000000008af00000|100%| O|  |TAMS 0x000000008af00000, 0x000000008ae00000| Untracked 
| 175|0x000000008af00000, 0x000000008b000000, 0x000000008b000000|100%| O|  |TAMS 0x000000008b000000, 0x000000008af00000| Untracked 
| 176|0x000000008b000000, 0x000000008b100000, 0x000000008b100000|100%| O|  |TAMS 0x000000008b100000, 0x000000008b000000| Untracked 
| 177|0x000000008b100000, 0x000000008b200000, 0x000000008b200000|100%| O|  |TAMS 0x000000008b200000, 0x000000008b100000| Untracked 
| 178|0x000000008b200000, 0x000000008b300000, 0x000000008b300000|100%| O|  |TAMS 0x000000008b300000, 0x000000008b200000| Untracked 
| 179|0x000000008b300000, 0x000000008b400000, 0x000000008b400000|100%| O|  |TAMS 0x000000008b400000, 0x000000008b300000| Untracked 
| 180|0x000000008b400000, 0x000000008b500000, 0x000000008b500000|100%| O|  |TAMS 0x000000008b500000, 0x000000008b400000| Untracked 
| 181|0x000000008b500000, 0x000000008b600000, 0x000000008b600000|100%| O|  |TAMS 0x000000008b600000, 0x000000008b500000| Untracked 
| 182|0x000000008b600000, 0x000000008b700000, 0x000000008b700000|100%| O|  |TAMS 0x000000008b700000, 0x000000008b600000| Untracked 
| 183|0x000000008b700000, 0x000000008b800000, 0x000000008b800000|100%| O|  |TAMS 0x000000008b800000, 0x000000008b700000| Untracked 
| 184|0x000000008b800000, 0x000000008b900000, 0x000000008b900000|100%| O|  |TAMS 0x000000008b900000, 0x000000008b800000| Untracked 
| 185|0x000000008b900000, 0x000000008ba00000, 0x000000008ba00000|100%| O|  |TAMS 0x000000008ba00000, 0x000000008b900000| Untracked 
| 186|0x000000008ba00000, 0x000000008bb00000, 0x000000008bb00000|100%| O|  |TAMS 0x000000008bb00000, 0x000000008ba00000| Untracked 
| 187|0x000000008bb00000, 0x000000008bc00000, 0x000000008bc00000|100%| O|  |TAMS 0x000000008bc00000, 0x000000008bb00000| Untracked 
| 188|0x000000008bc00000, 0x000000008bd00000, 0x000000008bd00000|100%| O|  |TAMS 0x000000008bd00000, 0x000000008bc00000| Untracked 
| 189|0x000000008bd00000, 0x000000008be00000, 0x000000008be00000|100%| O|  |TAMS 0x000000008be00000, 0x000000008bd00000| Untracked 
| 190|0x000000008be00000, 0x000000008bf00000, 0x000000008bf00000|100%| O|  |TAMS 0x000000008bf00000, 0x000000008be00000| Untracked 
| 191|0x000000008bf00000, 0x000000008c000000, 0x000000008c000000|100%| O|  |TAMS 0x000000008c000000, 0x000000008bf00000| Untracked 
| 192|0x000000008c000000, 0x000000008c100000, 0x000000008c100000|100%| O|  |TAMS 0x000000008c100000, 0x000000008c000000| Untracked 
| 193|0x000000008c100000, 0x000000008c200000, 0x000000008c200000|100%| O|  |TAMS 0x000000008c200000, 0x000000008c100000| Untracked 
| 194|0x000000008c200000, 0x000000008c300000, 0x000000008c300000|100%| O|  |TAMS 0x000000008c300000, 0x000000008c200000| Untracked 
| 195|0x000000008c300000, 0x000000008c400000, 0x000000008c400000|100%| O|  |TAMS 0x000000008c400000, 0x000000008c300000| Untracked 
| 196|0x000000008c400000, 0x000000008c500000, 0x000000008c500000|100%| O|  |TAMS 0x000000008c500000, 0x000000008c400000| Untracked 
| 197|0x000000008c500000, 0x000000008c600000, 0x000000008c600000|100%| O|  |TAMS 0x000000008c600000, 0x000000008c500000| Untracked 
| 198|0x000000008c600000, 0x000000008c700000, 0x000000008c700000|100%| O|  |TAMS 0x000000008c700000, 0x000000008c600000| Untracked 
| 199|0x000000008c700000, 0x000000008c800000, 0x000000008c800000|100%|HS|  |TAMS 0x000000008c800000, 0x000000008c700000| Complete 
| 200|0x000000008c800000, 0x000000008c900000, 0x000000008c900000|100%|HC|  |TAMS 0x000000008c900000, 0x000000008c800000| Complete 
| 201|0x000000008c900000, 0x000000008ca00000, 0x000000008ca00000|100%| O|  |TAMS 0x000000008ca00000, 0x000000008c900000| Untracked 
| 202|0x000000008ca00000, 0x000000008cb00000, 0x000000008cb00000|100%| O|  |TAMS 0x000000008cb00000, 0x000000008ca00000| Untracked 
| 203|0x000000008cb00000, 0x000000008cc00000, 0x000000008cc00000|100%| O|  |TAMS 0x000000008cc00000, 0x000000008cb00000| Untracked 
| 204|0x000000008cc00000, 0x000000008cd00000, 0x000000008cd00000|100%| O|  |TAMS 0x000000008cd00000, 0x000000008cc00000| Untracked 
| 205|0x000000008cd00000, 0x000000008ce00000, 0x000000008ce00000|100%| O|  |TAMS 0x000000008ce00000, 0x000000008cd00000| Untracked 
| 206|0x000000008ce00000, 0x000000008cf00000, 0x000000008cf00000|100%| O|  |TAMS 0x000000008ce93400, 0x000000008ce00000| Untracked 
| 207|0x000000008cf00000, 0x000000008d000000, 0x000000008d000000|100%| O|  |TAMS 0x000000008cf00000, 0x000000008cf00000| Untracked 
| 208|0x000000008d000000, 0x000000008d100000, 0x000000008d100000|100%| O|  |TAMS 0x000000008d000000, 0x000000008d000000| Untracked 
| 209|0x000000008d100000, 0x000000008d200000, 0x000000008d200000|100%| O|  |TAMS 0x000000008d100000, 0x000000008d100000| Untracked 
| 210|0x000000008d200000, 0x000000008d2f4000, 0x000000008d300000| 95%| O|  |TAMS 0x000000008d200000, 0x000000008d200000| Untracked 
| 211|0x000000008d300000, 0x000000008d300000, 0x000000008d400000|  0%| F|  |TAMS 0x000000008d300000, 0x000000008d300000| Untracked 
| 212|0x000000008d400000, 0x000000008d400000, 0x000000008d500000|  0%| F|  |TAMS 0x000000008d400000, 0x000000008d400000| Untracked 
| 213|0x000000008d500000, 0x000000008d500000, 0x000000008d600000|  0%| F|  |TAMS 0x000000008d500000, 0x000000008d500000| Untracked 
| 214|0x000000008d600000, 0x000000008d600000, 0x000000008d700000|  0%| F|  |TAMS 0x000000008d600000, 0x000000008d600000| Untracked 
| 215|0x000000008d700000, 0x000000008d700000, 0x000000008d800000|  0%| F|  |TAMS 0x000000008d700000, 0x000000008d700000| Untracked 
| 216|0x000000008d800000, 0x000000008d800000, 0x000000008d900000|  0%| F|  |TAMS 0x000000008d800000, 0x000000008d800000| Untracked 
| 217|0x000000008d900000, 0x000000008d900000, 0x000000008da00000|  0%| F|  |TAMS 0x000000008d900000, 0x000000008d900000| Untracked 
| 218|0x000000008da00000, 0x000000008da00000, 0x000000008db00000|  0%| F|  |TAMS 0x000000008da00000, 0x000000008da00000| Untracked 
| 219|0x000000008db00000, 0x000000008db00000, 0x000000008dc00000|  0%| F|  |TAMS 0x000000008db00000, 0x000000008db00000| Untracked 
| 220|0x000000008dc00000, 0x000000008dc00000, 0x000000008dd00000|  0%| F|  |TAMS 0x000000008dc00000, 0x000000008dc00000| Untracked 
| 221|0x000000008dd00000, 0x000000008dd00000, 0x000000008de00000|  0%| F|  |TAMS 0x000000008dd00000, 0x000000008dd00000| Untracked 
| 222|0x000000008de00000, 0x000000008de00000, 0x000000008df00000|  0%| F|  |TAMS 0x000000008de00000, 0x000000008de00000| Untracked 
| 223|0x000000008df00000, 0x000000008df00000, 0x000000008e000000|  0%| F|  |TAMS 0x000000008df00000, 0x000000008df00000| Untracked 
| 224|0x000000008e000000, 0x000000008e000000, 0x000000008e100000|  0%| F|  |TAMS 0x000000008e000000, 0x000000008e000000| Untracked 
| 225|0x000000008e100000, 0x000000008e100000, 0x000000008e200000|  0%| F|  |TAMS 0x000000008e100000, 0x000000008e100000| Untracked 
| 226|0x000000008e200000, 0x000000008e200000, 0x000000008e300000|  0%| F|  |TAMS 0x000000008e200000, 0x000000008e200000| Untracked 
| 227|0x000000008e300000, 0x000000008e300000, 0x000000008e400000|  0%| F|  |TAMS 0x000000008e300000, 0x000000008e300000| Untracked 
| 228|0x000000008e400000, 0x000000008e400000, 0x000000008e500000|  0%| F|  |TAMS 0x000000008e400000, 0x000000008e400000| Untracked 
| 229|0x000000008e500000, 0x000000008e500000, 0x000000008e600000|  0%| F|  |TAMS 0x000000008e500000, 0x000000008e500000| Untracked 
| 230|0x000000008e600000, 0x000000008e600000, 0x000000008e700000|  0%| F|  |TAMS 0x000000008e600000, 0x000000008e600000| Untracked 
| 231|0x000000008e700000, 0x000000008e700000, 0x000000008e800000|  0%| F|  |TAMS 0x000000008e700000, 0x000000008e700000| Untracked 
| 232|0x000000008e800000, 0x000000008e800000, 0x000000008e900000|  0%| F|  |TAMS 0x000000008e800000, 0x000000008e800000| Untracked 
| 233|0x000000008e900000, 0x000000008e900000, 0x000000008ea00000|  0%| F|  |TAMS 0x000000008e900000, 0x000000008e900000| Untracked 
| 234|0x000000008ea00000, 0x000000008ea00000, 0x000000008eb00000|  0%| F|  |TAMS 0x000000008ea00000, 0x000000008ea00000| Untracked 
| 235|0x000000008eb00000, 0x000000008eb00000, 0x000000008ec00000|  0%| F|  |TAMS 0x000000008eb00000, 0x000000008eb00000| Untracked 
| 236|0x000000008ec00000, 0x000000008ec00000, 0x000000008ed00000|  0%| F|  |TAMS 0x000000008ec00000, 0x000000008ec00000| Untracked 
| 237|0x000000008ed00000, 0x000000008ed00000, 0x000000008ee00000|  0%| F|  |TAMS 0x000000008ed00000, 0x000000008ed00000| Untracked 
| 238|0x000000008ee00000, 0x000000008ee00000, 0x000000008ef00000|  0%| F|  |TAMS 0x000000008ee00000, 0x000000008ee00000| Untracked 
| 239|0x000000008ef00000, 0x000000008ef00000, 0x000000008f000000|  0%| F|  |TAMS 0x000000008ef00000, 0x000000008ef00000| Untracked 
| 240|0x000000008f000000, 0x000000008f000000, 0x000000008f100000|  0%| F|  |TAMS 0x000000008f000000, 0x000000008f000000| Untracked 
| 241|0x000000008f100000, 0x000000008f100000, 0x000000008f200000|  0%| F|  |TAMS 0x000000008f100000, 0x000000008f100000| Untracked 
| 242|0x000000008f200000, 0x000000008f200000, 0x000000008f300000|  0%| F|  |TAMS 0x000000008f200000, 0x000000008f200000| Untracked 
| 243|0x000000008f300000, 0x000000008f300000, 0x000000008f400000|  0%| F|  |TAMS 0x000000008f300000, 0x000000008f300000| Untracked 
| 244|0x000000008f400000, 0x000000008f400000, 0x000000008f500000|  0%| F|  |TAMS 0x000000008f400000, 0x000000008f400000| Untracked 
| 245|0x000000008f500000, 0x000000008f500000, 0x000000008f600000|  0%| F|  |TAMS 0x000000008f500000, 0x000000008f500000| Untracked 
| 246|0x000000008f600000, 0x000000008f600000, 0x000000008f700000|  0%| F|  |TAMS 0x000000008f600000, 0x000000008f600000| Untracked 
| 247|0x000000008f700000, 0x000000008f700000, 0x000000008f800000|  0%| F|  |TAMS 0x000000008f700000, 0x000000008f700000| Untracked 
| 248|0x000000008f800000, 0x000000008f800000, 0x000000008f900000|  0%| F|  |TAMS 0x000000008f800000, 0x000000008f800000| Untracked 
| 249|0x000000008f900000, 0x000000008f900000, 0x000000008fa00000|  0%| F|  |TAMS 0x000000008f900000, 0x000000008f900000| Untracked 
| 250|0x000000008fa00000, 0x000000008fa00000, 0x000000008fb00000|  0%| F|  |TAMS 0x000000008fa00000, 0x000000008fa00000| Untracked 
| 251|0x000000008fb00000, 0x000000008fb00000, 0x000000008fc00000|  0%| F|  |TAMS 0x000000008fb00000, 0x000000008fb00000| Untracked 
| 252|0x000000008fc00000, 0x000000008fc00000, 0x000000008fd00000|  0%| F|  |TAMS 0x000000008fc00000, 0x000000008fc00000| Untracked 
| 253|0x000000008fd00000, 0x000000008fd00000, 0x000000008fe00000|  0%| F|  |TAMS 0x000000008fd00000, 0x000000008fd00000| Untracked 
| 254|0x000000008fe00000, 0x000000008ff00000, 0x000000008ff00000|100%| S|CS|TAMS 0x000000008fe00000, 0x000000008fe00000| Complete 
| 255|0x000000008ff00000, 0x0000000090000000, 0x0000000090000000|100%| S|CS|TAMS 0x000000008ff00000, 0x000000008ff00000| Complete 
| 256|0x0000000090000000, 0x0000000090100000, 0x0000000090100000|100%| S|CS|TAMS 0x0000000090000000, 0x0000000090000000| Complete 
| 257|0x0000000090100000, 0x0000000090100000, 0x0000000090200000|  0%| F|  |TAMS 0x0000000090100000, 0x0000000090100000| Untracked 
| 258|0x0000000090200000, 0x0000000090200000, 0x0000000090300000|  0%| F|  |TAMS 0x0000000090200000, 0x0000000090200000| Untracked 
| 259|0x0000000090300000, 0x0000000090300000, 0x0000000090400000|  0%| F|  |TAMS 0x0000000090300000, 0x0000000090300000| Untracked 
| 260|0x0000000090400000, 0x0000000090400000, 0x0000000090500000|  0%| F|  |TAMS 0x0000000090400000, 0x0000000090400000| Untracked 
| 261|0x0000000090500000, 0x0000000090600000, 0x0000000090600000|100%| S|CS|TAMS 0x0000000090500000, 0x0000000090500000| Complete 
| 262|0x0000000090600000, 0x0000000090600000, 0x0000000090700000|  0%| F|  |TAMS 0x0000000090600000, 0x0000000090600000| Untracked 
| 263|0x0000000090700000, 0x0000000090700000, 0x0000000090800000|  0%| F|  |TAMS 0x0000000090700000, 0x0000000090700000| Untracked 
| 264|0x0000000090800000, 0x0000000090800000, 0x0000000090900000|  0%| F|  |TAMS 0x0000000090800000, 0x0000000090800000| Untracked 
| 265|0x0000000090900000, 0x0000000090900000, 0x0000000090a00000|  0%| F|  |TAMS 0x0000000090900000, 0x0000000090900000| Untracked 
| 266|0x0000000090a00000, 0x0000000090a00000, 0x0000000090b00000|  0%| F|  |TAMS 0x0000000090a00000, 0x0000000090a00000| Untracked 
| 267|0x0000000090b00000, 0x0000000090b00000, 0x0000000090c00000|  0%| F|  |TAMS 0x0000000090b00000, 0x0000000090b00000| Untracked 
| 268|0x0000000090c00000, 0x0000000090c00000, 0x0000000090d00000|  0%| F|  |TAMS 0x0000000090c00000, 0x0000000090c00000| Untracked 
| 269|0x0000000090d00000, 0x0000000090d00000, 0x0000000090e00000|  0%| F|  |TAMS 0x0000000090d00000, 0x0000000090d00000| Untracked 
| 270|0x0000000090e00000, 0x0000000090e00000, 0x0000000090f00000|  0%| F|  |TAMS 0x0000000090e00000, 0x0000000090e00000| Untracked 
| 271|0x0000000090f00000, 0x0000000090f00000, 0x0000000091000000|  0%| F|  |TAMS 0x0000000090f00000, 0x0000000090f00000| Untracked 
| 272|0x0000000091000000, 0x0000000091000000, 0x0000000091100000|  0%| F|  |TAMS 0x0000000091000000, 0x0000000091000000| Untracked 
| 273|0x0000000091100000, 0x0000000091100000, 0x0000000091200000|  0%| F|  |TAMS 0x0000000091100000, 0x0000000091100000| Untracked 
| 274|0x0000000091200000, 0x0000000091200000, 0x0000000091300000|  0%| F|  |TAMS 0x0000000091200000, 0x0000000091200000| Untracked 
| 275|0x0000000091300000, 0x0000000091300000, 0x0000000091400000|  0%| F|  |TAMS 0x0000000091300000, 0x0000000091300000| Untracked 
| 276|0x0000000091400000, 0x0000000091400000, 0x0000000091500000|  0%| F|  |TAMS 0x0000000091400000, 0x0000000091400000| Untracked 
| 277|0x0000000091500000, 0x0000000091500000, 0x0000000091600000|  0%| F|  |TAMS 0x0000000091500000, 0x0000000091500000| Untracked 
| 278|0x0000000091600000, 0x0000000091600000, 0x0000000091700000|  0%| F|  |TAMS 0x0000000091600000, 0x0000000091600000| Untracked 
| 279|0x0000000091700000, 0x0000000091700000, 0x0000000091800000|  0%| F|  |TAMS 0x0000000091700000, 0x0000000091700000| Untracked 
| 280|0x0000000091800000, 0x0000000091800000, 0x0000000091900000|  0%| F|  |TAMS 0x0000000091800000, 0x0000000091800000| Untracked 
| 281|0x0000000091900000, 0x0000000091900000, 0x0000000091a00000|  0%| F|  |TAMS 0x0000000091900000, 0x0000000091900000| Untracked 
| 282|0x0000000091a00000, 0x0000000091a00000, 0x0000000091b00000|  0%| F|  |TAMS 0x0000000091a00000, 0x0000000091a00000| Untracked 
| 283|0x0000000091b00000, 0x0000000091b00000, 0x0000000091c00000|  0%| F|  |TAMS 0x0000000091b00000, 0x0000000091b00000| Untracked 
| 284|0x0000000091c00000, 0x0000000091c00000, 0x0000000091d00000|  0%| F|  |TAMS 0x0000000091c00000, 0x0000000091c00000| Untracked 

Card table byte_map: [0x0000029d93590000,0x0000029d93990000] _byte_map_base: 0x0000029d93190000

Marking Bits (Prev, Next): (CMBitMap*) 0x0000029d8005f0e8, (CMBitMap*) 0x0000029d8005f120
 Prev Bits: [0x0000029d93d90000, 0x0000029d95d90000)
 Next Bits: [0x0000029d95d90000, 0x0000029d97d90000)

Polling page: 0x0000029d80100000

Metaspace:

Usage:
  Non-class:    119.79 MB capacity,   117.33 MB ( 98%) used,     2.03 MB (  2%) free+waste,   432.75 KB ( <1%) overhead. 
      Class:     17.87 MB capacity,    16.53 MB ( 93%) used,     1.15 MB (  6%) free+waste,   193.38 KB (  1%) overhead. 
       Both:    137.66 MB capacity,   133.87 MB ( 97%) used,     3.18 MB (  2%) free+waste,   626.13 KB ( <1%) overhead. 

Virtual space:
  Non-class space:      120.00 MB reserved,     119.92 MB (>99%) committed 
      Class space:        1.00 GB reserved,      17.88 MB (  2%) committed 
             Both:        1.12 GB reserved,     137.80 MB ( 12%) committed 

Chunk freelists:
   Non-Class:  8.00 KB
       Class:  5.00 KB
        Both:  13.00 KB

MaxMetaspaceSize: 17179869184.00 GB
CompressedClassSpaceSize: 1.00 GB
Initial GC threshold: 20.80 MB
Current GC threshold: 229.25 MB
CDS: off

CodeHeap 'non-profiled nmethods': size=120064Kb used=13148Kb max_used=13148Kb free=106916Kb
 bounds [0x0000029d8b620000, 0x0000029d8c310000, 0x0000029d92b60000]
CodeHeap 'profiled nmethods': size=120000Kb used=43980Kb max_used=44013Kb free=76019Kb
 bounds [0x0000029d840f0000, 0x0000029d86c70000, 0x0000029d8b620000]
CodeHeap 'non-nmethods': size=5696Kb used=2485Kb max_used=2549Kb free=3210Kb
 bounds [0x0000029d83b60000, 0x0000029d83df0000, 0x0000029d840f0000]
 total_blobs=19914 nmethods=18890 adapters=936
 compilation: enabled
              stopped_count=0, restarted_count=0
 full_count=0

Compilation events (20 events):
Event: 323.433 Thread 0x0000029d9a411800 nmethod 20016 0x0000029d842ef890 code [0x0000029d842efa40, 0x0000029d842efc58]
Event: 323.433 Thread 0x0000029d9a411800 20017       2       com.android.tools.r8.internal.J::<init> (5 bytes)
Event: 323.433 Thread 0x0000029d9a411800 nmethod 20017 0x0000029d842ef510 code [0x0000029d842ef6c0, 0x0000029d842ef7b8]
Event: 323.433 Thread 0x0000029d9a411800 20018       2       com.android.tools.r8.internal.As::k (9 bytes)
Event: 323.434 Thread 0x0000029d9a411800 nmethod 20018 0x0000029d842ef090 code [0x0000029d842ef240, 0x0000029d842ef418]
Event: 323.436 Thread 0x0000029d9a40e000 nmethod 19988 0x0000029d8b71a310 code [0x0000029d8b71a5e0, 0x0000029d8b71c7a8]
Event: 323.437 Thread 0x0000029d9a40e000 19997       4       com.android.tools.r8.internal.o00::d (38 bytes)
Event: 323.437 Thread 0x0000029d9a411800 20019       2       com.android.tools.r8.graph.y2::a (136 bytes)
Event: 323.440 Thread 0x0000029d9a411800 nmethod 20019 0x0000029d844ef190 code [0x0000029d844ef3e0, 0x0000029d844efcf8]
Event: 323.445 Thread 0x0000029d9a40e000 nmethod 19997 0x0000029d8b6b5290 code [0x0000029d8b6b5440, 0x0000029d8b6b5638]
Event: 323.445 Thread 0x0000029d9a40e000 19991       4       com.android.tools.r8.graph.y2$$Lambda$1486/0x0000000101171440::apply (8 bytes)
Event: 323.447 Thread 0x0000029d9a411800 20020       3       com.android.tools.r8.internal.a8::<init> (118 bytes)
Event: 323.448 Thread 0x0000029d9a411800 nmethod 20020 0x0000029d842eea90 code [0x0000029d842eec60, 0x0000029d842eeef8]
Event: 323.448 Thread 0x0000029d9a40e000 nmethod 19991 0x0000029d8b6b4e90 code [0x0000029d8b6b5040, 0x0000029d8b6b5138]
Event: 323.448 Thread 0x0000029d9a40e000 20002       4       com.android.tools.r8.graph.o0::<init> (55 bytes)
Event: 323.459 Thread 0x0000029d9a411800 20021       1       com.android.tools.r8.internal.t8::C (2 bytes)
Event: 323.459 Thread 0x0000029d9a411800 nmethod 20021 0x0000029d8b6b4910 code [0x0000029d8b6b4ac0, 0x0000029d8b6b4b78]
Event: 323.461 Thread 0x0000029d9a40e000 nmethod 20002 0x0000029d8b719d10 code [0x0000029d8b719ec0, 0x0000029d8b71a208]
Event: 323.461 Thread 0x0000029d9a40e000 19992       4       com.android.tools.r8.graph.y2::a (14 bytes)
Event: 323.475 Thread 0x0000029d9a411800 20024       3       com.android.tools.r8.internal.X9::a (871 bytes)

GC Heap History (20 events):
Event: 316.908 GC heap after
{Heap after GC invocations=116 (full 0):
 garbage-first heap   total 239616K, used 195934K [0x0000000080000000, 0x0000000100000000)
  region size 1024K, 2 young (2048K), 2 survivors (2048K)
 Metaspace       used 130905K, capacity 134654K, committed 134960K, reserved 1167360K
  class space    used 16136K, capacity 17413K, committed 17536K, reserved 1048576K
}
Event: 316.996 GC heap before
{Heap before GC invocations=116 (full 0):
 garbage-first heap   total 239616K, used 206174K [0x0000000080000000, 0x0000000100000000)
  region size 1024K, 13 young (13312K), 2 survivors (2048K)
 Metaspace       used 130954K, capacity 134730K, committed 134960K, reserved 1167360K
  class space    used 16144K, capacity 17417K, committed 17536K, reserved 1048576K
}
Event: 317.004 GC heap after
{Heap after GC invocations=117 (full 0):
 garbage-first heap   total 239616K, used 198818K [0x0000000080000000, 0x0000000100000000)
  region size 1024K, 2 young (2048K), 2 survivors (2048K)
 Metaspace       used 130954K, capacity 134730K, committed 134960K, reserved 1167360K
  class space    used 16144K, capacity 17417K, committed 17536K, reserved 1048576K
}
Event: 317.050 GC heap before
{Heap before GC invocations=117 (full 0):
 garbage-first heap   total 239616K, used 207010K [0x0000000080000000, 0x0000000100000000)
  region size 1024K, 11 young (11264K), 2 survivors (2048K)
 Metaspace       used 131081K, capacity 134858K, committed 135216K, reserved 1167360K
  class space    used 16159K, capacity 17417K, committed 17536K, reserved 1048576K
}
Event: 317.056 GC heap after
{Heap after GC invocations=118 (full 0):
 garbage-first heap   total 239616K, used 200614K [0x0000000080000000, 0x0000000100000000)
  region size 1024K, 2 young (2048K), 2 survivors (2048K)
 Metaspace       used 131081K, capacity 134858K, committed 135216K, reserved 1167360K
  class space    used 16159K, capacity 17417K, committed 17536K, reserved 1048576K
}
Event: 317.257 GC heap before
{Heap before GC invocations=118 (full 0):
 garbage-first heap   total 239616K, used 208806K [0x0000000080000000, 0x0000000100000000)
  region size 1024K, 11 young (11264K), 2 survivors (2048K)
 Metaspace       used 131230K, capacity 135018K, committed 135216K, reserved 1167360K
  class space    used 16174K, capacity 17449K, committed 17536K, reserved 1048576K
}
Event: 317.261 GC heap after
{Heap after GC invocations=119 (full 0):
 garbage-first heap   total 239616K, used 201984K [0x0000000080000000, 0x0000000100000000)
  region size 1024K, 2 young (2048K), 2 survivors (2048K)
 Metaspace       used 131230K, capacity 135018K, committed 135216K, reserved 1167360K
  class space    used 16174K, capacity 17449K, committed 17536K, reserved 1048576K
}
Event: 317.511 GC heap before
{Heap before GC invocations=119 (full 0):
 garbage-first heap   total 239616K, used 210176K [0x0000000080000000, 0x0000000100000000)
  region size 1024K, 11 young (11264K), 2 survivors (2048K)
 Metaspace       used 131531K, capacity 135249K, committed 135472K, reserved 1167360K
  class space    used 16210K, capacity 17484K, committed 17536K, reserved 1048576K
}
Event: 317.517 GC heap after
{Heap after GC invocations=120 (full 0):
 garbage-first heap   total 239616K, used 203284K [0x0000000080000000, 0x0000000100000000)
  region size 1024K, 2 young (2048K), 2 survivors (2048K)
 Metaspace       used 131531K, capacity 135249K, committed 135472K, reserved 1167360K
  class space    used 16210K, capacity 17484K, committed 17536K, reserved 1048576K
}
Event: 318.136 GC heap before
{Heap before GC invocations=121 (full 0):
 garbage-first heap   total 239616K, used 211476K [0x0000000080000000, 0x0000000100000000)
  region size 1024K, 11 young (11264K), 2 survivors (2048K)
 Metaspace       used 133015K, capacity 136826K, committed 137008K, reserved 1169408K
  class space    used 16430K, capacity 17743K, committed 17792K, reserved 1048576K
}
Event: 318.144 GC heap after
{Heap after GC invocations=122 (full 0):
 garbage-first heap   total 239616K, used 203587K [0x0000000080000000, 0x0000000100000000)
  region size 1024K, 1 young (1024K), 1 survivors (1024K)
 Metaspace       used 133015K, capacity 136826K, committed 137008K, reserved 1169408K
  class space    used 16430K, capacity 17743K, committed 17792K, reserved 1048576K
}
Event: 318.936 GC heap before
{Heap before GC invocations=122 (full 0):
 garbage-first heap   total 239616K, used 212803K [0x0000000080000000, 0x0000000100000000)
  region size 1024K, 11 young (11264K), 1 survivors (1024K)
 Metaspace       used 134367K, capacity 138171K, committed 138416K, reserved 1169408K
  class space    used 16592K, capacity 17893K, committed 17920K, reserved 1048576K
}
Event: 318.959 GC heap after
{Heap after GC invocations=123 (full 0):
 garbage-first heap   total 291840K, used 201065K [0x0000000080000000, 0x0000000100000000)
  region size 1024K, 2 young (2048K), 2 survivors (2048K)
 Metaspace       used 134367K, capacity 138171K, committed 138416K, reserved 1169408K
  class space    used 16592K, capacity 17893K, committed 17920K, reserved 1048576K
}
Event: 320.013 GC heap before
{Heap before GC invocations=123 (full 0):
 garbage-first heap   total 291840K, used 224617K [0x0000000080000000, 0x0000000100000000)
  region size 1024K, 26 young (26624K), 2 survivors (2048K)
 Metaspace       used 135137K, capacity 139003K, committed 139056K, reserved 1171456K
  class space    used 16698K, capacity 18017K, committed 18048K, reserved 1048576K
}
Event: 320.037 GC heap after
{Heap after GC invocations=124 (full 0):
 garbage-first heap   total 291840K, used 205709K [0x0000000080000000, 0x0000000100000000)
  region size 1024K, 4 young (4096K), 4 survivors (4096K)
 Metaspace       used 135137K, capacity 139003K, committed 139056K, reserved 1171456K
  class space    used 16698K, capacity 18017K, committed 18048K, reserved 1048576K
}
Event: 321.078 GC heap before
{Heap before GC invocations=124 (full 0):
 garbage-first heap   total 291840K, used 230285K [0x0000000080000000, 0x0000000100000000)
  region size 1024K, 28 young (28672K), 4 survivors (4096K)
 Metaspace       used 136016K, capacity 139880K, committed 139952K, reserved 1171456K
  class space    used 16794K, capacity 18116K, committed 18176K, reserved 1048576K
}
Event: 321.114 GC heap after
{Heap after GC invocations=125 (full 0):
 garbage-first heap   total 291840K, used 210294K [0x0000000080000000, 0x0000000100000000)
  region size 1024K, 4 young (4096K), 4 survivors (4096K)
 Metaspace       used 136016K, capacity 139880K, committed 139952K, reserved 1171456K
  class space    used 16794K, capacity 18116K, committed 18176K, reserved 1048576K
}
Event: 322.037 GC heap before
{Heap before GC invocations=125 (full 0):
 garbage-first heap   total 291840K, used 233846K [0x0000000080000000, 0x0000000100000000)
  region size 1024K, 28 young (28672K), 4 survivors (4096K)
 Metaspace       used 136553K, capacity 140407K, committed 140592K, reserved 1171456K
  class space    used 16857K, capacity 18184K, committed 18304K, reserved 1048576K
}
Event: 322.066 GC heap after
{Heap after GC invocations=126 (full 0):
 garbage-first heap   total 291840K, used 215629K [0x0000000080000000, 0x0000000100000000)
  region size 1024K, 4 young (4096K), 4 survivors (4096K)
 Metaspace       used 136553K, capacity 140407K, committed 140592K, reserved 1171456K
  class space    used 16857K, capacity 18184K, committed 18304K, reserved 1048576K
}
Event: 323.488 GC heap before
{Heap before GC invocations=127 (full 0):
 garbage-first heap   total 291840K, used 239181K [0x0000000080000000, 0x0000000100000000)
  region size 1024K, 27 young (27648K), 4 survivors (4096K)
 Metaspace       used 137077K, capacity 140963K, committed 141104K, reserved 1171456K
  class space    used 16928K, capacity 18299K, committed 18304K, reserved 1048576K
}

Deoptimization events (20 events):
Event: 320.507 Thread 0x0000029d9e032000 Uncommon trap: trap_request=0xffffff4d fr.pc=0x0000029d8b684e64 relative=0x0000000000001464
Event: 320.507 Thread 0x0000029d9e032000 Uncommon trap: reason=unstable_if action=reinterpret pc=0x0000029d8b684e64 method=com.android.tools.r8.internal.o00.b()Ljava/lang/String; @ 34 c2
Event: 320.507 Thread 0x0000029d9e032000 DEOPT PACKING pc=0x0000029d8b684e64 sp=0x000000f458ef9570
Event: 320.507 Thread 0x0000029d9e032000 DEOPT UNPACKING pc=0x0000029d83baa1af sp=0x000000f458ef9550 mode 2
Event: 320.877 Thread 0x0000029d9c078000 Uncommon trap: trap_request=0xffffff4d fr.pc=0x0000029d8b758150 relative=0x00000000000009b0
Event: 320.877 Thread 0x0000029d9c078000 Uncommon trap: reason=unstable_if action=reinterpret pc=0x0000029d8b758150 method=com.android.tools.r8.internal.qo.d(I)Z @ 45 c2
Event: 320.877 Thread 0x0000029d9c078000 DEOPT PACKING pc=0x0000029d8b758150 sp=0x000000f45a1f95b0
Event: 320.877 Thread 0x0000029d9c078000 DEOPT UNPACKING pc=0x0000029d83baa1af sp=0x000000f45a1f94b0 mode 2
Event: 320.965 Thread 0x0000029d9e1e6000 DEOPT PACKING pc=0x0000029d8438945a sp=0x000000f45aaf9340
Event: 320.965 Thread 0x0000029d9e1e6000 DEOPT UNPACKING pc=0x0000029d83baa95e sp=0x000000f45aaf88c0 mode 0
Event: 321.149 Thread 0x0000029d9e1e6000 Uncommon trap: trap_request=0xffffff4d fr.pc=0x0000029d8b802498 relative=0x0000000000001938
Event: 321.150 Thread 0x0000029d9e1e6000 Uncommon trap: reason=unstable_if action=reinterpret pc=0x0000029d8b802498 method=com.android.tools.r8.internal.o00.b()Ljava/lang/String; @ 34 c2
Event: 321.150 Thread 0x0000029d9e1e6000 DEOPT PACKING pc=0x0000029d8b802498 sp=0x000000f45aaf9190
Event: 321.150 Thread 0x0000029d9e1e6000 DEOPT UNPACKING pc=0x0000029d83baa1af sp=0x000000f45aaf9108 mode 2
Event: 321.293 Thread 0x0000029d9c078000 DEOPT PACKING pc=0x0000029d8438945a sp=0x000000f45a1f94f0
Event: 321.293 Thread 0x0000029d9c078000 DEOPT UNPACKING pc=0x0000029d83baa95e sp=0x000000f45a1f8a70 mode 0
Event: 321.894 Thread 0x0000029d9c078000 DEOPT PACKING pc=0x0000029d8438945a sp=0x000000f45a1f94f0
Event: 321.894 Thread 0x0000029d9c078000 DEOPT UNPACKING pc=0x0000029d83baa95e sp=0x000000f45a1f8a70 mode 0
Event: 322.557 Thread 0x0000029d9c078000 DEOPT PACKING pc=0x0000029d8438945a sp=0x000000f45a1f94f0
Event: 322.558 Thread 0x0000029d9c078000 DEOPT UNPACKING pc=0x0000029d83baa95e sp=0x000000f45a1f8a70 mode 0

Classes redefined (0 events):
No events

Internal exceptions (20 events):
Event: 309.353 Thread 0x0000029d9c515000 Exception <a 'java/lang/NoSuchMethodError'{0x000000008e9bd088}: <clinit>> (0x000000008e9bd088) thrown at [./src/hotspot/share/prims/jni.cpp, line 1366]
Event: 309.381 Thread 0x0000029d9c514800 Exception <a 'java/lang/NoSuchMethodError'{0x000000008e8761a0}: 'void java.lang.invoke.DirectMethodHandle$Holder.invokeInterface(java.lang.Object, java.lang.Object, java.lang.Object, java.lang.Object)'> (0x000000008e8761a0) thrown at [./src/hotspot/share/interpreter/linkResolver.cpp, line 773]
Event: 310.155 Thread 0x0000029d9e029000 Exception <a 'java/lang/NoSuchMethodError'{0x000000008e5c8380}: <clinit>> (0x000000008e5c8380) thrown at [./src/hotspot/share/prims/jni.cpp, line 1366]
Event: 310.163 Thread 0x0000029d9e029000 Exception <a 'java/lang/NoSuchMethodError'{0x000000008e5fd700}: <clinit>> (0x000000008e5fd700) thrown at [./src/hotspot/share/prims/jni.cpp, line 1366]
Event: 310.165 Thread 0x0000029d9e029000 Exception <a 'java/lang/NoSuchMethodError'{0x000000008e40e7e0}: <clinit>> (0x000000008e40e7e0) thrown at [./src/hotspot/share/prims/jni.cpp, line 1366]
Event: 317.013 Thread 0x0000029d9c06e000 Exception <a 'sun/nio/fs/WindowsException'{0x000000008e915c50}> (0x000000008e915c50) thrown at [./src/hotspot/share/prims/jni.cpp, line 616]
Event: 317.045 Thread 0x0000029d9e032000 Exception <a 'sun/nio/fs/WindowsException'{0x000000008e158a88}> (0x000000008e158a88) thrown at [./src/hotspot/share/prims/jni.cpp, line 616]
Event: 317.318 Thread 0x0000029d9e1e6000 Exception <a 'sun/nio/fs/WindowsException'{0x000000008e4478b0}> (0x000000008e4478b0) thrown at [./src/hotspot/share/prims/jni.cpp, line 616]
Event: 317.461 Thread 0x0000029d9c06e000 Exception <a 'java/lang/NoSuchMethodError'{0x000000008e1aadf0}: 'java.lang.Object java.lang.invoke.DirectMethodHandle$Holder.newInvokeSpecial(java.lang.Object, int)'> (0x000000008e1aadf0) thrown at [./src/hotspot/share/interpreter/linkResolver.cpp, line 773]
Event: 317.469 Thread 0x0000029d9e1e6000 Exception <a 'java/lang/NoSuchMethodError'{0x000000008e44f8c0}: 'java.lang.Object java.lang.invoke.DirectMethodHandle$Holder.newInvokeSpecial(java.lang.Object, int)'> (0x000000008e44f8c0) thrown at [./src/hotspot/share/interpreter/linkResolver.cpp, line 773]
Event: 317.572 Thread 0x0000029d9c078000 Exception <a 'sun/nio/fs/WindowsException'{0x000000008e8813f8}> (0x000000008e8813f8) thrown at [./src/hotspot/share/prims/jni.cpp, line 616]
Event: 318.036 Thread 0x0000029d9c078000 Exception <a 'java/lang/NoSuchMethodError'{0x000000008e3ff7a0}: 'java.lang.Object java.lang.invoke.DirectMethodHandle$Holder.invokeStaticInit(java.lang.Object, java.lang.Object, java.lang.Object, java.lang.Object, java.lang.Object, java.lang.Object, java.lang.Object, java.lang.Object, java.lang.Object, java.lang.Object, java.lang.Object, java.lang.Object, java.lang.Object, java.lang.Object, java.lang.Object, java.lang.Object, java.lang.Object, java.lang.Object, int, java.lang.Object, java.lang.Object)'> (0
Event: 318.115 Thread 0x0000029d9c06e000 Exception <a 'java/lang/IncompatibleClassChangeError'{0x000000008e15ed98}: Found class java.lang.Object, but interface was expected> (0x000000008e15ed98) thrown at [./src/hotspot/share/interpreter/linkResolver.cpp, line 839]
Event: 318.115 Thread 0x0000029d9c078000 Exception <a 'java/lang/IncompatibleClassChangeError'{0x000000008e2af6b0}: Found class java.lang.Object, but interface was expected> (0x000000008e2af6b0) thrown at [./src/hotspot/share/interpreter/linkResolver.cpp, line 839]
Event: 318.115 Thread 0x0000029d9e1e6000 Exception <a 'java/lang/IncompatibleClassChangeError'{0x000000008e132e98}: Found class java.lang.Object, but interface was expected> (0x000000008e132e98) thrown at [./src/hotspot/share/interpreter/linkResolver.cpp, line 839]
Event: 318.115 Thread 0x0000029d9e032000 Exception <a 'java/lang/IncompatibleClassChangeError'{0x000000008e2ec450}: Found class java.lang.Object, but interface was expected> (0x000000008e2ec450) thrown at [./src/hotspot/share/interpreter/linkResolver.cpp, line 839]
Event: 318.218 Thread 0x0000029d9e032000 Exception <a 'java/lang/NoSuchMethodError'{0x000000008e788cc0}: 'java.lang.Object java.lang.invoke.DirectMethodHandle$Holder.invokeStatic(java.lang.Object, long)'> (0x000000008e788cc0) thrown at [./src/hotspot/share/interpreter/linkResolver.cpp, line 773]
Event: 319.654 Thread 0x0000029d9c06e000 Exception <a 'java/lang/NoSuchMethodError'{0x0000000090f491f0}: 'void java.lang.invoke.DirectMethodHandle$Holder.invokeStatic(java.lang.Object, java.lang.Object, java.lang.Object, int)'> (0x0000000090f491f0) thrown at [./src/hotspot/share/interpreter/linkResolver.cpp, line 773]
Event: 319.685 Thread 0x0000029d9c06e000 Exception <a 'java/lang/IncompatibleClassChangeError'{0x0000000090f89fd8}: Found class java.lang.Object, but interface was expected> (0x0000000090f89fd8) thrown at [./src/hotspot/share/interpreter/linkResolver.cpp, line 839]
Event: 323.221 Thread 0x0000029d9c06e000 Exception <a 'java/lang/NoSuchMethodError'{0x0000000090d31a58}: 'java.lang.Object java.lang.invoke.DirectMethodHandle$Holder.invokeStatic(java.lang.Object, int, java.lang.Object, java.lang.Object)'> (0x0000000090d31a58) thrown at [./src/hotspot/share/interpreter/linkResolver.cpp, line 773]

Events (20 events):
Event: 323.468 loading class com/android/tools/r8/internal/Yn done
Event: 323.468 loading class com/android/tools/r8/internal/Yn
Event: 323.468 loading class com/android/tools/r8/internal/Yn done
Event: 323.469 loading class com/android/tools/r8/graph/n0
Event: 323.469 loading class com/android/tools/r8/graph/n0 done
Event: 323.469 loading class com/android/tools/r8/graph/W0
Event: 323.469 loading class com/android/tools/r8/graph/W0 done
Event: 323.470 loading class com/android/tools/r8/graph/W0
Event: 323.470 loading class com/android/tools/r8/graph/W0 done
Event: 323.471 loading class com/android/tools/r8/graph/W0
Event: 323.471 loading class com/android/tools/r8/graph/W0 done
Event: 323.473 loading class com/android/tools/r8/graph/n0
Event: 323.473 loading class com/android/tools/r8/graph/n0 done
Event: 323.475 loading class com/android/tools/r8/graph/d3
Event: 323.475 loading class com/android/tools/r8/graph/d3 done
Event: 323.475 loading class com/android/tools/r8/internal/B7
Event: 323.475 loading class com/android/tools/r8/internal/B7 done
Event: 323.475 loading class com/android/tools/r8/graph/d3
Event: 323.475 loading class com/android/tools/r8/graph/d3 done
Event: 323.479 Executing VM operation: G1CollectForAllocation


Dynamic libraries:
0x00007ff62e6b0000 - 0x00007ff62e6ba000 	C:\Program Files\Android\Android Studio1\jre\bin\java.exe
0x00007ffd396d0000 - 0x00007ffd398c8000 	C:\WINDOWS\SYSTEM32\ntdll.dll
0x00007ffd38ac0000 - 0x00007ffd38b7d000 	C:\WINDOWS\System32\KERNEL32.DLL
0x00007ffd36e20000 - 0x00007ffd370ee000 	C:\WINDOWS\System32\KERNELBASE.dll
0x00007ffd372b0000 - 0x00007ffd373b0000 	C:\WINDOWS\System32\ucrtbase.dll
0x00007ffd2df80000 - 0x00007ffd2df97000 	C:\Program Files\Android\Android Studio1\jre\bin\VCRUNTIME140.dll
0x00007ffd32820000 - 0x00007ffd32839000 	C:\Program Files\Android\Android Studio1\jre\bin\jli.dll
0x00007ffd37730000 - 0x00007ffd378d0000 	C:\WINDOWS\System32\USER32.dll
0x00007ffd23e90000 - 0x00007ffd2412a000 	C:\WINDOWS\WinSxS\amd64_microsoft.windows.common-controls_6595b64144ccf1df_6.0.19041.1110_none_60b5254171f9507e\COMCTL32.dll
0x00007ffd375a0000 - 0x00007ffd375c2000 	C:\WINDOWS\System32\win32u.dll
0x00007ffd38a20000 - 0x00007ffd38abe000 	C:\WINDOWS\System32\msvcrt.dll
0x00007ffd37dc0000 - 0x00007ffd37dea000 	C:\WINDOWS\System32\GDI32.dll
0x00007ffd37440000 - 0x00007ffd3754b000 	C:\WINDOWS\System32\gdi32full.dll
0x00007ffd371a0000 - 0x00007ffd3723d000 	C:\WINDOWS\System32\msvcp_win.dll
0x00007ffd38b80000 - 0x00007ffd38bb0000 	C:\WINDOWS\System32\IMM32.DLL
0x00007ffd22c30000 - 0x00007ffd22ccd000 	C:\Program Files\Android\Android Studio1\jre\bin\msvcp140.dll
0x00007ffcfb8c0000 - 0x00007ffcfc3c2000 	C:\Program Files\Android\Android Studio1\jre\bin\server\jvm.dll
0x00007ffd395e0000 - 0x00007ffd3968e000 	C:\WINDOWS\System32\ADVAPI32.dll
0x00007ffd38bb0000 - 0x00007ffd38c4c000 	C:\WINDOWS\System32\sechost.dll
0x00007ffd394b0000 - 0x00007ffd395d5000 	C:\WINDOWS\System32\RPCRT4.dll
0x00007ffd38ee0000 - 0x00007ffd38ee8000 	C:\WINDOWS\System32\PSAPI.DLL
0x00007ffd32850000 - 0x00007ffd32859000 	C:\WINDOWS\SYSTEM32\WSOCK32.dll
0x00007ffd2da70000 - 0x00007ffd2da97000 	C:\WINDOWS\SYSTEM32\WINMM.dll
0x00007ffd2daa0000 - 0x00007ffd2daaa000 	C:\WINDOWS\SYSTEM32\VERSION.dll
0x00007ffd37df0000 - 0x00007ffd37e5b000 	C:\WINDOWS\System32\WS2_32.dll
0x00007ffd34ca0000 - 0x00007ffd34cb2000 	C:\WINDOWS\SYSTEM32\kernel.appcore.dll
0x00007ffd2df60000 - 0x00007ffd2df71000 	C:\Program Files\Android\Android Studio1\jre\bin\verify.dll
0x00007ffd28640000 - 0x00007ffd28824000 	C:\WINDOWS\SYSTEM32\DBGHELP.DLL
0x00007ffd28610000 - 0x00007ffd2863c000 	C:\WINDOWS\SYSTEM32\dbgcore.DLL
0x00007ffd373b0000 - 0x00007ffd37432000 	C:\WINDOWS\System32\bcryptPrimitives.dll
0x00007ffd24410000 - 0x00007ffd24439000 	C:\Program Files\Android\Android Studio1\jre\bin\java.dll
0x00007ffd32870000 - 0x00007ffd3287b000 	C:\Program Files\Android\Android Studio1\jre\bin\jimage.dll
0x00007ffd242c0000 - 0x00007ffd242d8000 	C:\Program Files\Android\Android Studio1\jre\bin\zip.dll
0x00007ffd37fb0000 - 0x00007ffd386f3000 	C:\WINDOWS\System32\SHELL32.dll
0x00007ffd34ea0000 - 0x00007ffd35635000 	C:\WINDOWS\SYSTEM32\windows.storage.dll
0x00007ffd39150000 - 0x00007ffd394a4000 	C:\WINDOWS\System32\combase.dll
0x00007ffd36700000 - 0x00007ffd36730000 	C:\WINDOWS\SYSTEM32\Wldp.dll
0x00007ffd38ff0000 - 0x00007ffd3909d000 	C:\WINDOWS\System32\SHCORE.dll
0x00007ffd38f00000 - 0x00007ffd38f55000 	C:\WINDOWS\System32\shlwapi.dll
0x00007ffd36d30000 - 0x00007ffd36d4f000 	C:\WINDOWS\SYSTEM32\profapi.dll
0x00007ffd23940000 - 0x00007ffd2395a000 	C:\Program Files\Android\Android Studio1\jre\bin\net.dll
0x00007ffd2b380000 - 0x00007ffd2b48a000 	C:\WINDOWS\SYSTEM32\WINHTTP.dll
0x00007ffd36480000 - 0x00007ffd364ea000 	C:\WINDOWS\system32\mswsock.dll
0x00007ffd23870000 - 0x00007ffd23884000 	C:\Program Files\Android\Android Studio1\jre\bin\nio.dll
0x00007ffd30330000 - 0x00007ffd30357000 	C:\Users\acer\.gradle\native\e1d6ef7f7dcc3fd88c89a11ec53ec762bb8ba0a96d01ffa2cd45eb1d1d8dd5c5\windows-amd64\native-platform.dll
0x00007ffd11c90000 - 0x00007ffd11dd4000 	C:\Users\acer\.gradle\native\0d407fdbe67a94daf76414ababcb853783967236a71b16ec16e742cd7a986fd3\windows-amd64\native-platform-file-events.dll
0x00007ffd30300000 - 0x00007ffd3030a000 	C:\Program Files\Android\Android Studio1\jre\bin\management.dll
0x00007ffd302f0000 - 0x00007ffd302fd000 	C:\Program Files\Android\Android Studio1\jre\bin\management_ext.dll
0x00007ffd36740000 - 0x00007ffd36758000 	C:\WINDOWS\SYSTEM32\CRYPTSP.dll
0x00007ffd35e20000 - 0x00007ffd35e54000 	C:\WINDOWS\system32\rsaenh.dll
0x00007ffd36df0000 - 0x00007ffd36e17000 	C:\WINDOWS\System32\bcrypt.dll
0x00007ffd36cf0000 - 0x00007ffd36d1e000 	C:\WINDOWS\SYSTEM32\USERENV.dll
0x00007ffd36610000 - 0x00007ffd3661c000 	C:\WINDOWS\SYSTEM32\CRYPTBASE.dll
0x00007ffd36190000 - 0x00007ffd361cb000 	C:\WINDOWS\SYSTEM32\IPHLPAPI.DLL
0x00007ffd38760000 - 0x00007ffd38768000 	C:\WINDOWS\System32\NSI.dll
0x00007ffd2b8a0000 - 0x00007ffd2b8b7000 	C:\WINDOWS\SYSTEM32\dhcpcsvc6.DLL
0x00007ffd2b720000 - 0x00007ffd2b73d000 	C:\WINDOWS\SYSTEM32\dhcpcsvc.DLL
0x00007ffd361d0000 - 0x00007ffd3629a000 	C:\WINDOWS\SYSTEM32\DNSAPI.dll
0x00007ffd23a70000 - 0x00007ffd23a97000 	C:\Program Files\Android\Android Studio1\jre\bin\sunec.dll
0x00007ffd291c0000 - 0x00007ffd291ca000 	C:\Windows\System32\rasadhlp.dll
0x00007ffd2b0e0000 - 0x00007ffd2b160000 	C:\WINDOWS\System32\fwpuclnt.dll

dbghelp: loaded successfully - version: 4.0.5 - missing functions: none
symbol engine: initialized successfully - sym options: 0x614 - pdb path: .;C:\Program Files\Android\Android Studio1\jre\bin;C:\WINDOWS\SYSTEM32;C:\WINDOWS\WinSxS\amd64_microsoft.windows.common-controls_6595b64144ccf1df_6.0.19041.1110_none_60b5254171f9507e;C:\Program Files\Android\Android Studio1\jre\bin\server;C:\Users\acer\.gradle\native\e1d6ef7f7dcc3fd88c89a11ec53ec762bb8ba0a96d01ffa2cd45eb1d1d8dd5c5\windows-amd64;C:\Users\acer\.gradle\native\0d407fdbe67a94daf76414ababcb853783967236a71b16ec16e742cd7a986fd3\windows-amd64

VM Arguments:
jvm_args: --add-opens=java.base/java.util=ALL-UNNAMED --add-opens=java.base/java.lang=ALL-UNNAMED --add-opens=java.base/java.lang.invoke=ALL-UNNAMED --add-opens=java.base/java.util=ALL-UNNAMED --add-opens=java.prefs/java.util.prefs=ALL-UNNAMED --add-opens=java.prefs/java.util.prefs=ALL-UNNAMED --add-opens=java.base/java.nio.charset=ALL-UNNAMED --add-opens=java.base/java.net=ALL-UNNAMED --add-opens=java.base/java.util.concurrent.atomic=ALL-UNNAMED -Xmx2048m -Dfile.encoding=UTF-8 -Duser.country=IN -Duser.language=en -Duser.variant 
java_command: org.gradle.launcher.daemon.bootstrap.GradleDaemon 7.4
java_class_path (initial): C:\Users\acer\.gradle\wrapper\dists\gradle-7.4-bin\c0gwcg53nkjbqw7r0h0umtfvt\gradle-7.4\lib\gradle-launcher-7.4.jar
Launcher Type: SUN_STANDARD

[Global flags]
     intx CICompilerCount                          = 3                                         {product} {ergonomic}
     uint ConcGCThreads                            = 1                                         {product} {ergonomic}
     uint G1ConcRefinementThreads                  = 4                                         {product} {ergonomic}
   size_t G1HeapRegionSize                         = 1048576                                   {product} {ergonomic}
    uintx GCDrainStackTargetSize                   = 64                                        {product} {ergonomic}
   size_t InitialHeapSize                          = 117440512                                 {product} {ergonomic}
   size_t MarkStackSize                            = 4194304                                   {product} {ergonomic}
   size_t MaxHeapSize                              = 2147483648                                {product} {command line}
   size_t MaxNewSize                               = 1287651328                                {product} {ergonomic}
   size_t MinHeapDeltaBytes                        = 1048576                                   {product} {ergonomic}
    uintx NonNMethodCodeHeapSize                   = 5830732                                {pd product} {ergonomic}
    uintx NonProfiledCodeHeapSize                  = 122913754                              {pd product} {ergonomic}
    uintx ProfiledCodeHeapSize                     = 122913754                              {pd product} {ergonomic}
    uintx ReservedCodeCacheSize                    = 251658240                              {pd product} {ergonomic}
     bool SegmentedCodeCache                       = true                                      {product} {ergonomic}
     bool UseCompressedClassPointers               = true                                 {lp64_product} {ergonomic}
     bool UseCompressedOops                        = true                                 {lp64_product} {ergonomic}
     bool UseG1GC                                  = true                                      {product} {ergonomic}
     bool UseLargePagesIndividualAllocation        = false                                  {pd product} {ergonomic}

Logging:
Log output configuration:
 #0: stdout all=warning uptime,level,tags
 #1: stderr all=off uptime,level,tags

Environment Variables:
PATH=C:\Program Files\Common Files\Oracle\Java\javapath;C:\WINDOWS\system32;C:\WINDOWS;C:\WINDOWS\System32\Wbem;C:\WINDOWS\System32\WindowsPowerShell\v1.0\;C:\WINDOWS\System32\OpenSSH\;C:\Program Files\nodejs\;C:\Program Files\nodejs;C:\Users\acer\AppData\Local\Microsoft\WindowsApps;C:\Program Files\JetBrains\PyCharm Community Edition 2021.2.2\bin;;C:\Users\acer\AppData\Local\Programs\Microsoft VS Code\bin;C:\Users\acer\AppData\Roaming\npm;C:\Program Files\nodejs;;C:\Program Files\JetBrains\IntelliJ IDEA Community Edition 2022.2.1\bin;
USERNAME=shergill
OS=Windows_NT
PROCESSOR_IDENTIFIER=AMD64 Family 22 Model 48 Stepping 1, AuthenticAMD



---------------  S Y S T E M  ---------------

OS: Windows 10 , 64 bit Build 19041 (10.0.19041.1889)
OS uptime: 0 days 7:25 hours
Hyper-V role detected

CPU:total 4 (initial active 4) (4 cores per cpu, 1 threads per core) family 22 model 48 stepping 1 microcode 0x0, cmov, cx8, fxsr, mmx, sse, sse2, sse3, ssse3, sse4.1, sse4.2, popcnt, avx, aes, clmul, mmxext, 3dnowpref, lzcnt, sse4a, tsc, tscinvbit, tscinv, bmi1

Memory: 4k page, system-wide physical 7094M (1008M free)
TotalPageFile size 8476M (AvailPageFile size 163M)
current process WorkingSet (physical memory assigned to process): 655M, peak: 660M
current process commit charge ("private bytes"): 712M, peak: 874M

vm_info: OpenJDK 64-Bit Server VM (11.0.13+0-b1751.21-8125866) for windows-amd64 JRE (11.0.13+0-b1751.21-8125866), built on Feb  2 2022 03:00:22 by "builder" with MS VC++ 14.0 (VS2015)

END.
