#
# There is insufficient memory for the Java Runtime Environment to continue.
# Native memory allocation (mmap) failed to map 174063616 bytes for Failed to commit area from 0x000000008ec00000 to 0x0000000099200000 of length 174063616.
# Possible reasons:
#   The system is out of physical RAM or swap space
#   The process is running with CompressedOops enabled, and the Java Heap may be blocking the growth of the native heap
# Possible solutions:
#   Reduce memory load on the system
#   Increase physical memory or swap space
#   Check if swap backing store is full
#   Decrease Java heap size (-Xmx/-Xms)
#   Decrease number of Java threads
#   Decrease Java thread stack sizes (-Xss)
#   Set larger code cache with -XX:ReservedCodeCacheSize=
#   JVM is running with Unscaled Compressed Oops mode in which the Java heap is
#     placed in the first 4GB address space. The Java Heap base address is the
#     maximum limit for the native heap growth. Please use -XX:HeapBaseMinAddress
#     to set the Java Heap base and to place the Java Heap above 4GB virtual address.
# This output file may be truncated or incomplete.
#
#  Out of Memory Error (./src/hotspot/os/windows/os_windows.cpp:3619), pid=9172, tid=10692
#
# JRE version: OpenJDK Runtime Environment (11.0.13) (build 11.0.13+0-b1751.21-8125866)
# Java VM: OpenJDK 64-Bit Server VM (11.0.13+0-b1751.21-8125866, mixed mode, tiered, compressed oops, g1 gc, windows-amd64)
# No core dump will be written. Minidumps are not enabled by default on client versions of Windows
#

---------------  S U M M A R Y ------------

Command Line: --add-opens=java.base/java.util=ALL-UNNAMED --add-opens=java.base/java.lang=ALL-UNNAMED --add-opens=java.base/java.lang.invoke=ALL-UNNAMED --add-opens=java.base/java.util=ALL-UNNAMED --add-opens=java.prefs/java.util.prefs=ALL-UNNAMED --add-opens=java.prefs/java.util.prefs=ALL-UNNAMED --add-opens=java.base/java.nio.charset=ALL-UNNAMED --add-opens=java.base/java.net=ALL-UNNAMED --add-opens=java.base/java.util.concurrent.atomic=ALL-UNNAMED -Xmx2048m -Dfile.encoding=UTF-8 -Duser.country=IN -Duser.language=en -Duser.variant org.gradle.launcher.daemon.bootstrap.GradleDaemon 7.4

Host: AMD A6-7310 APU with AMD Radeon R4 Graphics    , 4 cores, 6G,  Windows 10 , 64 bit Build 19041 (10.0.19041.1889)
Time: Sat Oct  8 21:21:06 2022 India Standard Time elapsed time: 104.589949 seconds (0d 0h 1m 44s)

---------------  T H R E A D  ---------------

Current thread (0x00000274ea323800):  VMThread "VM Thread" [stack: 0x000000a2cc900000,0x000000a2cca00000] [id=10692]

Stack: [0x000000a2cc900000,0x000000a2cca00000]
[error occurred during error reporting (printing stack bounds), id 0xc0000005, EXCEPTION_ACCESS_VIOLATION (0xc0000005) at pc=0x00000274d3ad112d]

Native frames: (J=compiled Java code, j=interpreted, Vv=VM code, C=native code)
V  [jvm.dll+0x6100fa]
V  [jvm.dll+0x747090]
V  [jvm.dll+0x7486ad]
V  [jvm.dll+0x748ce5]
V  [jvm.dll+0x748c9b]
V  [jvm.dll+0x60f224]
V  [jvm.dll+0x60f9b8]
C  [ntdll.dll+0xa235f]
C  [ntdll.dll+0x514a4]
C  [ntdll.dll+0xa0e8e]
C  0x00000274d3ad112d

VM_Operation (0x000000a2d00fd4c0): G1CollectForAllocation, mode: safepoint, requested by thread 0x00000274ef846000


---------------  P R O C E S S  ---------------

Threads class SMR info:
_java_thread_list=0x00000274ed70a8e0, length=97, elements={
0x00000274ce7dc000, 0x00000274ea329000, 0x00000274ea336800, 0x00000274ea355800,
0x00000274ea357800, 0x00000274ea35d800, 0x00000274ea35e800, 0x00000274ea365800,
0x00000274ea36b800, 0x00000274eae12000, 0x00000274eaee6800, 0x00000274ed144800,
0x00000274ed081000, 0x00000274ecfdf000, 0x00000274ec451800, 0x00000274ed524000,
0x00000274ebf50000, 0x00000274ecf79800, 0x00000274ec45a800, 0x00000274ed5fd000,
0x00000274ed5fe800, 0x00000274ed5fe000, 0x00000274ed600800, 0x00000274ed602000,
0x00000274ed5ff800, 0x00000274ed5fc800, 0x00000274ed601000, 0x00000274ed603000,
0x00000274ed790000, 0x00000274ed78e800, 0x00000274ed791000, 0x00000274ed78d800,
0x00000274ed78b000, 0x00000274ed791800, 0x00000274ed792800, 0x00000274ed793800,
0x00000274ed794000, 0x00000274ed795000, 0x00000274ed78f800, 0x00000274ed796000,
0x00000274ed796800, 0x00000274ed798800, 0x00000274ed797800, 0x00000274ed799000,
0x00000274ed79a000, 0x00000274ef845800, 0x00000274ef847000, 0x00000274ef849800,
0x00000274ef84a800, 0x00000274ef846000, 0x00000274ef848000, 0x00000274ef848800,
0x00000274ef84b000, 0x00000274ef84c000, 0x00000274ed633800, 0x00000274ed634800,
0x00000274ed635000, 0x00000274ed632800, 0x00000274ed636000, 0x00000274ed630800,
0x00000274ed637000, 0x00000274ed631000, 0x00000274ed637800, 0x00000274ed632000,
0x00000274ed63d800, 0x00000274ed63e000, 0x00000274ed63b800, 0x00000274ed63c800,
0x00000274ed638800, 0x00000274ed63f000, 0x00000274ed639000, 0x00000274ed63a000,
0x00000274ed63b000, 0x00000274eea20000, 0x00000274eea1a000, 0x00000274eea20800,
0x00000274eea1f000, 0x00000274eea1e000, 0x00000274eea1b000, 0x00000274eea21800,
0x00000274eea1b800, 0x00000274eea22000, 0x00000274eea1c800, 0x00000274eea23000,
0x00000274eea1d800, 0x00000274eea28000, 0x00000274eea27000, 0x00000274eea26800,
0x00000274f0cc7800, 0x00000274f2675800, 0x00000274f2672800, 0x00000274f2673000,
0x00000274f2671800, 0x00000274f2670000, 0x00000274f2674000, 0x00000274f2676800,
0x00000274f2670800
}

Java Threads: ( => current thread )
  0x00000274ce7dc000 JavaThread "main" [_thread_blocked, id=9416, stack(0x000000a2cc300000,0x000000a2cc400000)]
  0x00000274ea329000 JavaThread "Reference Handler" daemon [_thread_blocked, id=1140, stack(0x000000a2cca00000,0x000000a2ccb00000)]
  0x00000274ea336800 JavaThread "Finalizer" daemon [_thread_blocked, id=1012, stack(0x000000a2ccb00000,0x000000a2ccc00000)]
  0x00000274ea355800 JavaThread "Signal Dispatcher" daemon [_thread_blocked, id=8500, stack(0x000000a2ccc00000,0x000000a2ccd00000)]
  0x00000274ea357800 JavaThread "Attach Listener" daemon [_thread_blocked, id=11000, stack(0x000000a2ccd00000,0x000000a2cce00000)]
  0x00000274ea35d800 JavaThread "Service Thread" daemon [_thread_blocked, id=3448, stack(0x000000a2cce00000,0x000000a2ccf00000)]
  0x00000274ea35e800 JavaThread "C2 CompilerThread0" daemon [_thread_blocked, id=10620, stack(0x000000a2ccf00000,0x000000a2cd000000)]
  0x00000274ea365800 JavaThread "C1 CompilerThread0" daemon [_thread_blocked, id=4512, stack(0x000000a2cd000000,0x000000a2cd100000)]
  0x00000274ea36b800 JavaThread "Sweeper thread" daemon [_thread_blocked, id=8760, stack(0x000000a2cd100000,0x000000a2cd200000)]
  0x00000274eae12000 JavaThread "Common-Cleaner" daemon [_thread_blocked, id=2768, stack(0x000000a2cd200000,0x000000a2cd300000)]
  0x00000274eaee6800 JavaThread "Daemon health stats" [_thread_blocked, id=8544, stack(0x000000a2cd600000,0x000000a2cd700000)]
  0x00000274ed144800 JavaThread "Incoming local TCP Connector on port 52769" [_thread_in_native, id=8700, stack(0x000000a2cd400000,0x000000a2cd500000)]
  0x00000274ed081000 JavaThread "Daemon periodic checks" [_thread_blocked, id=10536, stack(0x000000a2cd700000,0x000000a2cd800000)]
  0x00000274ecfdf000 JavaThread "Daemon" [_thread_blocked, id=8456, stack(0x000000a2cd800000,0x000000a2cd900000)]
  0x00000274ec451800 JavaThread "Handler for socket connection from /127.0.0.1:52769 to /127.0.0.1:52770" [_thread_in_native, id=6388, stack(0x000000a2cd900000,0x000000a2cda00000)]
  0x00000274ed524000 JavaThread "Cancel handler" [_thread_blocked, id=852, stack(0x000000a2cda00000,0x000000a2cdb00000)]
  0x00000274ebf50000 JavaThread "Daemon worker" [_thread_blocked, id=9180, stack(0x000000a2cdb00000,0x000000a2cdc00000)]
  0x00000274ecf79800 JavaThread "Asynchronous log dispatcher for DefaultDaemonConnection: socket connection from /127.0.0.1:52769 to /127.0.0.1:52770" [_thread_blocked, id=9924, stack(0x000000a2cdc00000,0x000000a2cdd00000)]
  0x00000274ec45a800 JavaThread "Daemon client event forwarder" [_thread_blocked, id=9868, stack(0x000000a2cde00000,0x000000a2cdf00000)]
  0x00000274ed5fd000 JavaThread "Cache worker for journal cache (C:\Users\acer\.gradle\caches\journal-1)" [_thread_blocked, id=9460, stack(0x000000a2ce100000,0x000000a2ce200000)]
  0x00000274ed5fe800 JavaThread "File lock request listener" [_thread_in_native, id=10968, stack(0x000000a2ce200000,0x000000a2ce300000)]
  0x00000274ed5fe000 JavaThread "Cache worker for file hash cache (C:\Users\acer\.gradle\caches\7.4\fileHashes)" [_thread_blocked, id=2116, stack(0x000000a2ce300000,0x000000a2ce400000)]
  0x00000274ed600800 JavaThread "File watcher server" daemon [_thread_blocked, id=5824, stack(0x000000a2ce500000,0x000000a2ce600000)]
  0x00000274ed602000 JavaThread "File watcher consumer" daemon [_thread_blocked, id=4564, stack(0x000000a2ce600000,0x000000a2ce700000)]
  0x00000274ed5ff800 JavaThread "Cache worker for checksums cache (C:\Users\acer\AndroidStudioProjects\MemeApp\.gradle\7.4\checksums)" [_thread_blocked, id=10648, stack(0x000000a2ce400000,0x000000a2ce500000)]
  0x00000274ed5fc800 JavaThread "Cache worker for cache directory md-rule (C:\Users\acer\.gradle\caches\7.4\md-rule)" [_thread_blocked, id=7628, stack(0x000000a2ce700000,0x000000a2ce800000)]
  0x00000274ed601000 JavaThread "Cache worker for file hash cache (C:\Users\acer\AndroidStudioProjects\MemeApp\.gradle\7.4\fileHashes)" [_thread_blocked, id=7440, stack(0x000000a2ce900000,0x000000a2cea00000)]
  0x00000274ed603000 JavaThread "Cache worker for cache directory md-supplier (C:\Users\acer\.gradle\caches\7.4\md-supplier)" [_thread_blocked, id=4276, stack(0x000000a2cea00000,0x000000a2ceb00000)]
  0x00000274ed790000 JavaThread "Cache worker for execution history cache (C:\Users\acer\.gradle\caches\7.4\executionHistory)" [_thread_blocked, id=7932, stack(0x000000a2ce800000,0x000000a2ce900000)]
  0x00000274ed78e800 JavaThread "jar transforms" [_thread_blocked, id=2876, stack(0x000000a2cec00000,0x000000a2ced00000)]
  0x00000274ed791000 JavaThread "Cache worker for file content cache (C:\Users\acer\.gradle\caches\7.4\fileContent)" [_thread_blocked, id=752, stack(0x000000a2ced00000,0x000000a2cee00000)]
  0x00000274ed78d800 JavaThread "jar transforms Thread 2" [_thread_blocked, id=1704, stack(0x000000a2cee00000,0x000000a2cef00000)]
  0x00000274ed78b000 JavaThread "Cache worker for dependencies-accessors (C:\Users\acer\AndroidStudioProjects\MemeApp\.gradle\7.4\dependencies-accessors)" [_thread_blocked, id=7356, stack(0x000000a2cef00000,0x000000a2cf000000)]
  0x00000274ed791800 JavaThread "jar transforms Thread 3" [_thread_blocked, id=10984, stack(0x000000a2cf000000,0x000000a2cf100000)]
  0x00000274ed792800 JavaThread "Cache worker for Build Output Cleanup Cache (C:\Users\acer\AndroidStudioProjects\MemeApp\.gradle\buildOutputCleanup)" [_thread_blocked, id=6268, stack(0x000000a2ceb00000,0x000000a2cec00000)]
  0x00000274ed793800 JavaThread "Unconstrained build operations" [_thread_blocked, id=10284, stack(0x000000a2cf200000,0x000000a2cf300000)]
  0x00000274ed794000 JavaThread "Unconstrained build operations Thread 2" [_thread_blocked, id=9300, stack(0x000000a2cf300000,0x000000a2cf400000)]
  0x00000274ed795000 JavaThread "Unconstrained build operations Thread 3" [_thread_blocked, id=6000, stack(0x000000a2cf400000,0x000000a2cf500000)]
  0x00000274ed78f800 JavaThread "Unconstrained build operations Thread 4" [_thread_blocked, id=5144, stack(0x000000a2cf500000,0x000000a2cf600000)]
  0x00000274ed796000 JavaThread "Unconstrained build operations Thread 5" [_thread_blocked, id=7300, stack(0x000000a2cf600000,0x000000a2cf700000)]
  0x00000274ed796800 JavaThread "Unconstrained build operations Thread 6" [_thread_blocked, id=2712, stack(0x000000a2cf700000,0x000000a2cf800000)]
  0x00000274ed798800 JavaThread "Unconstrained build operations Thread 7" [_thread_blocked, id=10896, stack(0x000000a2cf800000,0x000000a2cf900000)]
  0x00000274ed797800 JavaThread "Unconstrained build operations Thread 8" [_thread_blocked, id=8056, stack(0x000000a2cf900000,0x000000a2cfa00000)]
  0x00000274ed799000 JavaThread "Unconstrained build operations Thread 9" [_thread_blocked, id=10976, stack(0x000000a2cfa00000,0x000000a2cfb00000)]
  0x00000274ed79a000 JavaThread "Unconstrained build operations Thread 10" [_thread_blocked, id=1404, stack(0x000000a2cfb00000,0x000000a2cfc00000)]
  0x00000274ef845800 JavaThread "Unconstrained build operations Thread 11" [_thread_blocked, id=10348, stack(0x000000a2cfc00000,0x000000a2cfd00000)]
  0x00000274ef847000 JavaThread "Unconstrained build operations Thread 12" [_thread_blocked, id=10488, stack(0x000000a2cfd00000,0x000000a2cfe00000)]
  0x00000274ef849800 JavaThread "Unconstrained build operations Thread 13" [_thread_blocked, id=6276, stack(0x000000a2cfe00000,0x000000a2cff00000)]
  0x00000274ef84a800 JavaThread "Unconstrained build operations Thread 14" [_thread_blocked, id=2916, stack(0x000000a2cff00000,0x000000a2d0000000)]
  0x00000274ef846000 JavaThread "Unconstrained build operations Thread 15" [_thread_blocked, id=7240, stack(0x000000a2d0000000,0x000000a2d0100000)]
  0x00000274ef848000 JavaThread "Unconstrained build operations Thread 16" [_thread_blocked, id=10036, stack(0x000000a2d0100000,0x000000a2d0200000)]
  0x00000274ef848800 JavaThread "Unconstrained build operations Thread 17" [_thread_blocked, id=6540, stack(0x000000a2d0200000,0x000000a2d0300000)]
  0x00000274ef84b000 JavaThread "Unconstrained build operations Thread 18" [_thread_blocked, id=11152, stack(0x000000a2d0300000,0x000000a2d0400000)]
  0x00000274ef84c000 JavaThread "Unconstrained build operations Thread 19" [_thread_blocked, id=6984, stack(0x000000a2d0400000,0x000000a2d0500000)]
  0x00000274ed633800 JavaThread "Unconstrained build operations Thread 20" [_thread_blocked, id=340, stack(0x000000a2d0500000,0x000000a2d0600000)]
  0x00000274ed634800 JavaThread "Unconstrained build operations Thread 21" [_thread_blocked, id=4020, stack(0x000000a2d0600000,0x000000a2d0700000)]
  0x00000274ed635000 JavaThread "Unconstrained build operations Thread 22" [_thread_blocked, id=4476, stack(0x000000a2d0700000,0x000000a2d0800000)]
  0x00000274ed632800 JavaThread "Unconstrained build operations Thread 23" [_thread_blocked, id=10272, stack(0x000000a2d0800000,0x000000a2d0900000)]
  0x00000274ed636000 JavaThread "Unconstrained build operations Thread 24" [_thread_blocked, id=5668, stack(0x000000a2d0900000,0x000000a2d0a00000)]
  0x00000274ed630800 JavaThread "Unconstrained build operations Thread 25" [_thread_blocked, id=11212, stack(0x000000a2d0a00000,0x000000a2d0b00000)]
  0x00000274ed637000 JavaThread "Unconstrained build operations Thread 26" [_thread_blocked, id=1652, stack(0x000000a2d0b00000,0x000000a2d0c00000)]
  0x00000274ed631000 JavaThread "Unconstrained build operations Thread 27" [_thread_blocked, id=10816, stack(0x000000a2d0c00000,0x000000a2d0d00000)]
  0x00000274ed637800 JavaThread "Unconstrained build operations Thread 28" [_thread_blocked, id=5088, stack(0x000000a2d0d00000,0x000000a2d0e00000)]
  0x00000274ed632000 JavaThread "Unconstrained build operations Thread 29" [_thread_blocked, id=5712, stack(0x000000a2d0e00000,0x000000a2d0f00000)]
  0x00000274ed63d800 JavaThread "Unconstrained build operations Thread 30" [_thread_blocked, id=1380, stack(0x000000a2d0f00000,0x000000a2d1000000)]
  0x00000274ed63e000 JavaThread "Unconstrained build operations Thread 31" [_thread_blocked, id=5388, stack(0x000000a2d1000000,0x000000a2d1100000)]
  0x00000274ed63b800 JavaThread "Unconstrained build operations Thread 32" [_thread_blocked, id=10908, stack(0x000000a2d1100000,0x000000a2d1200000)]
  0x00000274ed63c800 JavaThread "Unconstrained build operations Thread 33" [_thread_blocked, id=2496, stack(0x000000a2d1200000,0x000000a2d1300000)]
  0x00000274ed638800 JavaThread "Unconstrained build operations Thread 34" [_thread_blocked, id=8044, stack(0x000000a2d1300000,0x000000a2d1400000)]
  0x00000274ed63f000 JavaThread "Unconstrained build operations Thread 35" [_thread_blocked, id=1544, stack(0x000000a2d1400000,0x000000a2d1500000)]
  0x00000274ed639000 JavaThread "Unconstrained build operations Thread 36" [_thread_blocked, id=572, stack(0x000000a2d1500000,0x000000a2d1600000)]
  0x00000274ed63a000 JavaThread "Unconstrained build operations Thread 37" [_thread_blocked, id=4716, stack(0x000000a2d1600000,0x000000a2d1700000)]
  0x00000274ed63b000 JavaThread "Unconstrained build operations Thread 38" [_thread_blocked, id=10888, stack(0x000000a2d1700000,0x000000a2d1800000)]
  0x00000274eea20000 JavaThread "Unconstrained build operations Thread 39" [_thread_blocked, id=6404, stack(0x000000a2d1800000,0x000000a2d1900000)]
  0x00000274eea1a000 JavaThread "Unconstrained build operations Thread 40" [_thread_blocked, id=2600, stack(0x000000a2d1900000,0x000000a2d1a00000)]
  0x00000274eea20800 JavaThread "jar transforms Thread 4" [_thread_blocked, id=8364, stack(0x000000a2d1a00000,0x000000a2d1b00000)]
  0x00000274eea1f000 JavaThread "Memory manager" [_thread_blocked, id=2536, stack(0x000000a2d1b00000,0x000000a2d1c00000)]
  0x00000274eea1e000 JavaThread "build event listener" [_thread_blocked, id=524, stack(0x000000a2d1e00000,0x000000a2d1f00000)]
  0x00000274eea1b000 JavaThread "pool-3-thread-1" [_thread_blocked, id=8608, stack(0x000000a2d1d00000,0x000000a2d1e00000)]
  0x00000274eea21800 JavaThread "build event listener" [_thread_blocked, id=3616, stack(0x000000a2d1f00000,0x000000a2d2000000)]
  0x00000274eea1b800 JavaThread "included builds" [_thread_blocked, id=8812, stack(0x000000a2d2000000,0x000000a2d2100000)]
  0x00000274eea22000 JavaThread "Execution worker for ':'" [_thread_blocked, id=7208, stack(0x000000a2d2100000,0x000000a2d2200000)]
  0x00000274eea1c800 JavaThread "Execution worker for ':' Thread 2" [_thread_blocked, id=7940, stack(0x000000a2d2200000,0x000000a2d2300000)]
  0x00000274eea23000 JavaThread "Execution worker for ':' Thread 3" [_thread_blocked, id=5808, stack(0x000000a2d2300000,0x000000a2d2400000)]
  0x00000274eea1d800 JavaThread "Cache worker for execution history cache (C:\Users\acer\AndroidStudioProjects\MemeApp\.gradle\7.4\executionHistory)" [_thread_blocked, id=3908, stack(0x000000a2d2400000,0x000000a2d2500000)]
  0x00000274eea28000 JavaThread "WorkerExecutor Queue" [_thread_blocked, id=2232, stack(0x000000a2d2600000,0x000000a2d2700000)]
  0x00000274eea27000 JavaThread "WorkerExecutor Queue Thread 2" [_thread_blocked, id=2452, stack(0x000000a2cc000000,0x000000a2cc100000)]
  0x00000274eea26800 JavaThread "WorkerExecutor Queue Thread 3" [_thread_blocked, id=5912, stack(0x000000a2cc100000,0x000000a2cc200000)]
  0x00000274f0cc7800 JavaThread "C2 CompilerThread1" daemon [_thread_in_native, id=5676, stack(0x000000a2cdd00000,0x000000a2cde00000)]
  0x00000274f2675800 JavaThread "WorkerExecutor Queue Thread 6" [_thread_blocked, id=6844, stack(0x000000a2d2800000,0x000000a2d2900000)]
  0x00000274f2672800 JavaThread "ForkJoinPool-1-worker-3" daemon [_thread_blocked, id=2460, stack(0x000000a2cc200000,0x000000a2cc300000)]
  0x00000274f2673000 JavaThread "ForkJoinPool-1-worker-5" daemon [_thread_blocked, id=7916, stack(0x000000a2d2500000,0x000000a2d2600000)]
  0x00000274f2671800 JavaThread "ForkJoinPool-1-worker-7" daemon [_thread_blocked, id=9332, stack(0x000000a2d2900000,0x000000a2d2a00000)]
  0x00000274f2670000 JavaThread "ForkJoinPool-1-worker-1" daemon [_thread_blocked, id=10440, stack(0x000000a2d2a00000,0x000000a2d2b00000)]
  0x00000274f2674000 JavaThread "pool-4-thread-1" [_thread_blocked, id=2384, stack(0x000000a2d2b00000,0x000000a2d2c00000)]
  0x00000274f2676800 JavaThread "stderr" [_thread_in_native, id=11204, stack(0x000000a2d2c00000,0x000000a2d2d00000)]
  0x00000274f2670800 JavaThread "stdout" [_thread_in_native, id=1472, stack(0x000000a2d2d00000,0x000000a2d2e00000)]

Other Threads:
=>0x00000274ea323800 VMThread "VM Thread" [stack: 0x000000a2cc900000,0x000000a2cca00000] [id=10692]
  0x00000274eae35000 WatcherThread [stack: 0x000000a2cd300000,0x000000a2cd400000] [id=11196]
  0x00000274ce7f4800 GCTaskThread "GC Thread#0" [stack: 0x000000a2cc400000,0x000000a2cc500000] [id=11080]
  0x00000274eb5c6800 GCTaskThread "GC Thread#1" [stack: 0x000000a2cd500000,0x000000a2cd600000] [id=1800]
  0x00000274ed369000 GCTaskThread "GC Thread#2" [stack: 0x000000a2cdf00000,0x000000a2ce000000] [id=10632]
  0x00000274ec7d7800 GCTaskThread "GC Thread#3" [stack: 0x000000a2ce000000,0x000000a2ce100000] [id=7972]
  0x00000274ce827800 ConcurrentGCThread "G1 Main Marker" [stack: 0x000000a2cc500000,0x000000a2cc600000] [id=4856]
  0x00000274ce828800 ConcurrentGCThread "G1 Conc#0" [stack: 0x000000a2cc600000,0x000000a2cc700000] [id=10992]
  0x00000274ce8a4000 ConcurrentGCThread "G1 Refine#0" [stack: 0x000000a2cc700000,0x000000a2cc800000] [id=9464]
  0x00000274ce8a5000 ConcurrentGCThread "G1 Young RemSet Sampling" [stack: 0x000000a2cc800000,0x000000a2cc900000] [id=1020]

Threads with active compile tasks:
C2 CompilerThread0 104645 19121       4       com.android.tools.r8.code.y1::a (4129 bytes)
C2 CompilerThread1 104645 19220       4       com.android.tools.r8.dex.i::a (1036 bytes)

VM state:at safepoint (normal execution)

VM Mutex/Monitor currently owned by a thread:  ([mutex/lock_event])
[0x00000274ce7d79e0] Threads_lock - owner thread: 0x00000274ea323800
[0x00000274ce7d8910] Heap_lock - owner thread: 0x00000274ef846000

Heap address: 0x0000000080000000, size: 2048 MB, Compressed Oops mode: 32-bit
Narrow klass base: 0x0000000000000000, Narrow klass shift: 3
Compressed class space size: 1073741824 Address: 0x0000000100000000

Heap:
 garbage-first heap   total 411648K, used 198439K [0x0000000080000000, 0x0000000100000000)
  region size 1024K, 2 young (2048K), 2 survivors (2048K)
 Metaspace       used 120169K, capacity 123071K, committed 123356K, reserved 1157120K
  class space    used 14859K, capacity 16002K, committed 16032K, reserved 1048576K
Heap Regions: E=young(eden), S=young(survivor), O=old, HS=humongous(starts), HC=humongous(continues), CS=collection set, F=free, A=archive, TAMS=top-at-mark-start (previous, next)
|   0|0x0000000080000000, 0x0000000080100000, 0x0000000080100000|100%|HS|  |TAMS 0x0000000080100000, 0x0000000080000000| Complete 
|   1|0x0000000080100000, 0x0000000080200000, 0x0000000080200000|100%|HC|  |TAMS 0x0000000080200000, 0x0000000080100000| Complete 
|   2|0x0000000080200000, 0x0000000080300000, 0x0000000080300000|100%|HC|  |TAMS 0x0000000080300000, 0x0000000080200000| Complete 
|   3|0x0000000080300000, 0x0000000080400000, 0x0000000080400000|100%| O|  |TAMS 0x0000000080400000, 0x0000000080300000| Untracked 
|   4|0x0000000080400000, 0x0000000080500000, 0x0000000080500000|100%| O|  |TAMS 0x0000000080500000, 0x0000000080400000| Untracked 
|   5|0x0000000080500000, 0x0000000080600000, 0x0000000080600000|100%| O|  |TAMS 0x0000000080600000, 0x0000000080500000| Untracked 
|   6|0x0000000080600000, 0x0000000080700000, 0x0000000080700000|100%| O|  |TAMS 0x0000000080700000, 0x0000000080600000| Untracked 
|   7|0x0000000080700000, 0x0000000080800000, 0x0000000080800000|100%| O|  |TAMS 0x0000000080800000, 0x0000000080700000| Untracked 
|   8|0x0000000080800000, 0x0000000080900000, 0x0000000080900000|100%| O|  |TAMS 0x0000000080900000, 0x0000000080800000| Untracked 
|   9|0x0000000080900000, 0x0000000080a00000, 0x0000000080a00000|100%| O|  |TAMS 0x0000000080a00000, 0x0000000080900000| Untracked 
|  10|0x0000000080a00000, 0x0000000080b00000, 0x0000000080b00000|100%| O|  |TAMS 0x0000000080b00000, 0x0000000080a00000| Untracked 
|  11|0x0000000080b00000, 0x0000000080c00000, 0x0000000080c00000|100%| O|  |TAMS 0x0000000080c00000, 0x0000000080b00000| Untracked 
|  12|0x0000000080c00000, 0x0000000080d00000, 0x0000000080d00000|100%| O|  |TAMS 0x0000000080d00000, 0x0000000080c00000| Untracked 
|  13|0x0000000080d00000, 0x0000000080e00000, 0x0000000080e00000|100%| O|  |TAMS 0x0000000080e00000, 0x0000000080d00000| Untracked 
|  14|0x0000000080e00000, 0x0000000080f00000, 0x0000000080f00000|100%| O|  |TAMS 0x0000000080f00000, 0x0000000080e00000| Untracked 
|  15|0x0000000080f00000, 0x0000000081000000, 0x0000000081000000|100%| O|  |TAMS 0x0000000081000000, 0x0000000080f00000| Untracked 
|  16|0x0000000081000000, 0x0000000081100000, 0x0000000081100000|100%| O|  |TAMS 0x0000000081100000, 0x0000000081000000| Untracked 
|  17|0x0000000081100000, 0x0000000081200000, 0x0000000081200000|100%|HS|  |TAMS 0x0000000081200000, 0x0000000081100000| Complete 
|  18|0x0000000081200000, 0x0000000081300000, 0x0000000081300000|100%| O|  |TAMS 0x0000000081300000, 0x0000000081200000| Untracked 
|  19|0x0000000081300000, 0x0000000081400000, 0x0000000081400000|100%| O|  |TAMS 0x0000000081400000, 0x0000000081300000| Untracked 
|  20|0x0000000081400000, 0x0000000081500000, 0x0000000081500000|100%| O|  |TAMS 0x0000000081500000, 0x0000000081400000| Untracked 
|  21|0x0000000081500000, 0x0000000081600000, 0x0000000081600000|100%| O|  |TAMS 0x0000000081600000, 0x0000000081500000| Untracked 
|  22|0x0000000081600000, 0x0000000081700000, 0x0000000081700000|100%| O|  |TAMS 0x0000000081700000, 0x0000000081600000| Untracked 
|  23|0x0000000081700000, 0x0000000081800000, 0x0000000081800000|100%| O|  |TAMS 0x0000000081800000, 0x0000000081700000| Untracked 
|  24|0x0000000081800000, 0x0000000081900000, 0x0000000081900000|100%| O|  |TAMS 0x0000000081900000, 0x0000000081800000| Untracked 
|  25|0x0000000081900000, 0x0000000081a00000, 0x0000000081a00000|100%| O|  |TAMS 0x0000000081a00000, 0x0000000081900000| Untracked 
|  26|0x0000000081a00000, 0x0000000081b00000, 0x0000000081b00000|100%| O|  |TAMS 0x0000000081b00000, 0x0000000081a00000| Untracked 
|  27|0x0000000081b00000, 0x0000000081c00000, 0x0000000081c00000|100%|HS|  |TAMS 0x0000000081c00000, 0x0000000081b00000| Complete 
|  28|0x0000000081c00000, 0x0000000081d00000, 0x0000000081d00000|100%|HS|  |TAMS 0x0000000081d00000, 0x0000000081c00000| Complete 
|  29|0x0000000081d00000, 0x0000000081e00000, 0x0000000081e00000|100%|HS|  |TAMS 0x0000000081e00000, 0x0000000081d00000| Complete 
|  30|0x0000000081e00000, 0x0000000081f00000, 0x0000000081f00000|100%|HC|  |TAMS 0x0000000081f00000, 0x0000000081e00000| Complete 
|  31|0x0000000081f00000, 0x0000000082000000, 0x0000000082000000|100%|HC|  |TAMS 0x0000000082000000, 0x0000000081f00000| Complete 
|  32|0x0000000082000000, 0x0000000082100000, 0x0000000082100000|100%| O|  |TAMS 0x0000000082100000, 0x0000000082000000| Untracked 
|  33|0x0000000082100000, 0x0000000082200000, 0x0000000082200000|100%|HS|  |TAMS 0x0000000082200000, 0x0000000082100000| Complete 
|  34|0x0000000082200000, 0x0000000082300000, 0x0000000082300000|100%|HC|  |TAMS 0x0000000082300000, 0x0000000082200000| Complete 
|  35|0x0000000082300000, 0x0000000082400000, 0x0000000082400000|100%| O|  |TAMS 0x0000000082400000, 0x0000000082300000| Untracked 
|  36|0x0000000082400000, 0x0000000082500000, 0x0000000082500000|100%| O|  |TAMS 0x0000000082500000, 0x0000000082400000| Untracked 
|  37|0x0000000082500000, 0x0000000082600000, 0x0000000082600000|100%| O|  |TAMS 0x0000000082600000, 0x0000000082500000| Untracked 
|  38|0x0000000082600000, 0x0000000082700000, 0x0000000082700000|100%| O|  |TAMS 0x0000000082700000, 0x0000000082600000| Untracked 
|  39|0x0000000082700000, 0x0000000082800000, 0x0000000082800000|100%| O|  |TAMS 0x0000000082800000, 0x0000000082700000| Untracked 
|  40|0x0000000082800000, 0x0000000082900000, 0x0000000082900000|100%| O|  |TAMS 0x0000000082900000, 0x0000000082800000| Untracked 
|  41|0x0000000082900000, 0x0000000082a00000, 0x0000000082a00000|100%| O|  |TAMS 0x0000000082a00000, 0x0000000082900000| Untracked 
|  42|0x0000000082a00000, 0x0000000082b00000, 0x0000000082b00000|100%| O|  |TAMS 0x0000000082b00000, 0x0000000082a00000| Untracked 
|  43|0x0000000082b00000, 0x0000000082c00000, 0x0000000082c00000|100%| O|  |TAMS 0x0000000082c00000, 0x0000000082b00000| Untracked 
|  44|0x0000000082c00000, 0x0000000082d00000, 0x0000000082d00000|100%| O|  |TAMS 0x0000000082d00000, 0x0000000082c00000| Untracked 
|  45|0x0000000082d00000, 0x0000000082e00000, 0x0000000082e00000|100%| O|  |TAMS 0x0000000082e00000, 0x0000000082d00000| Untracked 
|  46|0x0000000082e00000, 0x0000000082f00000, 0x0000000082f00000|100%| O|  |TAMS 0x0000000082f00000, 0x0000000082e00000| Untracked 
|  47|0x0000000082f00000, 0x0000000083000000, 0x0000000083000000|100%| O|  |TAMS 0x0000000083000000, 0x0000000082f00000| Untracked 
|  48|0x0000000083000000, 0x0000000083100000, 0x0000000083100000|100%| O|  |TAMS 0x0000000083100000, 0x0000000083000000| Untracked 
|  49|0x0000000083100000, 0x0000000083200000, 0x0000000083200000|100%| O|  |TAMS 0x0000000083200000, 0x0000000083100000| Untracked 
|  50|0x0000000083200000, 0x0000000083300000, 0x0000000083300000|100%| O|  |TAMS 0x0000000083300000, 0x0000000083200000| Untracked 
|  51|0x0000000083300000, 0x0000000083400000, 0x0000000083400000|100%| O|  |TAMS 0x0000000083400000, 0x0000000083300000| Untracked 
|  52|0x0000000083400000, 0x0000000083500000, 0x0000000083500000|100%| O|  |TAMS 0x0000000083500000, 0x0000000083400000| Untracked 
|  53|0x0000000083500000, 0x0000000083600000, 0x0000000083600000|100%| O|  |TAMS 0x0000000083600000, 0x0000000083500000| Untracked 
|  54|0x0000000083600000, 0x0000000083700000, 0x0000000083700000|100%| O|  |TAMS 0x0000000083700000, 0x0000000083600000| Untracked 
|  55|0x0000000083700000, 0x0000000083800000, 0x0000000083800000|100%| O|  |TAMS 0x0000000083800000, 0x0000000083700000| Untracked 
|  56|0x0000000083800000, 0x0000000083900000, 0x0000000083900000|100%| O|  |TAMS 0x0000000083900000, 0x0000000083800000| Untracked 
|  57|0x0000000083900000, 0x0000000083a00000, 0x0000000083a00000|100%| O|  |TAMS 0x0000000083a00000, 0x0000000083900000| Untracked 
|  58|0x0000000083a00000, 0x0000000083b00000, 0x0000000083b00000|100%| O|  |TAMS 0x0000000083b00000, 0x0000000083a00000| Untracked 
|  59|0x0000000083b00000, 0x0000000083c00000, 0x0000000083c00000|100%| O|  |TAMS 0x0000000083c00000, 0x0000000083b00000| Untracked 
|  60|0x0000000083c00000, 0x0000000083d00000, 0x0000000083d00000|100%| O|  |TAMS 0x0000000083d00000, 0x0000000083c00000| Untracked 
|  61|0x0000000083d00000, 0x0000000083e00000, 0x0000000083e00000|100%| O|  |TAMS 0x0000000083e00000, 0x0000000083d00000| Untracked 
|  62|0x0000000083e00000, 0x0000000083f00000, 0x0000000083f00000|100%| O|  |TAMS 0x0000000083f00000, 0x0000000083e00000| Untracked 
|  63|0x0000000083f00000, 0x0000000084000000, 0x0000000084000000|100%| O|  |TAMS 0x0000000084000000, 0x0000000083f00000| Untracked 
|  64|0x0000000084000000, 0x0000000084100000, 0x0000000084100000|100%| O|  |TAMS 0x0000000084100000, 0x0000000084000000| Untracked 
|  65|0x0000000084100000, 0x0000000084200000, 0x0000000084200000|100%| O|  |TAMS 0x0000000084200000, 0x0000000084100000| Untracked 
|  66|0x0000000084200000, 0x0000000084300000, 0x0000000084300000|100%| O|  |TAMS 0x0000000084300000, 0x0000000084200000| Untracked 
|  67|0x0000000084300000, 0x0000000084400000, 0x0000000084400000|100%| O|  |TAMS 0x0000000084400000, 0x0000000084300000| Untracked 
|  68|0x0000000084400000, 0x0000000084500000, 0x0000000084500000|100%| O|  |TAMS 0x0000000084500000, 0x0000000084400000| Untracked 
|  69|0x0000000084500000, 0x0000000084600000, 0x0000000084600000|100%| O|  |TAMS 0x0000000084600000, 0x0000000084500000| Untracked 
|  70|0x0000000084600000, 0x0000000084700000, 0x0000000084700000|100%| O|  |TAMS 0x0000000084700000, 0x0000000084600000| Untracked 
|  71|0x0000000084700000, 0x0000000084800000, 0x0000000084800000|100%| O|  |TAMS 0x0000000084800000, 0x0000000084700000| Untracked 
|  72|0x0000000084800000, 0x0000000084900000, 0x0000000084900000|100%| O|  |TAMS 0x0000000084900000, 0x0000000084800000| Untracked 
|  73|0x0000000084900000, 0x0000000084a00000, 0x0000000084a00000|100%| O|  |TAMS 0x0000000084a00000, 0x0000000084900000| Untracked 
|  74|0x0000000084a00000, 0x0000000084b00000, 0x0000000084b00000|100%| O|  |TAMS 0x0000000084b00000, 0x0000000084a00000| Untracked 
|  75|0x0000000084b00000, 0x0000000084c00000, 0x0000000084c00000|100%| O|  |TAMS 0x0000000084c00000, 0x0000000084b00000| Untracked 
|  76|0x0000000084c00000, 0x0000000084d00000, 0x0000000084d00000|100%| O|  |TAMS 0x0000000084d00000, 0x0000000084c00000| Untracked 
|  77|0x0000000084d00000, 0x0000000084e00000, 0x0000000084e00000|100%| O|  |TAMS 0x0000000084d00000, 0x0000000084d00000| Untracked 
|  78|0x0000000084e00000, 0x0000000084f00000, 0x0000000084f00000|100%| O|  |TAMS 0x0000000084f00000, 0x0000000084e00000| Untracked 
|  79|0x0000000084f00000, 0x0000000085000000, 0x0000000085000000|100%| O|  |TAMS 0x0000000085000000, 0x0000000084f00000| Untracked 
|  80|0x0000000085000000, 0x0000000085100000, 0x0000000085100000|100%| O|  |TAMS 0x0000000085100000, 0x0000000085000000| Untracked 
|  81|0x0000000085100000, 0x0000000085200000, 0x0000000085200000|100%| O|  |TAMS 0x0000000085200000, 0x0000000085100000| Untracked 
|  82|0x0000000085200000, 0x0000000085300000, 0x0000000085300000|100%| O|  |TAMS 0x0000000085300000, 0x0000000085200000| Untracked 
|  83|0x0000000085300000, 0x0000000085400000, 0x0000000085400000|100%| O|  |TAMS 0x0000000085400000, 0x0000000085300000| Untracked 
|  84|0x0000000085400000, 0x0000000085500000, 0x0000000085500000|100%| O|  |TAMS 0x0000000085500000, 0x0000000085400000| Untracked 
|  85|0x0000000085500000, 0x0000000085600000, 0x0000000085600000|100%| O|  |TAMS 0x0000000085600000, 0x0000000085500000| Untracked 
|  86|0x0000000085600000, 0x0000000085700000, 0x0000000085700000|100%| O|  |TAMS 0x0000000085700000, 0x0000000085600000| Untracked 
|  87|0x0000000085700000, 0x0000000085800000, 0x0000000085800000|100%| O|  |TAMS 0x0000000085700000, 0x0000000085700000| Untracked 
|  88|0x0000000085800000, 0x0000000085900000, 0x0000000085900000|100%|HS|  |TAMS 0x0000000085900000, 0x0000000085800000| Complete 
|  89|0x0000000085900000, 0x0000000085a00000, 0x0000000085a00000|100%| O|  |TAMS 0x0000000085a00000, 0x0000000085900000| Untracked 
|  90|0x0000000085a00000, 0x0000000085b00000, 0x0000000085b00000|100%|HS|  |TAMS 0x0000000085b00000, 0x0000000085a00000| Complete 
|  91|0x0000000085b00000, 0x0000000085c00000, 0x0000000085c00000|100%| O|  |TAMS 0x0000000085c00000, 0x0000000085b00000| Untracked 
|  92|0x0000000085c00000, 0x0000000085d00000, 0x0000000085d00000|100%| O|  |TAMS 0x0000000085c00000, 0x0000000085c00000| Untracked 
|  93|0x0000000085d00000, 0x0000000085e00000, 0x0000000085e00000|100%| O|  |TAMS 0x0000000085e00000, 0x0000000085d00000| Untracked 
|  94|0x0000000085e00000, 0x0000000085f00000, 0x0000000085f00000|100%| O|  |TAMS 0x0000000085e00000, 0x0000000085e00000| Untracked 
|  95|0x0000000085f00000, 0x0000000086000000, 0x0000000086000000|100%|HS|  |TAMS 0x0000000086000000, 0x0000000085f00000| Complete 
|  96|0x0000000086000000, 0x0000000086100000, 0x0000000086100000|100%|HC|  |TAMS 0x0000000086100000, 0x0000000086000000| Complete 
|  97|0x0000000086100000, 0x0000000086200000, 0x0000000086200000|100%|HS|  |TAMS 0x0000000086200000, 0x0000000086100000| Complete 
|  98|0x0000000086200000, 0x0000000086300000, 0x0000000086300000|100%|HS|  |TAMS 0x0000000086300000, 0x0000000086200000| Complete 
|  99|0x0000000086300000, 0x0000000086400000, 0x0000000086400000|100%|HS|  |TAMS 0x0000000086400000, 0x0000000086300000| Complete 
| 100|0x0000000086400000, 0x0000000086500000, 0x0000000086500000|100%|HC|  |TAMS 0x0000000086500000, 0x0000000086400000| Complete 
| 101|0x0000000086500000, 0x0000000086600000, 0x0000000086600000|100%|HS|  |TAMS 0x0000000086600000, 0x0000000086500000| Complete 
| 102|0x0000000086600000, 0x0000000086700000, 0x0000000086700000|100%|HC|  |TAMS 0x0000000086700000, 0x0000000086600000| Complete 
| 103|0x0000000086700000, 0x0000000086800000, 0x0000000086800000|100%|HC|  |TAMS 0x0000000086800000, 0x0000000086700000| Complete 
| 104|0x0000000086800000, 0x0000000086900000, 0x0000000086900000|100%|HS|  |TAMS 0x0000000086900000, 0x0000000086800000| Complete 
| 105|0x0000000086900000, 0x0000000086a00000, 0x0000000086a00000|100%|HC|  |TAMS 0x0000000086a00000, 0x0000000086900000| Complete 
| 106|0x0000000086a00000, 0x0000000086b00000, 0x0000000086b00000|100%| O|  |TAMS 0x0000000086b00000, 0x0000000086a00000| Untracked 
| 107|0x0000000086b00000, 0x0000000086c00000, 0x0000000086c00000|100%| O|  |TAMS 0x0000000086c00000, 0x0000000086b00000| Untracked 
| 108|0x0000000086c00000, 0x0000000086d00000, 0x0000000086d00000|100%| O|  |TAMS 0x0000000086d00000, 0x0000000086c00000| Untracked 
| 109|0x0000000086d00000, 0x0000000086e00000, 0x0000000086e00000|100%| O|  |TAMS 0x0000000086e00000, 0x0000000086d00000| Untracked 
| 110|0x0000000086e00000, 0x0000000086f00000, 0x0000000086f00000|100%|HS|  |TAMS 0x0000000086f00000, 0x0000000086e00000| Complete 
| 111|0x0000000086f00000, 0x0000000087000000, 0x0000000087000000|100%| O|  |TAMS 0x0000000087000000, 0x0000000086f00000| Untracked 
| 112|0x0000000087000000, 0x0000000087100000, 0x0000000087100000|100%|HS|  |TAMS 0x0000000087100000, 0x0000000087000000| Complete 
| 113|0x0000000087100000, 0x0000000087200000, 0x0000000087200000|100%|HC|  |TAMS 0x0000000087200000, 0x0000000087100000| Complete 
| 114|0x0000000087200000, 0x0000000087300000, 0x0000000087300000|100%|HS|  |TAMS 0x0000000087300000, 0x0000000087200000| Complete 
| 115|0x0000000087300000, 0x0000000087400000, 0x0000000087400000|100%|HC|  |TAMS 0x0000000087400000, 0x0000000087300000| Complete 
| 116|0x0000000087400000, 0x0000000087500000, 0x0000000087500000|100%| O|  |TAMS 0x0000000087500000, 0x0000000087400000| Untracked 
| 117|0x0000000087500000, 0x0000000087600000, 0x0000000087600000|100%|HS|  |TAMS 0x0000000087600000, 0x0000000087500000| Complete 
| 118|0x0000000087600000, 0x0000000087700000, 0x0000000087700000|100%| O|  |TAMS 0x0000000087700000, 0x0000000087600000| Untracked 
| 119|0x0000000087700000, 0x0000000087800000, 0x0000000087800000|100%| O|  |TAMS 0x0000000087800000, 0x0000000087700000| Untracked 
| 120|0x0000000087800000, 0x0000000087900000, 0x0000000087900000|100%| O|  |TAMS 0x0000000087900000, 0x0000000087800000| Untracked 
| 121|0x0000000087900000, 0x0000000087a00000, 0x0000000087a00000|100%| O|  |TAMS 0x0000000087a00000, 0x0000000087900000| Untracked 
| 122|0x0000000087a00000, 0x0000000087b00000, 0x0000000087b00000|100%| O|  |TAMS 0x0000000087a00000, 0x0000000087a00000| Untracked 
| 123|0x0000000087b00000, 0x0000000087c00000, 0x0000000087c00000|100%| O|  |TAMS 0x0000000087c00000, 0x0000000087b00000| Untracked 
| 124|0x0000000087c00000, 0x0000000087d00000, 0x0000000087d00000|100%| O|  |TAMS 0x0000000087d00000, 0x0000000087c00000| Untracked 
| 125|0x0000000087d00000, 0x0000000087e00000, 0x0000000087e00000|100%| O|  |TAMS 0x0000000087e00000, 0x0000000087d00000| Untracked 
| 126|0x0000000087e00000, 0x0000000087f00000, 0x0000000087f00000|100%| O|  |TAMS 0x0000000087f00000, 0x0000000087e00000| Untracked 
| 127|0x0000000087f00000, 0x0000000088000000, 0x0000000088000000|100%| O|  |TAMS 0x0000000088000000, 0x0000000087f00000| Untracked 
| 128|0x0000000088000000, 0x0000000088100000, 0x0000000088100000|100%| O|  |TAMS 0x0000000088100000, 0x0000000088000000| Untracked 
| 129|0x0000000088100000, 0x0000000088200000, 0x0000000088200000|100%| O|  |TAMS 0x0000000088200000, 0x0000000088100000| Untracked 
| 130|0x0000000088200000, 0x0000000088300000, 0x0000000088300000|100%| O|  |TAMS 0x0000000088300000, 0x0000000088200000| Untracked 
| 131|0x0000000088300000, 0x0000000088400000, 0x0000000088400000|100%| O|  |TAMS 0x0000000088400000, 0x0000000088300000| Untracked 
| 132|0x0000000088400000, 0x0000000088500000, 0x0000000088500000|100%| O|  |TAMS 0x0000000088500000, 0x0000000088400000| Untracked 
| 133|0x0000000088500000, 0x0000000088600000, 0x0000000088600000|100%|HS|  |TAMS 0x0000000088600000, 0x0000000088500000| Complete 
| 134|0x0000000088600000, 0x0000000088700000, 0x0000000088700000|100%|HC|  |TAMS 0x0000000088700000, 0x0000000088600000| Complete 
| 135|0x0000000088700000, 0x0000000088800000, 0x0000000088800000|100%|HC|  |TAMS 0x0000000088800000, 0x0000000088700000| Complete 
| 136|0x0000000088800000, 0x0000000088900000, 0x0000000088900000|100%| O|  |TAMS 0x0000000088900000, 0x0000000088800000| Untracked 
| 137|0x0000000088900000, 0x0000000088a00000, 0x0000000088a00000|100%| O|  |TAMS 0x0000000088a00000, 0x0000000088900000| Untracked 
| 138|0x0000000088a00000, 0x0000000088b00000, 0x0000000088b00000|100%|HS|  |TAMS 0x0000000088b00000, 0x0000000088a00000| Complete 
| 139|0x0000000088b00000, 0x0000000088c00000, 0x0000000088c00000|100%|HC|  |TAMS 0x0000000088c00000, 0x0000000088b00000| Complete 
| 140|0x0000000088c00000, 0x0000000088d00000, 0x0000000088d00000|100%| O|  |TAMS 0x0000000088d00000, 0x0000000088c00000| Untracked 
| 141|0x0000000088d00000, 0x0000000088e00000, 0x0000000088e00000|100%| O|  |TAMS 0x0000000088e00000, 0x0000000088d00000| Untracked 
| 142|0x0000000088e00000, 0x0000000088f00000, 0x0000000088f00000|100%| O|  |TAMS 0x0000000088f00000, 0x0000000088e00000| Untracked 
| 143|0x0000000088f00000, 0x0000000089000000, 0x0000000089000000|100%| O|  |TAMS 0x0000000089000000, 0x0000000088f00000| Untracked 
| 144|0x0000000089000000, 0x0000000089100000, 0x0000000089100000|100%| O|  |TAMS 0x0000000089100000, 0x0000000089000000| Untracked 
| 145|0x0000000089100000, 0x0000000089200000, 0x0000000089200000|100%| O|  |TAMS 0x0000000089200000, 0x0000000089100000| Untracked 
| 146|0x0000000089200000, 0x0000000089300000, 0x0000000089300000|100%| O|  |TAMS 0x0000000089300000, 0x0000000089200000| Untracked 
| 147|0x0000000089300000, 0x0000000089400000, 0x0000000089400000|100%| O|  |TAMS 0x0000000089400000, 0x0000000089300000| Untracked 
| 148|0x0000000089400000, 0x0000000089500000, 0x0000000089500000|100%| O|  |TAMS 0x0000000089500000, 0x0000000089400000| Untracked 
| 149|0x0000000089500000, 0x0000000089600000, 0x0000000089600000|100%| O|  |TAMS 0x0000000089600000, 0x0000000089500000| Untracked 
| 150|0x0000000089600000, 0x0000000089700000, 0x0000000089700000|100%| O|  |TAMS 0x0000000089700000, 0x0000000089600000| Untracked 
| 151|0x0000000089700000, 0x0000000089800000, 0x0000000089800000|100%| O|  |TAMS 0x0000000089800000, 0x0000000089700000| Untracked 
| 152|0x0000000089800000, 0x0000000089900000, 0x0000000089900000|100%| O|  |TAMS 0x0000000089900000, 0x0000000089800000| Untracked 
| 153|0x0000000089900000, 0x0000000089a00000, 0x0000000089a00000|100%| O|  |TAMS 0x0000000089a00000, 0x0000000089900000| Untracked 
| 154|0x0000000089a00000, 0x0000000089b00000, 0x0000000089b00000|100%| O|  |TAMS 0x0000000089b00000, 0x0000000089a00000| Untracked 
| 155|0x0000000089b00000, 0x0000000089c00000, 0x0000000089c00000|100%| O|  |TAMS 0x0000000089c00000, 0x0000000089b00000| Untracked 
| 156|0x0000000089c00000, 0x0000000089d00000, 0x0000000089d00000|100%| O|  |TAMS 0x0000000089d00000, 0x0000000089c00000| Untracked 
| 157|0x0000000089d00000, 0x0000000089e00000, 0x0000000089e00000|100%| O|  |TAMS 0x0000000089e00000, 0x0000000089d00000| Untracked 
| 158|0x0000000089e00000, 0x0000000089f00000, 0x0000000089f00000|100%| O|  |TAMS 0x0000000089e67c00, 0x0000000089e00000| Untracked 
| 159|0x0000000089f00000, 0x000000008a000000, 0x000000008a000000|100%| O|  |TAMS 0x0000000089f00000, 0x0000000089f00000| Untracked 
| 160|0x000000008a000000, 0x000000008a100000, 0x000000008a100000|100%| O|  |TAMS 0x000000008a000000, 0x000000008a000000| Untracked 
| 161|0x000000008a100000, 0x000000008a200000, 0x000000008a200000|100%| O|  |TAMS 0x000000008a100000, 0x000000008a100000| Untracked 
| 162|0x000000008a200000, 0x000000008a300000, 0x000000008a300000|100%| O|  |TAMS 0x000000008a200000, 0x000000008a200000| Untracked 
| 163|0x000000008a300000, 0x000000008a400000, 0x000000008a400000|100%| O|  |TAMS 0x000000008a300000, 0x000000008a300000| Untracked 
| 164|0x000000008a400000, 0x000000008a500000, 0x000000008a500000|100%| O|  |TAMS 0x000000008a400000, 0x000000008a400000| Untracked 
| 165|0x000000008a500000, 0x000000008a600000, 0x000000008a600000|100%| O|  |TAMS 0x000000008a500000, 0x000000008a500000| Untracked 
| 166|0x000000008a600000, 0x000000008a700000, 0x000000008a700000|100%| O|  |TAMS 0x000000008a600000, 0x000000008a600000| Untracked 
| 167|0x000000008a700000, 0x000000008a800000, 0x000000008a800000|100%| O|  |TAMS 0x000000008a700000, 0x000000008a700000| Untracked 
| 168|0x000000008a800000, 0x000000008a900000, 0x000000008a900000|100%| O|  |TAMS 0x000000008a800000, 0x000000008a800000| Untracked 
| 169|0x000000008a900000, 0x000000008aa00000, 0x000000008aa00000|100%| O|  |TAMS 0x000000008a900000, 0x000000008a900000| Untracked 
| 170|0x000000008aa00000, 0x000000008ab00000, 0x000000008ab00000|100%| O|  |TAMS 0x000000008aa00000, 0x000000008aa00000| Untracked 
| 171|0x000000008ab00000, 0x000000008ac00000, 0x000000008ac00000|100%| O|  |TAMS 0x000000008ab00000, 0x000000008ab00000| Untracked 
| 172|0x000000008ac00000, 0x000000008ad00000, 0x000000008ad00000|100%| O|  |TAMS 0x000000008ac00000, 0x000000008ac00000| Untracked 
| 173|0x000000008ad00000, 0x000000008ae00000, 0x000000008ae00000|100%| O|  |TAMS 0x000000008ad00000, 0x000000008ad00000| Untracked 
| 174|0x000000008ae00000, 0x000000008af00000, 0x000000008af00000|100%| O|  |TAMS 0x000000008ae00000, 0x000000008ae00000| Untracked 
| 175|0x000000008af00000, 0x000000008b000000, 0x000000008b000000|100%| O|  |TAMS 0x000000008af00000, 0x000000008af00000| Untracked 
| 176|0x000000008b000000, 0x000000008b100000, 0x000000008b100000|100%| O|  |TAMS 0x000000008b000000, 0x000000008b000000| Untracked 
| 177|0x000000008b100000, 0x000000008b200000, 0x000000008b200000|100%| O|  |TAMS 0x000000008b100000, 0x000000008b100000| Untracked 
| 178|0x000000008b200000, 0x000000008b300000, 0x000000008b300000|100%| O|  |TAMS 0x000000008b200000, 0x000000008b200000| Untracked 
| 179|0x000000008b300000, 0x000000008b400000, 0x000000008b400000|100%| O|  |TAMS 0x000000008b300000, 0x000000008b300000| Untracked 
| 180|0x000000008b400000, 0x000000008b500000, 0x000000008b500000|100%| O|  |TAMS 0x000000008b400000, 0x000000008b400000| Untracked 
| 181|0x000000008b500000, 0x000000008b600000, 0x000000008b600000|100%| O|  |TAMS 0x000000008b500000, 0x000000008b500000| Untracked 
| 182|0x000000008b600000, 0x000000008b700000, 0x000000008b700000|100%| O|  |TAMS 0x000000008b600000, 0x000000008b600000| Untracked 
| 183|0x000000008b700000, 0x000000008b800000, 0x000000008b800000|100%| O|  |TAMS 0x000000008b700000, 0x000000008b700000| Untracked 
| 184|0x000000008b800000, 0x000000008b900000, 0x000000008b900000|100%| O|  |TAMS 0x000000008b800000, 0x000000008b800000| Untracked 
| 185|0x000000008b900000, 0x000000008ba00000, 0x000000008ba00000|100%| O|  |TAMS 0x000000008b900000, 0x000000008b900000| Untracked 
| 186|0x000000008ba00000, 0x000000008bb00000, 0x000000008bb00000|100%| O|  |TAMS 0x000000008ba00000, 0x000000008ba00000| Untracked 
| 187|0x000000008bb00000, 0x000000008bc00000, 0x000000008bc00000|100%| O|  |TAMS 0x000000008bb00000, 0x000000008bb00000| Untracked 
| 188|0x000000008bc00000, 0x000000008bd00000, 0x000000008bd00000|100%| O|  |TAMS 0x000000008bc00000, 0x000000008bc00000| Untracked 
| 189|0x000000008bd00000, 0x000000008be00000, 0x000000008be00000|100%| O|  |TAMS 0x000000008bd00000, 0x000000008bd00000| Untracked 
| 190|0x000000008be00000, 0x000000008bec9c00, 0x000000008bf00000| 78%| O|  |TAMS 0x000000008be00000, 0x000000008be00000| Untracked 
| 191|0x000000008bf00000, 0x000000008bf00000, 0x000000008c000000|  0%| F|  |TAMS 0x000000008bf00000, 0x000000008bf00000| Untracked 
| 192|0x000000008c000000, 0x000000008c000000, 0x000000008c100000|  0%| F|  |TAMS 0x000000008c000000, 0x000000008c000000| Untracked 
| 193|0x000000008c100000, 0x000000008c100000, 0x000000008c200000|  0%| F|  |TAMS 0x000000008c100000, 0x000000008c100000| Untracked 
| 194|0x000000008c200000, 0x000000008c200000, 0x000000008c300000|  0%| F|  |TAMS 0x000000008c200000, 0x000000008c200000| Untracked 
| 195|0x000000008c300000, 0x000000008c400000, 0x000000008c400000|100%| O|  |TAMS 0x000000008c400000, 0x000000008c300000| Untracked 
| 196|0x000000008c400000, 0x000000008c400000, 0x000000008c500000|  0%| F|  |TAMS 0x000000008c400000, 0x000000008c400000| Untracked 
| 197|0x000000008c500000, 0x000000008c500000, 0x000000008c600000|  0%| F|  |TAMS 0x000000008c500000, 0x000000008c500000| Untracked 
| 198|0x000000008c600000, 0x000000008c600000, 0x000000008c700000|  0%| F|  |TAMS 0x000000008c600000, 0x000000008c600000| Untracked 
| 199|0x000000008c700000, 0x000000008c700000, 0x000000008c800000|  0%| F|  |TAMS 0x000000008c700000, 0x000000008c700000| Untracked 
| 200|0x000000008c800000, 0x000000008c800000, 0x000000008c900000|  0%| F|  |TAMS 0x000000008c800000, 0x000000008c800000| Untracked 
| 201|0x000000008c900000, 0x000000008c900000, 0x000000008ca00000|  0%| F|  |TAMS 0x000000008c900000, 0x000000008c900000| Untracked 
| 202|0x000000008ca00000, 0x000000008ca00000, 0x000000008cb00000|  0%| F|  |TAMS 0x000000008ca00000, 0x000000008ca00000| Untracked 
| 203|0x000000008cb00000, 0x000000008cb00000, 0x000000008cc00000|  0%| F|  |TAMS 0x000000008cb00000, 0x000000008cb00000| Untracked 
| 204|0x000000008cc00000, 0x000000008cc00000, 0x000000008cd00000|  0%| F|  |TAMS 0x000000008cc00000, 0x000000008cc00000| Untracked 
| 205|0x000000008cd00000, 0x000000008cd00000, 0x000000008ce00000|  0%| F|  |TAMS 0x000000008cd00000, 0x000000008cd00000| Untracked 
| 206|0x000000008ce00000, 0x000000008ce00000, 0x000000008cf00000|  0%| F|  |TAMS 0x000000008ce00000, 0x000000008ce00000| Untracked 
| 207|0x000000008cf00000, 0x000000008cf00000, 0x000000008d000000|  0%| F|  |TAMS 0x000000008cf00000, 0x000000008cf00000| Untracked 
| 208|0x000000008d000000, 0x000000008d000000, 0x000000008d100000|  0%| F|  |TAMS 0x000000008d000000, 0x000000008d000000| Untracked 
| 209|0x000000008d100000, 0x000000008d100000, 0x000000008d200000|  0%| F|  |TAMS 0x000000008d100000, 0x000000008d100000| Untracked 
| 210|0x000000008d200000, 0x000000008d200000, 0x000000008d300000|  0%| F|  |TAMS 0x000000008d200000, 0x000000008d200000| Untracked 
| 211|0x000000008d300000, 0x000000008d300000, 0x000000008d400000|  0%| F|  |TAMS 0x000000008d300000, 0x000000008d300000| Untracked 
| 212|0x000000008d400000, 0x000000008d400000, 0x000000008d500000|  0%| F|  |TAMS 0x000000008d400000, 0x000000008d400000| Untracked 
| 213|0x000000008d500000, 0x000000008d500000, 0x000000008d600000|  0%| F|  |TAMS 0x000000008d500000, 0x000000008d500000| Untracked 
| 214|0x000000008d600000, 0x000000008d600000, 0x000000008d700000|  0%| F|  |TAMS 0x000000008d600000, 0x000000008d600000| Untracked 
| 215|0x000000008d700000, 0x000000008d700000, 0x000000008d800000|  0%| F|  |TAMS 0x000000008d700000, 0x000000008d700000| Untracked 
| 216|0x000000008d800000, 0x000000008d800000, 0x000000008d900000|  0%| F|  |TAMS 0x000000008d800000, 0x000000008d800000| Untracked 
| 217|0x000000008d900000, 0x000000008d900000, 0x000000008da00000|  0%| F|  |TAMS 0x000000008d900000, 0x000000008d900000| Untracked 
| 218|0x000000008da00000, 0x000000008da00000, 0x000000008db00000|  0%| F|  |TAMS 0x000000008da00000, 0x000000008da00000| Untracked 
| 219|0x000000008db00000, 0x000000008db00000, 0x000000008dc00000|  0%| F|  |TAMS 0x000000008db00000, 0x000000008db00000| Untracked 
| 220|0x000000008dc00000, 0x000000008dc00000, 0x000000008dd00000|  0%| F|  |TAMS 0x000000008dc00000, 0x000000008dc00000| Untracked 
| 221|0x000000008dd00000, 0x000000008dd00000, 0x000000008de00000|  0%| F|  |TAMS 0x000000008dd00000, 0x000000008dd00000| Untracked 
| 222|0x000000008de00000, 0x000000008de00000, 0x000000008df00000|  0%| F|  |TAMS 0x000000008de00000, 0x000000008de00000| Untracked 
| 223|0x000000008df00000, 0x000000008df00000, 0x000000008e000000|  0%| F|  |TAMS 0x000000008df00000, 0x000000008df00000| Untracked 
| 224|0x000000008e000000, 0x000000008e100000, 0x000000008e100000|100%| S|CS|TAMS 0x000000008e000000, 0x000000008e000000| Complete 
| 225|0x000000008e100000, 0x000000008e200000, 0x000000008e200000|100%| S|CS|TAMS 0x000000008e100000, 0x000000008e100000| Complete 
| 226|0x000000008e200000, 0x000000008e200000, 0x000000008e300000|  0%| F|  |TAMS 0x000000008e200000, 0x000000008e200000| Untracked 
| 227|0x000000008e300000, 0x000000008e300000, 0x000000008e400000|  0%| F|  |TAMS 0x000000008e300000, 0x000000008e300000| Untracked 
| 228|0x000000008e400000, 0x000000008e400000, 0x000000008e500000|  0%| F|  |TAMS 0x000000008e400000, 0x000000008e400000| Untracked 
| 229|0x000000008e500000, 0x000000008e500000, 0x000000008e600000|  0%| F|  |TAMS 0x000000008e500000, 0x000000008e500000| Untracked 
| 230|0x000000008e600000, 0x000000008e600000, 0x000000008e700000|  0%| F|  |TAMS 0x000000008e600000, 0x000000008e600000| Untracked 
| 231|0x000000008e700000, 0x000000008e700000, 0x000000008e800000|  0%| F|  |TAMS 0x000000008e700000, 0x000000008e700000| Untracked 
| 232|0x000000008e800000, 0x000000008e800000, 0x000000008e900000|  0%| F|  |TAMS 0x000000008e800000, 0x000000008e800000| Untracked 
| 233|0x000000008e900000, 0x000000008e900000, 0x000000008ea00000|  0%| F|  |TAMS 0x000000008e900000, 0x000000008e900000| Untracked 
| 234|0x000000008ea00000, 0x000000008ea00000, 0x000000008eb00000|  0%| F|  |TAMS 0x000000008ea00000, 0x000000008ea00000| Untracked 
| 235|0x000000008eb00000, 0x000000008eb00000, 0x000000008ec00000|  0%| F|  |TAMS 0x000000008eb00000, 0x000000008eb00000| Untracked 

Card table byte_map: [0x00000274e3500000,0x00000274e3900000] _byte_map_base: 0x00000274e3100000

Marking Bits (Prev, Next): (CMBitMap*) 0x00000274ce81e948, (CMBitMap*) 0x00000274ce81e980
 Prev Bits: [0x00000274e3d00000, 0x00000274e5d00000)
 Next Bits: [0x00000274e5d00000, 0x00000274e7d00000)

Polling page: 0x00000274d0070000

Metaspace:

Usage:
  Non-class:    104.56 MB capacity,   102.84 MB ( 98%) used,     1.35 MB (  1%) free+waste,   372.94 KB ( <1%) overhead. 
      Class:     15.63 MB capacity,    14.51 MB ( 93%) used,   979.43 KB (  6%) free+waste,   163.38 KB (  1%) overhead. 
       Both:    120.19 MB capacity,   117.35 MB ( 98%) used,     2.31 MB (  2%) free+waste,   536.31 KB ( <1%) overhead. 

Virtual space:
  Non-class space:      106.00 MB reserved,     104.81 MB ( 99%) committed 
      Class space:        1.00 GB reserved,      15.66 MB (  2%) committed 
             Both:        1.10 GB reserved,     120.46 MB ( 11%) committed 

Chunk freelists:
   Non-Class:  0 bytes
       Class:  0 bytes
        Both:  0 bytes

MaxMetaspaceSize: 17179869184.00 GB
CompressedClassSpaceSize: 1.00 GB
Initial GC threshold: 20.80 MB
Current GC threshold: 199.94 MB
CDS: off

CodeHeap 'non-profiled nmethods': size=120064Kb used=11171Kb max_used=11171Kb free=108892Kb
 bounds [0x00000274db590000, 0x00000274dc080000, 0x00000274e2ad0000]
CodeHeap 'profiled nmethods': size=120000Kb used=44658Kb max_used=44658Kb free=75341Kb
 bounds [0x00000274d4060000, 0x00000274d6c00000, 0x00000274db590000]
CodeHeap 'non-nmethods': size=5696Kb used=2479Kb max_used=2479Kb free=3216Kb
 bounds [0x00000274d3ad0000, 0x00000274d3d50000, 0x00000274d4060000]
 total_blobs=19095 nmethods=18136 adapters=869
 compilation: enabled
              stopped_count=0, restarted_count=0
 full_count=0

Compilation events (20 events):
Event: 104.321 Thread 0x00000274ea365800 19268       2       com.android.tools.r8.code.a::<init> (7 bytes)
Event: 104.321 Thread 0x00000274ea365800 nmethod 19268 0x00000274d6bf1710 code [0x00000274d6bf18c0, 0x00000274d6bf1a18]
Event: 104.321 Thread 0x00000274ea365800 19270       3       com.android.tools.r8.dex.i::a (829 bytes)
Event: 104.343 Thread 0x00000274ea365800 nmethod 19270 0x00000274d6bf1b10 code [0x00000274d6bf2560, 0x00000274d6bf94b8]
Event: 104.416 Thread 0x00000274ea365800 19271       2       java.util.concurrent.ConcurrentLinkedQueue$Itr::hasNext (13 bytes)
Event: 104.417 Thread 0x00000274ea365800 nmethod 19271 0x00000274d6bfc190 code [0x00000274d6bfc340, 0x00000274d6bfc458]
Event: 104.417 Thread 0x00000274ea365800 19272       2       java.util.concurrent.ConcurrentLinkedQueue$Itr::next (96 bytes)
Event: 104.418 Thread 0x00000274ea365800 nmethod 19272 0x00000274d6bfc510 code [0x00000274d6bfc700, 0x00000274d6bfcb38]
Event: 104.418 Thread 0x00000274ea365800 19273  s    2       com.android.tools.r8.graph.E$a::a (14 bytes)
Event: 104.420 Thread 0x00000274ea365800 nmethod 19273 0x00000274d6bfcd90 code [0x00000274d6bfcf80, 0x00000274d6bfd448]
Event: 104.420 Thread 0x00000274ea365800 19275       2       com.android.tools.r8.graph.B2$a::d (2 bytes)
Event: 104.420 Thread 0x00000274ea365800 nmethod 19275 0x00000274d6bfd690 code [0x00000274d6bfd840, 0x00000274d6bfd938]
Event: 104.420 Thread 0x00000274ea365800 19274       2       java.util.concurrent.ConcurrentLinkedQueue::succ (17 bytes)
Event: 104.420 Thread 0x00000274ea365800 nmethod 19274 0x00000274d6bfda10 code [0x00000274d6bfdbc0, 0x00000274d6bfdcd8]
Event: 104.431 Thread 0x00000274ea365800 19277       2       com.android.tools.r8.internal.Rb::a (96 bytes)
Event: 104.433 Thread 0x00000274ea365800 nmethod 19277 0x00000274d6bfdd90 code [0x00000274d6bfe040, 0x00000274d6bfe808]
Event: 104.434 Thread 0x00000274ea365800 19278       2       com.android.tools.r8.internal.mp::b (46 bytes)
Event: 104.435 Thread 0x00000274ea365800 nmethod 19278 0x00000274d6bfec90 code [0x00000274d6bfee60, 0x00000274d6bff098]
Event: 104.542 Thread 0x00000274ea365800 19279       2       org.gradle.internal.execution.fingerprint.impl.DefaultInputFingerprinter$InputFingerprints::getAllValueSnapshots (12 bytes)
Event: 104.544 Thread 0x00000274ea365800 nmethod 19279 0x00000274d6bff190 code [0x00000274d6bff3a0, 0x00000274d6bff6f8]

GC Heap History (20 events):
Event: 101.578 GC heap after
{Heap after GC invocations=76 (full 0):
 garbage-first heap   total 200704K, used 150500K [0x0000000080000000, 0x0000000100000000)
  region size 1024K, 4 young (4096K), 4 survivors (4096K)
 Metaspace       used 119547K, capacity 122455K, committed 122588K, reserved 1157120K
  class space    used 14808K, capacity 15956K, committed 16032K, reserved 1048576K
}
Event: 102.309 GC heap before
{Heap before GC invocations=76 (full 0):
 garbage-first heap   total 200704K, used 166884K [0x0000000080000000, 0x0000000100000000)
  region size 1024K, 21 young (21504K), 4 survivors (4096K)
 Metaspace       used 119707K, capacity 122593K, committed 122844K, reserved 1157120K
  class space    used 14808K, capacity 15956K, committed 16032K, reserved 1048576K
}
Event: 102.345 GC heap after
{Heap after GC invocations=77 (full 0):
 garbage-first heap   total 200704K, used 159348K [0x0000000080000000, 0x0000000100000000)
  region size 1024K, 3 young (3072K), 3 survivors (3072K)
 Metaspace       used 119707K, capacity 122593K, committed 122844K, reserved 1157120K
  class space    used 14808K, capacity 15956K, committed 16032K, reserved 1048576K
}
Event: 102.542 GC heap before
{Heap before GC invocations=77 (full 0):
 garbage-first heap   total 200704K, used 168564K [0x0000000080000000, 0x0000000100000000)
  region size 1024K, 13 young (13312K), 3 survivors (3072K)
 Metaspace       used 119723K, capacity 122664K, committed 122844K, reserved 1157120K
  class space    used 14810K, capacity 15958K, committed 16032K, reserved 1048576K
}
Event: 102.565 GC heap after
{Heap after GC invocations=78 (full 0):
 garbage-first heap   total 200704K, used 165279K [0x0000000080000000, 0x0000000100000000)
  region size 1024K, 2 young (2048K), 2 survivors (2048K)
 Metaspace       used 119723K, capacity 122664K, committed 122844K, reserved 1157120K
  class space    used 14810K, capacity 15958K, committed 16032K, reserved 1048576K
}
Event: 102.700 GC heap before
{Heap before GC invocations=78 (full 0):
 garbage-first heap   total 200704K, used 172447K [0x0000000080000000, 0x0000000100000000)
  region size 1024K, 9 young (9216K), 2 survivors (2048K)
 Metaspace       used 119755K, capacity 122665K, committed 122844K, reserved 1157120K
  class space    used 14811K, capacity 15958K, committed 16032K, reserved 1048576K
}
Event: 102.715 GC heap after
{Heap after GC invocations=79 (full 0):
 garbage-first heap   total 200704K, used 169294K [0x0000000080000000, 0x0000000100000000)
  region size 1024K, 2 young (2048K), 2 survivors (2048K)
 Metaspace       used 119755K, capacity 122665K, committed 122844K, reserved 1157120K
  class space    used 14811K, capacity 15958K, committed 16032K, reserved 1048576K
}
Event: 102.936 GC heap before
{Heap before GC invocations=79 (full 0):
 garbage-first heap   total 200704K, used 176462K [0x0000000080000000, 0x0000000100000000)
  region size 1024K, 9 young (9216K), 2 survivors (2048K)
 Metaspace       used 119805K, capacity 122729K, committed 122844K, reserved 1157120K
  class space    used 14814K, capacity 15958K, committed 16032K, reserved 1048576K
}
Event: 102.949 GC heap after
{Heap after GC invocations=80 (full 0):
 garbage-first heap   total 200704K, used 172890K [0x0000000080000000, 0x0000000100000000)
  region size 1024K, 2 young (2048K), 2 survivors (2048K)
 Metaspace       used 119805K, capacity 122729K, committed 122844K, reserved 1157120K
  class space    used 14814K, capacity 15958K, committed 16032K, reserved 1048576K
}
Event: 103.167 GC heap before
{Heap before GC invocations=80 (full 0):
 garbage-first heap   total 200704K, used 180058K [0x0000000080000000, 0x0000000100000000)
  region size 1024K, 9 young (9216K), 2 survivors (2048K)
 Metaspace       used 119845K, capacity 122771K, committed 122844K, reserved 1157120K
  class space    used 14819K, capacity 15965K, committed 16032K, reserved 1048576K
}
Event: 103.181 GC heap after
{Heap after GC invocations=81 (full 0):
 garbage-first heap   total 200704K, used 176297K [0x0000000080000000, 0x0000000100000000)
  region size 1024K, 2 young (2048K), 2 survivors (2048K)
 Metaspace       used 119845K, capacity 122771K, committed 122844K, reserved 1157120K
  class space    used 14819K, capacity 15965K, committed 16032K, reserved 1048576K
}
Event: 103.430 GC heap before
{Heap before GC invocations=81 (full 0):
 garbage-first heap   total 200704K, used 183465K [0x0000000080000000, 0x0000000100000000)
  region size 1024K, 9 young (9216K), 2 survivors (2048K)
 Metaspace       used 119870K, capacity 122762K, committed 122844K, reserved 1157120K
  class space    used 14818K, capacity 15961K, committed 16032K, reserved 1048576K
}
Event: 103.449 GC heap after
{Heap after GC invocations=82 (full 0):
 garbage-first heap   total 241664K, used 179865K [0x0000000080000000, 0x0000000100000000)
  region size 1024K, 2 young (2048K), 2 survivors (2048K)
 Metaspace       used 119870K, capacity 122762K, committed 122844K, reserved 1157120K
  class space    used 14818K, capacity 15961K, committed 16032K, reserved 1048576K
}
Event: 103.808 GC heap before
{Heap before GC invocations=83 (full 0):
 garbage-first heap   total 241664K, used 195225K [0x0000000080000000, 0x0000000100000000)
  region size 1024K, 17 young (17408K), 2 survivors (2048K)
 Metaspace       used 119894K, capacity 122826K, committed 123100K, reserved 1157120K
  class space    used 14819K, capacity 15961K, committed 16032K, reserved 1048576K
}
Event: 103.837 GC heap after
{Heap after GC invocations=84 (full 0):
 garbage-first heap   total 241664K, used 188074K [0x0000000080000000, 0x0000000100000000)
  region size 1024K, 3 young (3072K), 3 survivors (3072K)
 Metaspace       used 119894K, capacity 122826K, committed 123100K, reserved 1157120K
  class space    used 14819K, capacity 15961K, committed 16032K, reserved 1048576K
}
Event: 103.956 GC heap before
{Heap before GC invocations=84 (full 0):
 garbage-first heap   total 241664K, used 196266K [0x0000000080000000, 0x0000000100000000)
  region size 1024K, 11 young (11264K), 3 survivors (3072K)
 Metaspace       used 119936K, capacity 122826K, committed 123100K, reserved 1157120K
  class space    used 14821K, capacity 15961K, committed 16032K, reserved 1048576K
}
Event: 103.990 GC heap after
{Heap after GC invocations=85 (full 0):
 garbage-first heap   total 241664K, used 188393K [0x0000000080000000, 0x0000000100000000)
  region size 1024K, 2 young (2048K), 2 survivors (2048K)
 Metaspace       used 119936K, capacity 122826K, committed 123100K, reserved 1157120K
  class space    used 14821K, capacity 15961K, committed 16032K, reserved 1048576K
}
Event: 104.209 GC heap before
{Heap before GC invocations=85 (full 0):
 garbage-first heap   total 241664K, used 199657K [0x0000000080000000, 0x0000000100000000)
  region size 1024K, 14 young (14336K), 2 survivors (2048K)
 Metaspace       used 120091K, capacity 123050K, committed 123100K, reserved 1157120K
  class space    used 14843K, capacity 15993K, committed 16032K, reserved 1048576K
}
Event: 104.235 GC heap after
{Heap after GC invocations=86 (full 0):
 garbage-first heap   total 241664K, used 194560K [0x0000000080000000, 0x0000000100000000)
  region size 1024K, 2 young (2048K), 2 survivors (2048K)
 Metaspace       used 120091K, capacity 123050K, committed 123100K, reserved 1157120K
  class space    used 14843K, capacity 15993K, committed 16032K, reserved 1048576K
}
Event: 104.566 GC heap before
{Heap before GC invocations=86 (full 0):
 garbage-first heap   total 241664K, used 204800K [0x0000000080000000, 0x0000000100000000)
  region size 1024K, 12 young (12288K), 2 survivors (2048K)
 Metaspace       used 120169K, capacity 123071K, committed 123356K, reserved 1157120K
  class space    used 14859K, capacity 16002K, committed 16032K, reserved 1048576K
}

Deoptimization events (20 events):
Event: 103.464 Thread 0x00000274f2671800 DEOPT PACKING pc=0x00000274d6aff08c sp=0x000000a2d29fe800
Event: 103.464 Thread 0x00000274f2671800 DEOPT UNPACKING pc=0x00000274d3b1a95e sp=0x000000a2d29fde40 mode 0
Event: 103.491 Thread 0x00000274f2670000 DEOPT PACKING pc=0x00000274d6aff08c sp=0x000000a2d2afec30
Event: 103.491 Thread 0x00000274f2670000 DEOPT UNPACKING pc=0x00000274d3b1a95e sp=0x000000a2d2afe270 mode 0
Event: 103.493 Thread 0x00000274f2670000 Uncommon trap: trap_request=0xfffffff4 fr.pc=0x00000274dc06470c relative=0x000000000000548c
Event: 103.493 Thread 0x00000274f2670000 Uncommon trap: reason=null_check action=make_not_entrant pc=0x00000274dc06470c method=com.android.tools.r8.dex.i.a(I[Lcom/android/tools/r8/code/w1;)Lcom/android/tools/r8/graph/a0; @ 11 c2
Event: 103.493 Thread 0x00000274f2670000 DEOPT PACKING pc=0x00000274dc06470c sp=0x000000a2d2afed90
Event: 103.493 Thread 0x00000274f2670000 DEOPT UNPACKING pc=0x00000274d3b1a1af sp=0x000000a2d2afece8 mode 2
Event: 104.273 Thread 0x00000274f2670000 Uncommon trap: trap_request=0xffffff4d fr.pc=0x00000274dc06d7b0 relative=0x00000000000044b0
Event: 104.273 Thread 0x00000274f2670000 Uncommon trap: reason=unstable_if action=reinterpret pc=0x00000274dc06d7b0 method=com.android.tools.r8.dex.i.a(Z)Lcom/android/tools/r8/graph/a0; @ 19 c2
Event: 104.273 Thread 0x00000274f2670000 DEOPT PACKING pc=0x00000274dc06d7b0 sp=0x000000a2d2afe9a0
Event: 104.273 Thread 0x00000274f2670000 DEOPT UNPACKING pc=0x00000274d3b1a1af sp=0x000000a2d2afe9b8 mode 2
Event: 104.448 Thread 0x00000274eea27000 Uncommon trap: trap_request=0xffffffde fr.pc=0x00000274dbef8f40 relative=0x0000000000000760
Event: 104.448 Thread 0x00000274eea27000 Uncommon trap: reason=class_check action=maybe_recompile pc=0x00000274dbef8f40 method=java.security.MessageDigest$Delegate.clone()Ljava/lang/Object; @ 4 c2
Event: 104.448 Thread 0x00000274eea27000 DEOPT PACKING pc=0x00000274dbef8f40 sp=0x000000a2cc0fca20
Event: 104.448 Thread 0x00000274eea27000 DEOPT UNPACKING pc=0x00000274d3b1a1af sp=0x000000a2cc0fc9f0 mode 2
Event: 104.464 Thread 0x00000274eea27000 Uncommon trap: trap_request=0xffffffde fr.pc=0x00000274dbef8f40 relative=0x0000000000000760
Event: 104.465 Thread 0x00000274eea27000 Uncommon trap: reason=class_check action=maybe_recompile pc=0x00000274dbef8f40 method=java.security.MessageDigest$Delegate.clone()Ljava/lang/Object; @ 4 c2
Event: 104.465 Thread 0x00000274eea27000 DEOPT PACKING pc=0x00000274dbef8f40 sp=0x000000a2cc0fd510
Event: 104.465 Thread 0x00000274eea27000 DEOPT UNPACKING pc=0x00000274d3b1a1af sp=0x000000a2cc0fd4e0 mode 2

Classes redefined (0 events):
No events

Internal exceptions (20 events):
Event: 98.724 Thread 0x00000274eea1b800 Exception <a 'java/lang/NoSuchMethodError'{0x0000000088b935b8}: <clinit>> (0x0000000088b935b8) thrown at [./src/hotspot/share/prims/jni.cpp, line 1366]
Event: 98.725 Thread 0x00000274eea1b800 Exception <a 'java/lang/NoSuchMethodError'{0x0000000088b951a0}: <clinit>> (0x0000000088b951a0) thrown at [./src/hotspot/share/prims/jni.cpp, line 1366]
Event: 98.907 Thread 0x00000274eea27000 Exception <a 'sun/nio/fs/WindowsException'{0x00000000889efdf0}> (0x00000000889efdf0) thrown at [./src/hotspot/share/prims/jni.cpp, line 616]
Event: 102.655 Thread 0x00000274eea1b800 Exception <a 'sun/nio/fs/WindowsException'{0x000000008bcab370}> (0x000000008bcab370) thrown at [./src/hotspot/share/prims/jni.cpp, line 616]
Event: 102.655 Thread 0x00000274eea1b800 Exception <a 'sun/nio/fs/WindowsException'{0x000000008bcac710}> (0x000000008bcac710) thrown at [./src/hotspot/share/prims/jni.cpp, line 616]
Event: 102.656 Thread 0x00000274eea1b800 Exception <a 'sun/nio/fs/WindowsException'{0x000000008bcaca88}> (0x000000008bcaca88) thrown at [./src/hotspot/share/prims/jni.cpp, line 616]
Event: 102.657 Thread 0x00000274eea1b800 Exception <a 'sun/nio/fs/WindowsException'{0x000000008bcae0b0}> (0x000000008bcae0b0) thrown at [./src/hotspot/share/prims/jni.cpp, line 616]
Event: 102.657 Thread 0x00000274eea1b800 Exception <a 'sun/nio/fs/WindowsException'{0x000000008bcae3f0}> (0x000000008bcae3f0) thrown at [./src/hotspot/share/prims/jni.cpp, line 616]
Event: 102.657 Thread 0x00000274eea1b800 Exception <a 'sun/nio/fs/WindowsException'{0x000000008bcafa10}> (0x000000008bcafa10) thrown at [./src/hotspot/share/prims/jni.cpp, line 616]
Event: 102.658 Thread 0x00000274eea1b800 Exception <a 'sun/nio/fs/WindowsException'{0x000000008bcafcf0}> (0x000000008bcafcf0) thrown at [./src/hotspot/share/prims/jni.cpp, line 616]
Event: 102.658 Thread 0x00000274eea1b800 Exception <a 'sun/nio/fs/WindowsException'{0x000000008bcb0fc8}> (0x000000008bcb0fc8) thrown at [./src/hotspot/share/prims/jni.cpp, line 616]
Event: 102.658 Thread 0x00000274eea1b800 Exception <a 'sun/nio/fs/WindowsException'{0x000000008bcb15e8}> (0x000000008bcb15e8) thrown at [./src/hotspot/share/prims/jni.cpp, line 616]
Event: 103.067 Thread 0x00000274eea1b800 Exception <a 'java/lang/NoSuchMethodError'{0x000000008be693f0}: <clinit>> (0x000000008be693f0) thrown at [./src/hotspot/share/prims/jni.cpp, line 1366]
Event: 103.136 Thread 0x00000274eea1b800 Exception <a 'java/lang/NoSuchMethodError'{0x000000008bc7da90}: <clinit>> (0x000000008bc7da90) thrown at [./src/hotspot/share/prims/jni.cpp, line 1366]
Event: 103.140 Thread 0x00000274eea1b800 Exception <a 'java/lang/NoSuchMethodError'{0x000000008bc936f0}: <clinit>> (0x000000008bc936f0) thrown at [./src/hotspot/share/prims/jni.cpp, line 1366]
Event: 103.493 Thread 0x00000274f2670000 Implicit null exception at 0x00000274dc05ff9f to 0x00000274dc06469c
Event: 104.265 Thread 0x00000274f2675800 Exception <a 'java/lang/NoSuchMethodError'{0x000000008e9d8630}: 'void java.lang.invoke.DirectMethodHandle$Holder.invokeStatic(java.lang.Object, long)'> (0x000000008e9d8630) thrown at [./src/hotspot/share/interpreter/linkResolver.cpp, line 773]
Event: 104.271 Thread 0x00000274f2675800 Exception <a 'java/lang/NoSuchMethodError'{0x000000008e83c368}: 'java.lang.Object java.lang.invoke.DirectMethodHandle$Holder.invokeStaticInit(java.lang.Object, java.lang.Object, long, java.lang.Object)'> (0x000000008e83c368) thrown at [./src/hotspot/share/interpreter/linkResolver.cpp, line 773]
Event: 104.272 Thread 0x00000274f2675800 Exception <a 'java/lang/NoSuchMethodError'{0x000000008e8508b0}: 'java.lang.Object java.lang.invoke.DirectMethodHandle$Holder.invokeStatic(java.lang.Object, java.lang.Object, long)'> (0x000000008e8508b0) thrown at [./src/hotspot/share/interpreter/linkResolver.cpp, line 773]
Event: 104.274 Thread 0x00000274f2675800 Exception <a 'java/lang/NoSuchMethodError'{0x000000008e872c78}: 'java.lang.Object java.lang.invoke.Invokers$Holder.linkToTargetMethod(java.lang.Object, long, java.lang.Object)'> (0x000000008e872c78) thrown at [./src/hotspot/share/interpreter/linkResolver.cpp, line 773]

Events (20 events):
Event: 104.443 loading class com/android/tools/r8/internal/in done
Event: 104.444 loading class com/android/tools/r8/internal/dn
Event: 104.444 loading class com/android/tools/r8/internal/dn done
Event: 104.444 loading class com/android/tools/r8/internal/XE
Event: 104.444 loading class com/android/tools/r8/internal/XE done
Event: 104.445 loading class com/android/tools/r8/internal/u
Event: 104.445 loading class com/android/tools/r8/internal/u done
Event: 104.446 loading class com/android/tools/r8/internal/fn
Event: 104.446 loading class com/android/tools/r8/internal/fn done
Event: 104.448 loading class com/android/tools/r8/internal/WE
Event: 104.448 loading class com/android/tools/r8/internal/WE done
Event: 104.454 loading class com/android/tools/r8/internal/p
Event: 104.454 loading class com/android/tools/r8/internal/p done
Event: 104.456 loading class com/android/tools/r8/internal/v
Event: 104.456 loading class com/android/tools/r8/internal/v done
Event: 104.462 loading class com/android/tools/r8/internal/an
Event: 104.462 loading class com/android/tools/r8/internal/an done
Event: 104.463 loading class com/android/tools/r8/internal/Zm
Event: 104.463 loading class com/android/tools/r8/internal/Zm done
Event: 104.545 Executing VM operation: G1CollectForAllocation


Dynamic libraries:
0x00007ff7f3600000 - 0x00007ff7f360a000 	C:\Program Files\Android\Android Studio1\jre\bin\java.exe
0x00007ff8dcdd0000 - 0x00007ff8dcfc8000 	C:\WINDOWS\SYSTEM32\ntdll.dll
0x00007ff8dbfa0000 - 0x00007ff8dc05d000 	C:\WINDOWS\System32\KERNEL32.DLL
0x00007ff8dab30000 - 0x00007ff8dadfe000 	C:\WINDOWS\System32\KERNELBASE.dll
0x00007ff8da6a0000 - 0x00007ff8da7a0000 	C:\WINDOWS\System32\ucrtbase.dll
0x00007ff8d7d40000 - 0x00007ff8d7d59000 	C:\Program Files\Android\Android Studio1\jre\bin\jli.dll
0x00007ff8dc0c0000 - 0x00007ff8dc260000 	C:\WINDOWS\System32\USER32.dll
0x00007ff8dae00000 - 0x00007ff8dae22000 	C:\WINDOWS\System32\win32u.dll
0x00007ff8dbf60000 - 0x00007ff8dbf8a000 	C:\WINDOWS\System32\GDI32.dll
0x00007ff8da980000 - 0x00007ff8daa8b000 	C:\WINDOWS\System32\gdi32full.dll
0x00007ff8d1ba0000 - 0x00007ff8d1bb7000 	C:\Program Files\Android\Android Studio1\jre\bin\VCRUNTIME140.dll
0x00007ff8da7a0000 - 0x00007ff8da83d000 	C:\WINDOWS\System32\msvcp_win.dll
0x00007ff8c7e00000 - 0x00007ff8c809a000 	C:\WINDOWS\WinSxS\amd64_microsoft.windows.common-controls_6595b64144ccf1df_6.0.19041.1110_none_60b5254171f9507e\COMCTL32.dll
0x00007ff8dcc70000 - 0x00007ff8dcd0e000 	C:\WINDOWS\System32\msvcrt.dll
0x00007ff8db000000 - 0x00007ff8db030000 	C:\WINDOWS\System32\IMM32.DLL
0x00007ff8af990000 - 0x00007ff8afa2d000 	C:\Program Files\Android\Android Studio1\jre\bin\msvcp140.dll
0x00007ff8b03f0000 - 0x00007ff8b0ef2000 	C:\Program Files\Android\Android Studio1\jre\bin\server\jvm.dll
0x00007ff8db270000 - 0x00007ff8db31e000 	C:\WINDOWS\System32\ADVAPI32.dll
0x00007ff8dc480000 - 0x00007ff8dc51c000 	C:\WINDOWS\System32\sechost.dll
0x00007ff8dbe20000 - 0x00007ff8dbf45000 	C:\WINDOWS\System32\RPCRT4.dll
0x00007ff8dbf90000 - 0x00007ff8dbf98000 	C:\WINDOWS\System32\PSAPI.DLL
0x00007ff8d7d30000 - 0x00007ff8d7d39000 	C:\WINDOWS\SYSTEM32\WSOCK32.dll
0x00007ff8db820000 - 0x00007ff8db88b000 	C:\WINDOWS\System32\WS2_32.dll
0x00007ff8d13d0000 - 0x00007ff8d13da000 	C:\WINDOWS\SYSTEM32\VERSION.dll
0x00007ff8d13e0000 - 0x00007ff8d1407000 	C:\WINDOWS\SYSTEM32\WINMM.dll
0x00007ff8d83a0000 - 0x00007ff8d83b2000 	C:\WINDOWS\SYSTEM32\kernel.appcore.dll
0x00007ff8d1690000 - 0x00007ff8d16a1000 	C:\Program Files\Android\Android Studio1\jre\bin\verify.dll
0x00007ff8cbd70000 - 0x00007ff8cbf54000 	C:\WINDOWS\SYSTEM32\DBGHELP.DLL
0x00007ff8cbd30000 - 0x00007ff8cbd5c000 	C:\WINDOWS\SYSTEM32\dbgcore.DLL
0x00007ff8da840000 - 0x00007ff8da8c2000 	C:\WINDOWS\System32\bcryptPrimitives.dll
0x00007ff8d1660000 - 0x00007ff8d1689000 	C:\Program Files\Android\Android Studio1\jre\bin\java.dll
0x00007ff8d1650000 - 0x00007ff8d165b000 	C:\Program Files\Android\Android Studio1\jre\bin\jimage.dll
0x00007ff8c69b0000 - 0x00007ff8c69c8000 	C:\Program Files\Android\Android Studio1\jre\bin\zip.dll
0x00007ff8dc520000 - 0x00007ff8dcc63000 	C:\WINDOWS\System32\SHELL32.dll
0x00007ff8d85a0000 - 0x00007ff8d8d35000 	C:\WINDOWS\SYSTEM32\windows.storage.dll
0x00007ff8db320000 - 0x00007ff8db674000 	C:\WINDOWS\System32\combase.dll
0x00007ff8d9da0000 - 0x00007ff8d9dd0000 	C:\WINDOWS\SYSTEM32\Wldp.dll
0x00007ff8db030000 - 0x00007ff8db0dd000 	C:\WINDOWS\System32\SHCORE.dll
0x00007ff8db0e0000 - 0x00007ff8db135000 	C:\WINDOWS\System32\shlwapi.dll
0x00007ff8da430000 - 0x00007ff8da44f000 	C:\WINDOWS\SYSTEM32\profapi.dll
0x00007ff8c3cb0000 - 0x00007ff8c3cca000 	C:\Program Files\Android\Android Studio1\jre\bin\net.dll
0x00007ff8cea70000 - 0x00007ff8ceb7a000 	C:\WINDOWS\SYSTEM32\WINHTTP.dll
0x00007ff8d9b80000 - 0x00007ff8d9bea000 	C:\WINDOWS\system32\mswsock.dll
0x00007ff8c3c90000 - 0x00007ff8c3ca4000 	C:\Program Files\Android\Android Studio1\jre\bin\nio.dll
0x00007ff8d1b20000 - 0x00007ff8d1b47000 	C:\Users\acer\.gradle\native\e1d6ef7f7dcc3fd88c89a11ec53ec762bb8ba0a96d01ffa2cd45eb1d1d8dd5c5\windows-amd64\native-platform.dll
0x00007ff8b1b00000 - 0x00007ff8b1c44000 	C:\Users\acer\.gradle\native\0d407fdbe67a94daf76414ababcb853783967236a71b16ec16e742cd7a986fd3\windows-amd64\native-platform-file-events.dll
0x00007ff8c3380000 - 0x00007ff8c338a000 	C:\Program Files\Android\Android Studio1\jre\bin\management.dll
0x00007ff8c3190000 - 0x00007ff8c319d000 	C:\Program Files\Android\Android Studio1\jre\bin\management_ext.dll
0x00007ff8d9de0000 - 0x00007ff8d9df8000 	C:\WINDOWS\SYSTEM32\CRYPTSP.dll
0x00007ff8d9520000 - 0x00007ff8d9554000 	C:\WINDOWS\system32\rsaenh.dll
0x00007ff8dab00000 - 0x00007ff8dab27000 	C:\WINDOWS\System32\bcrypt.dll
0x00007ff8da3f0000 - 0x00007ff8da41e000 	C:\WINDOWS\SYSTEM32\USERENV.dll
0x00007ff8d9d10000 - 0x00007ff8d9d1c000 	C:\WINDOWS\SYSTEM32\CRYPTBASE.dll
0x00007ff8d9890000 - 0x00007ff8d98cb000 	C:\WINDOWS\SYSTEM32\IPHLPAPI.DLL
0x00007ff8dbf50000 - 0x00007ff8dbf58000 	C:\WINDOWS\System32\NSI.dll
0x00007ff8d0c10000 - 0x00007ff8d0c27000 	C:\WINDOWS\SYSTEM32\dhcpcsvc6.DLL
0x00007ff8ceb80000 - 0x00007ff8ceb9d000 	C:\WINDOWS\SYSTEM32\dhcpcsvc.DLL
0x00007ff8d98d0000 - 0x00007ff8d999a000 	C:\WINDOWS\SYSTEM32\DNSAPI.dll
0x00007ff8d91b0000 - 0x00007ff8d91e3000 	C:\WINDOWS\SYSTEM32\ntmarta.dll

dbghelp: loaded successfully - version: 4.0.5 - missing functions: none
symbol engine: initialized successfully - sym options: 0x614 - pdb path: .;C:\Program Files\Android\Android Studio1\jre\bin;C:\WINDOWS\SYSTEM32;C:\WINDOWS\WinSxS\amd64_microsoft.windows.common-controls_6595b64144ccf1df_6.0.19041.1110_none_60b5254171f9507e;C:\Program Files\Android\Android Studio1\jre\bin\server;C:\Users\acer\.gradle\native\e1d6ef7f7dcc3fd88c89a11ec53ec762bb8ba0a96d01ffa2cd45eb1d1d8dd5c5\windows-amd64;C:\Users\acer\.gradle\native\0d407fdbe67a94daf76414ababcb853783967236a71b16ec16e742cd7a986fd3\windows-amd64

VM Arguments:
jvm_args: --add-opens=java.base/java.util=ALL-UNNAMED --add-opens=java.base/java.lang=ALL-UNNAMED --add-opens=java.base/java.lang.invoke=ALL-UNNAMED --add-opens=java.base/java.util=ALL-UNNAMED --add-opens=java.prefs/java.util.prefs=ALL-UNNAMED --add-opens=java.prefs/java.util.prefs=ALL-UNNAMED --add-opens=java.base/java.nio.charset=ALL-UNNAMED --add-opens=java.base/java.net=ALL-UNNAMED --add-opens=java.base/java.util.concurrent.atomic=ALL-UNNAMED -Xmx2048m -Dfile.encoding=UTF-8 -Duser.country=IN -Duser.language=en -Duser.variant 
java_command: org.gradle.launcher.daemon.bootstrap.GradleDaemon 7.4
java_class_path (initial): C:\Users\acer\.gradle\wrapper\dists\gradle-7.4-bin\c0gwcg53nkjbqw7r0h0umtfvt\gradle-7.4\lib\gradle-launcher-7.4.jar
Launcher Type: SUN_STANDARD

[Global flags]
     intx CICompilerCount                          = 3                                         {product} {ergonomic}
     uint ConcGCThreads                            = 1                                         {product} {ergonomic}
     uint G1ConcRefinementThreads                  = 4                                         {product} {ergonomic}
   size_t G1HeapRegionSize                         = 1048576                                   {product} {ergonomic}
    uintx GCDrainStackTargetSize                   = 64                                        {product} {ergonomic}
   size_t InitialHeapSize                          = 117440512                                 {product} {ergonomic}
   size_t MarkStackSize                            = 4194304                                   {product} {ergonomic}
   size_t MaxHeapSize                              = 2147483648                                {product} {command line}
   size_t MaxNewSize                               = 1287651328                                {product} {ergonomic}
   size_t MinHeapDeltaBytes                        = 1048576                                   {product} {ergonomic}
    uintx NonNMethodCodeHeapSize                   = 5830732                                {pd product} {ergonomic}
    uintx NonProfiledCodeHeapSize                  = 122913754                              {pd product} {ergonomic}
    uintx ProfiledCodeHeapSize                     = 122913754                              {pd product} {ergonomic}
    uintx ReservedCodeCacheSize                    = 251658240                              {pd product} {ergonomic}
     bool SegmentedCodeCache                       = true                                      {product} {ergonomic}
     bool UseCompressedClassPointers               = true                                 {lp64_product} {ergonomic}
     bool UseCompressedOops                        = true                                 {lp64_product} {ergonomic}
     bool UseG1GC                                  = true                                      {product} {ergonomic}
     bool UseLargePagesIndividualAllocation        = false                                  {pd product} {ergonomic}

Logging:
Log output configuration:
 #0: stdout all=warning uptime,level,tags
 #1: stderr all=off uptime,level,tags

Environment Variables:
PATH=C:\Program Files\Common Files\Oracle\Java\javapath;C:\WINDOWS\system32;C:\WINDOWS;C:\WINDOWS\System32\Wbem;C:\WINDOWS\System32\WindowsPowerShell\v1.0\;C:\WINDOWS\System32\OpenSSH\;C:\Program Files\nodejs\;C:\Program Files\nodejs;C:\Users\acer\AppData\Local\Microsoft\WindowsApps;C:\Program Files\JetBrains\PyCharm Community Edition 2021.2.2\bin;;C:\Users\acer\AppData\Local\Programs\Microsoft VS Code\bin;C:\Users\acer\AppData\Roaming\npm;C:\Program Files\nodejs;;C:\Program Files\JetBrains\IntelliJ IDEA Community Edition 2022.2.1\bin;
USERNAME=shergill
OS=Windows_NT
PROCESSOR_IDENTIFIER=AMD64 Family 22 Model 48 Stepping 1, AuthenticAMD



---------------  S Y S T E M  ---------------

OS: Windows 10 , 64 bit Build 19041 (10.0.19041.1889)
OS uptime: 0 days 11:19 hours
Hyper-V role detected

CPU:total 4 (initial active 4) (4 cores per cpu, 1 threads per core) family 22 model 48 stepping 1 microcode 0x0, cmov, cx8, fxsr, mmx, sse, sse2, sse3, ssse3, sse4.1, sse4.2, popcnt, avx, aes, clmul, mmxext, 3dnowpref, lzcnt, sse4a, tsc, tscinvbit, tscinv, bmi1

Memory: 4k page, system-wide physical 7094M (539M free)
TotalPageFile size 8459M (AvailPageFile size 99M)
current process WorkingSet (physical memory assigned to process): 570M, peak: 571M
current process commit charge ("private bytes"): 619M, peak: 785M

vm_info: OpenJDK 64-Bit Server VM (11.0.13+0-b1751.21-8125866) for windows-amd64 JRE (11.0.13+0-b1751.21-8125866), built on Feb  2 2022 03:00:22 by "builder" with MS VC++ 14.0 (VS2015)

END.
